[2022.11.30-20.23.15:744][  0]Log file open, 11/30/22 20:23:15
[2022.11.30-20.23.15:744][  0]LogInit:Display: Running engine for game: Hivemind
[2022.11.30-20.23.15:744][  0]LogPlatformFile: Not using cached read wrapper
[2022.11.30-20.23.15:744][  0]LogInit:Display: RandInit(1592291674) SRandInit(1592291688).
[2022.11.30-20.23.15:744][  0]LogTaskGraph: Started task graph with 4 named threads and 6 total threads.
[2022.11.30-20.23.15:744][  0]LogStats: Stats thread started at 0.126258
[2022.11.30-20.23.15:744][  0]LogInit: Version: 4.10.4-2872498+++depot+UE4-Releases+4.10
[2022.11.30-20.23.15:744][  0]LogInit: API Version: 2758231
[2022.11.30-20.23.15:744][  0]LogInit: Compiled (64-bit): Feb 18 2016 15:47:04
[2022.11.30-20.23.15:744][  0]LogInit: Compiled with Visual C++: 19.00.23026.00
[2022.11.30-20.23.15:744][  0]LogInit: Build Configuration: Development
[2022.11.30-20.23.15:744][  0]LogInit: Branch Name: ++depot+UE4-Releases+4.10
[2022.11.30-20.23.15:744][  0]LogInit: Command line:  /Temp/Autosaves/Game/Scenes/UEDPCScene01 -game -PIEVIACONSOLE -ResX=1280 -ResY=720  -Multiprocess 
[2022.11.30-20.23.15:744][  0]LogInit: Base directory: E:/UE_4.10/Engine/Binaries/Win64/
[2022.11.30-20.23.15:744][  0]LogInit: Rocket: 1
[2022.11.30-20.23.15:755][  0]LogInit: Using libcurl 7.41.0
[2022.11.30-20.23.15:755][  0]LogInit:  - built for x86_64-pc-win32
[2022.11.30-20.23.15:755][  0]LogInit:  - supports SSL with WinSSL
[2022.11.30-20.23.15:755][  0]LogInit:  - other features:
[2022.11.30-20.23.15:755][  0]LogInit:      CURL_VERSION_SSL
[2022.11.30-20.23.15:755][  0]LogInit:      CURL_VERSION_IPV6
[2022.11.30-20.23.15:755][  0]LogInit:      CURL_VERSION_ASYNCHDNS
[2022.11.30-20.23.15:755][  0]LogInit:      CURL_VERSION_LARGEFILE
[2022.11.30-20.23.15:755][  0]LogInit:      CURL_VERSION_IDN
[2022.11.30-20.23.15:756][  0]LogInit:  CurlRequestOptions (configurable via config and command line):
[2022.11.30-20.23.15:756][  0]LogInit:  - bVerifyPeer = true  - Libcurl will verify peer certificate
[2022.11.30-20.23.15:756][  0]LogInit:  - bUseHttpProxy = false  - Libcurl will NOT use HTTP proxy
[2022.11.30-20.23.15:756][  0]LogInit:  - bDontReuseConnections = false  - Libcurl will reuse connections
[2022.11.30-20.23.15:756][  0]LogInit:  - CertBundlePath = nullptr  - Libcurl will use whatever was configured at build time.
[2022.11.30-20.23.15:768][  0]LogInit: Presizing for 0 objects not considered by GC, pre-allocating 0 bytes.
[2022.11.30-20.23.15:780][  0]LogInit: Object subsystem initialized
[2022.11.30-20.23.15:781][  0]LogInit: Selected Device Profile: [Windows]
[2022.11.30-20.23.15:781][  0]LogInit: Applying CVar settings loaded from the selected device profile: [Windows]
[2022.11.30-20.23.15:787][  0]LogInit: Computer: DESKTOP-15OBU63
[2022.11.30-20.23.15:787][  0]LogInit: User: Adit
[2022.11.30-20.23.15:787][  0]LogInit: CPU Page size=4096, Cores=3
[2022.11.30-20.23.15:787][  0]LogInit: High frequency timer resolution =14.318180 MHz
[2022.11.30-20.23.15:788][  0]LogMemory: Memory total: Physical=8.0GB (8GB approx)
[2022.11.30-20.23.15:788][  0]LogMemory: Platform Memory Stats for Windows
[2022.11.30-20.23.15:788][  0]LogMemory: Process Physical Memory: 59.30 MB used, 59.30 MB peak
[2022.11.30-20.23.15:788][  0]LogMemory: Process Virtual Memory: 57.65 MB used, 57.65 MB peak
[2022.11.30-20.23.15:788][  0]LogMemory: Physical Memory: 4548.09 MB used, 8149.86 MB total
[2022.11.30-20.23.15:788][  0]LogMemory: Virtual Memory: 4504.57 MB used, 134217728.00 MB total
[2022.11.30-20.23.15:846][  0]LogTextLocalizationManager: No specific translations for ('en-GB') exist, so ('en') translations will be used.
[2022.11.30-20.23.16:762][  0]LogD3D11RHI: Found D3D11 adapter 0: NVIDIA GeForce GTX 1060 6GB (Feature Level 11_0)
[2022.11.30-20.23.16:762][  0]LogD3D11RHI: Adapter has 6052MB of dedicated video memory, 0MB of dedicated system memory, and 4074MB of shared system memory, 1 output[s]
[2022.11.30-20.23.16:768][  0]LogD3D11RHI: Found D3D11 adapter 1: Microsoft Basic Render Driver (Feature Level