[2022.12.03-15.20.55:982][  0]Log file open, 12/03/22 15:20:55
[2022.12.03-15.20.55:982][  0]LogInit:Display: Running engine for game: Hivemind
[2022.12.03-15.20.55:982][  0]LogPlatformFile: Not using cached read wrapper
[2022.12.03-15.20.55:982][  0]LogInit:Display: RandInit(-52210835) SRandInit(-52210814).
[2022.12.03-15.20.55:982][  0]LogTaskGraph: Started task graph with 4 named threads and 6 total threads.
[2022.12.03-15.20.55:982][  0]LogStats: Stats thread started at 0.106834
[2022.12.03-15.20.55:982][  0]LogInit: Version: 4.10.4-2872498+++depot+UE4-Releases+4.10
[2022.12.03-15.20.55:982][  0]LogInit: API Version: 2758231
[2022.12.03-15.20.55:982][  0]LogInit: Compiled (64-bit): Feb 18 2016 15:47:04
[2022.12.03-15.20.55:982][  0]LogInit: Compiled with Visual C++: 19.00.23026.00
[2022.12.03-15.20.55:982][  0]LogInit: Build Configuration: Development
[2022.12.03-15.20.55:982][  0]LogInit: Branch Name: ++depot+UE4-Releases+4.10
[2022.12.03-15.20.55:982][  0]LogInit: Command line: -EpicPortal  -epicusername="KJGaming" -epicuserid=d9f35ac369304d40a1c5cf6ee03e4b45 -epiclocale=en -epicsandboxid=ue
[2022.12.03-15.20.55:982][  0]LogInit: Base directory: E:/UE_4.10/Engine/Binaries/Win64/
[2022.12.03-15.20.55:982][  0]LogInit: Rocket: 1
[2022.12.03-15.20.55:993][  0]LogInit: Using libcurl 7.41.0
[2022.12.03-15.20.55:993][  0]LogInit:  - built for x86_64-pc-win32
[2022.12.03-15.20.55:993][  0]LogInit:  - supports SSL with WinSSL
[2022.12.03-15.20.55:993][  0]LogInit:  - other features:
[2022.12.03-15.20.55:993][  0]LogInit:      CURL_VERSION_SSL
[2022.12.03-15.20.55:993][  0]LogInit:      CURL_VERSION_IPV6
[2022.12.03-15.20.55:993][  0]LogInit:      CURL_VERSION_ASYNCHDNS
[2022.12.03-15.20.55:993][  0]LogInit:      CURL_VERSION_LARGEFILE
[2022.12.03-15.20.55:993][  0]LogInit:      CURL_VERSION_IDN
[2022.12.03-15.20.55:993][  0]LogInit:  CurlRequestOptions (configurable via config and command line):
[2022.12.03-15.20.55:993][  0]LogInit:  - bVerifyPeer = true  - Libcurl will verify peer certificate
[2022.12.03-15.20.55:993][  0]LogInit:  - bUseHttpProxy = false  - Libcurl will NOT use HTTP proxy
[2022.12.03-15.20.55:993][  0]LogInit:  - bDontReuseConnections = false  - Libcurl will reuse connections
[2022.12.03-15.20.55:993][  0]LogInit:  - CertBundlePath = nullptr  - Libcurl will use whatever was configured at build time.
[2022.12.03-15.20.56:003][  0]LogInit: Presizing for 0 objects not considered by GC, pre-allocating 0 bytes.
[2022.12.03-15.20.56:012][  0]LogInit: Object subsystem initialized
[2022.12.03-15.20.56:013][  0]LogInit: Selected Device Profile: [Windows]
[2022.12.03-15.20.56:013][  0]LogInit: Applying CVar settings loaded from the selected device profile: [Windows]
[2022.12.03-15.20.56:025][  0]LogInit: Computer: DESKTOP-15OBU63
[2022.12.03-15.20.56:025][  0]LogInit: User: Adit
[2022.12.03-15.20.56:025][  0]LogInit: CPU Page size=4096, Cores=3
[2022.12.03-15.20.56:025][  0]LogInit: High frequency timer resolution =14.318180 MHz
[2022.12.03-15.20.56:026][  0]LogMemory: Memory total: Physical=8.0GB (8GB approx)
[2022.12.03-15.20.56:026][  0]LogMemory: Platform Memory Stats for Windows
[2022.12.03-15.20.56:026][  0]LogMemory: Process Physical Memory: 57.21 MB used, 57.22 MB peak
[2022.12.03-15.20.56:026][  0]LogMemory: Process Virtual Memory: 57.58 MB used, 57.58 MB peak
[2022.12.03-15.20.56:026][  0]LogMemory: Physical Memory: 4801.50 MB used, 8149.86 MB total
[2022.12.03-15.20.56:026][  0]LogMemory: Virtual Memory: 4504.00 MB used, 134217728.00 MB total
[2022.12.03-15.20.56:071][  0]LogTextLocalizationManager: No specific translations for ('en-GB') exist, so ('en') translations will be used.
[2022.12.03-15.20.56:835][  0]LogD3D11RHI: Found D3D11 adapter 0: NVIDIA GeForce GTX 1060 6GB (Feature Level 11_0)
[2022.12.03-15.20.56:835][  0]LogD3D11RHI: Adapter has 6052MB of dedicated video memory, 0MB of dedicated system memory, and 4074MB of shared system memory, 1 output[s]
[2022.12.03-15.20.56:838][  0]LogD3D11RHI: Found D3D11 adapter 1: Microsoft Basic Render Driver (Feature Level 11_0)
[2022.12.03-15.20.56:839][  0]LogD3D11RHI: Adapter has 0MB of dedicated video memory, 0MB of dedicated system memory, and 4074MB of shared system memory, 0 output[s]
[2022.12.03-15.20.56:839][  0]LogD3D11RHI: Chosen D3D11 Adapter Id = 0
[2022.12.03-15.20.56:848][  0]LogD3D11RHI: !Direct3DDevice
[2022.12.03-15.20.56:848][  0]LogRHI: Texture pool is 1361 MB (70% of 1945 MB)
[2022.12.03-15.20.56:942][  0]LogD3D11RHI: Async texture creation enabled
[2022.12.03-15.20.56:957][  0]LogShaderCompilers: Guid format shader working directory is 16 characters bigger than the processId version (../../../../Hivemind/Hivemind/Intermediate/Shaders/WorkingDirectory/2016/).
[2022.12.03-15.20.56:957][  0]LogShaderCompilers: Cleaned the shader compiler working directory 'C:/Users/Adit/AppData/Local/Temp/UnrealShaderWorkingDir/D7ABB1CD410400E24134DCAAF1236959/'.
[2022.12.03-15.20.56:957][  0]LogShaderCompilers:Display: Using Local Shader Compiler.
[2022.12.03-15.20.58:379][  0]LogTemp:Display: Loaded TP AllDesktopTargetPlatform
[2022.12.03-15.20.58:385][  0]LogTemp:Display: Loaded TP WindowsClientTargetPlatform
[2022.12.03-15.20.58:391][  0]LogTemp:Display: Loaded TP WindowsNoEditorTargetPlatform
[2022.12.03-15.20.58:397][  0]LogTemp:Display: Loaded TP WindowsServerTargetPlatform
[2022.12.03-15.20.58:403][  0]LogTemp:Display: Loaded TP WindowsTargetPlatform
[2022.12.03-15.20.58:407][  0]LogTemp:Display: Loaded TP AndroidTargetPlatform
[2022.12.03-15.20.58:412][  0]LogTemp:Display: Loaded TP Android_ASTCTargetPlatform
[2022.12.03-15.20.58:416][  0]LogTemp:Display: Loaded TP Android_ATCTargetPlatform
[2022.12.03-15.20.58:421][  0]LogTemp:Display: Loaded TP Android_DXTTargetPlatform
[2022.12.03-15.20.58:426][  0]LogTemp:Display: Loaded TP Android_ETC1TargetPlatform
[2022.12.03-15.20.58:431][  0]LogTemp:Display: Loaded TP Android_ETC2TargetPlatform
[2022.12.03-15.20.58:442][  0]LogTemp:Display: Loaded TP Android_MultiTargetPlatform
[2022.12.03-15.20.58:442][  0]LogTemp:Display: Loaded TP Android_PVRTCTargetPlatform
[2022.12.03-15.20.58:443][  0]LogTemp:Display: Loaded TP HTML5TargetPlatform
[2022.12.03-15.20.58:463][  0]LogTemp:Display: Loaded TP IOSTargetPlatform
[2022.12.03-15.20.58:468][  0]LogTemp:Display: Loaded TP LinuxNoEditorTargetPlatform
[2022.12.03-15.20.58:473][  0]LogTemp:Display: Loaded TP LinuxServerTargetPlatform
[2022.12.03-15.20.58:478][  0]LogTemp:Display: Loaded TP LinuxTargetPlatform
[2022.12.03-15.20.58:478][  0]LogTargetPlatformManager:Display: Building Assets For Windows
[2022.12.03-15.20.58:604][  0]LogDerivedDataCache:Display: Max Cache Size: 512 MB
[2022.12.03-15.20.58:682][  0]LogDerivedDataCache: Loaded boot cache 0.08s 41MB C:/Users/Adit/AppData/Local/UnrealEngine/4.10/DerivedDataCache/Boot.ddc.
[2022.12.03-15.20.58:682][  0]LogDerivedDataCache:Display: Loaded Boot cache: C:/Users/Adit/AppData/Local/UnrealEngine/4.10/DerivedDataCache/Boot.ddc
[2022.12.03-15.20.58:682][  0]LogDerivedDataCache: FDerivedDataBackendGraph:  Pak pak cache file ../../../../Hivemind/Hivemind/DerivedDataCache/DDC.ddp not found, will not use a pak cache.
[2022.12.03-15.20.58:682][  0]LogDerivedDataCache: Unable to find inner node Pak for hierarchical cache Hierarchy.
[2022.12.03-15.20.58:682][  0]LogDerivedDataCache: FDerivedDataBackendGraph:  CompressedPak pak cache file ../../../../Hivemind/Hivemind/DerivedDataCache/Compressed.ddp not found, will not use a pak cache.
[2022.12.03-15.20.58:682][  0]LogDerivedDataCache: Unable to find inner node CompressedPak for hierarchical cache Hierarchy.
[2022.12.03-15.20.58:750][  0]LogDerivedDataCache:Display: Pak cache opened for reading ../../../Engine/DerivedDataCache/Compressed.ddp.
[2022.12.03-15.20.58:763][  0]LogDerivedDataCache: Using Local data cache path C:/Users/Adit/AppData/Local/UnrealEngine/Common/DerivedDataCache: Writable
[2022.12.03-15.20.59:044][  0]LogInit: Selected Device Profile: [Windows]
[2022.12.03-15.20.59:048][  0]LogContentStreaming: Texture pool size is 0.000000MB
[2022.12.03-15.20.59:204][  0]LogMeshUtilities: No automatic mesh reduction module available
[2022.12.03-15.20.59:204][  0]LogMeshUtilities: No automatic mesh merging module available
[2022.12.03-15.20.59:550][  0]LogInit: WinSock: version 1.1 (2.2), MaxSocks=32767, MaxUdp=65467
[2022.12.03-15.21.00:936][  0]UdpMessaging: Initializing bridge on interface 0.0.0.0:0 to multicast group 230.0.0.1:6666.
[2022.12.03-15.21.01:060][  0]LogAssetRegistry: FAssetRegistry took 0.0111 seconds to start up
[2022.12.03-15.21.01:337][  0]SourceControl: Info Source control is disabled
[2022.12.03-15.21.01:403][  0]SourceControl: Info Source control is disabled
[2022.12.03-15.21.01:430][  0]SourceControl: Info Source control is disabled
[2022.12.03-15.21.01:457][  0]SourceControl: Info Source control is disabled
[2022.12.03-15.21.01:949][  0]LogObj: 28633 objects as part of root set at end of initial load.
[2022.12.03-15.21.01:949][  0]LogUObjectAllocator: 6099752 out of 0 bytes used by permanent object pool.
[2022.12.03-15.21.02:026][  0]LogEngine: Initializing Engine...
[2022.12.03-15.21.02:031][  0]LogHMD: Can't find Oculus library dev build: is proper Runtime installed? Version: 0.8.0.0
[2022.12.03-15.21.02:032][  0]LogHMD: SteamVR failed to initialize.  Err: 110
[2022.12.03-15.21.02:200][  0]LogAIModule: Creating AISystem for world NewWorld
[2022.12.03-15.21.02:254][  0]LogInit: XAudio2 using 'Headphones (Bose QC45 Stereo)' : 2 channels at 44.1 kHz using 16 bits per sample (channel mask 0x3)
[2022.12.03-15.21.02:283][  0]LogInit: FAudioDevice initialized.
[2022.12.03-15.21.02:320][  0]LogDerivedDataCache: Saved boot cache 0.04s 41MB C:/Users/Adit/AppData/Local/UnrealEngine/4.10/DerivedDataCache/Boot.ddc.
[2022.12.03-15.21.02:329][  0]LogInit: Texture streaming: Enabled
[2022.12.03-15.21.02:335][  0]LogAnalytics: Creating configured Analytics provider AnalyticsET
[2022.12.03-15.21.02:335][  0]LogAnalytics: [UEEditor.Rocket.Release] APIServer = http://et2.epicgames.com/ET2/. AppVersion = 4.10.4-2872498+++depot+UE4-Releases+4.10
[2022.12.03-15.21.02:336][  0]LogAnalytics: [UEEditor.Rocket.Release] SetUserId 0bb9cf1145325950ec0739a463cd03eb|d9f35ac369304d40a1c5cf6ee03e4b45|a225f950-7172-4c58-b763-7ae29fba924e
[2022.12.03-15.21.02:336][  0]LogAnalytics: [UEEditor.Rocket.Release] AnalyticsET::StartSession
[2022.12.03-15.21.02:351][  0]LogInit: Transaction tracking system initialized
[2022.12.03-15.21.02:377][  0]BlueprintLog: New page: Editor Load
[2022.12.03-15.21.02:464][  0]LocalizationService: Info Localization service is disabled
[2022.12.03-15.21.02:572][  0]LogConsoleResponse:Display: 
[2022.12.03-15.21.02:752][  0]LogCook:Display: Done creating registry. It took  0.00s.
[2022.12.03-15.21.02:848][  0]LogFileCache: Scanning file cache for directory 'E:/Hivemind/Hivemind/Content/' took 0.01s
[2022.12.03-15.21.02:848][  0]SourceControl: Info Source control is disabled
[2022.12.03-15.21.02:848][  0]Cmd: MAP LOAD FILE="../../../Engine/Content/Maps/Templates/Template_Default.umap" TEMPLATE=1 SHOWPROGRESS=1 FEATURELEVEL=3
[2022.12.03-15.21.02:849][  0]LightingResults: New page: Lighting Build
[2022.12.03-15.21.02:853][  0]MapCheck: New page: Map Check
[2022.12.03-15.21.02:853][  0]LightingResults: New page: Lighting Build
[2022.12.03-15.21.02:869][  0]LogParticles: Destroying 0 GPU particle simulations for FXSystem 0x000001F0524AF420
[2022.12.03-15.21.03:236][  0]LogAIModule: Creating AISystem for world Untitled_1
[2022.12.03-15.21.03:246][  0]LogEditorServer: Finished looking for orphan Actors (0.000 secs)
[2022.12.03-15.21.03:253][  0]Cmd: MAP CHECKDEP NOCLEARLOG
[2022.12.03-15.21.03:386][  0]MapCheck: Info Map check complete: 0 Error(s), 0 Warning(s), took 132.914ms to complete.
[2022.12.03-15.21.03:386][  0]LogFileHelpers: Loading map 'Template_Default' took 0.539
[2022.12.03-15.21.03:517][  0]LogCollectionManager: Loaded 0 collections in 0.001990 seconds
[2022.12.03-15.21.03:558][  0]LogFileCache: Scanning file cache for directory 'E:/Hivemind/Hivemind/Saved/Collections/' took 0.01s
[2022.12.03-15.21.03:558][  0]LogFileCache: Scanning file cache f