[2022.12.03-17.26.07:370][  0]Log file open, 12/03/22 17:26:07
[2022.12.03-17.26.07:370][  0]LogInit:Display: Running engine for game: Hivemind
[2022.12.03-17.26.07:370][  0]LogPlatformFile: Not using cached read wrapper
[2022.12.03-17.26.07:370][  0]LogInit:Display: RandInit(120472870) SRandInit(120472898).
[2022.12.03-17.26.07:370][  0]LogTaskGraph: Started task graph with 4 named threads and 6 total threads.
[2022.12.03-17.26.07:370][  0]LogStats: Stats thread started at 0.115307
[2022.12.03-17.26.07:370][  0]LogInit: Version: 4.10.4-2872498+++depot+UE4-Releases+4.10
[2022.12.03-17.26.07:370][  0]LogInit: API Version: 2758231
[2022.12.03-17.26.07:370][  0]LogInit: Compiled (64-bit): Feb 18 2016 15:47:04
[2022.12.03-17.26.07:370][  0]LogInit: Compiled with Visual C++: 19.00.23026.00
[2022.12.03-17.26.07:370][  0]LogInit: Build Configuration: Development
[2022.12.03-17.26.07:370][  0]LogInit: Branch Name: ++depot+UE4-Releases+4.10
[2022.12.03-17.26.07:370][  0]LogInit: Command line: 
[2022.12.03-17.26.07:370][  0]LogInit: Base directory: E:/UE_4.10/Engine/Binaries/Win64/
[2022.12.03-17.26.07:370][  0]LogInit: Rocket: 1
[2022.12.03-17.26.07:384][  0]LogInit: Using libcurl 7.41.0
[2022.12.03-17.26.07:384][  0]LogInit:  - built for x86_64-pc-win32
[2022.12.03-17.26.07:384][  0]LogInit:  - supports SSL with WinSSL
[2022.12.03-17.26.07:384][  0]LogInit:  - other features:
[2022.12.03-17.26.07:384][  0]LogInit:      CURL_VERSION_SSL
[2022.12.03-17.26.07:384][  0]LogInit:      CURL_VERSION_IPV6
[2022.12.03-17.26.07:384][  0]LogInit:      CURL_VERSION_ASYNCHDNS
[2022.12.03-17.26.07:384][  0]LogInit:      CURL_VERSION_LARGEFILE
[2022.12.03-17.26.07:384][  0]LogInit:      CURL_VERSION_IDN
[2022.12.03-17.26.07:385][  0]LogInit:  CurlRequestOptions (configurable via config and command line):
[2022.12.03-17.26.07:385][  0]LogInit:  - bVerifyPeer = true  - Libcurl will verify peer certificate
[2022.12.03-17.26.07:385][  0]LogInit:  - bUseHttpProxy = false  - Libcurl will NOT use HTTP proxy
[2022.12.03-17.26.07:385][  0]LogInit:  - bDontReuseConnections = false  - Libcurl will reuse connections
[2022.12.03-17.26.07:385][  0]LogInit:  - CertBundlePath = nullptr  - Libcurl will use whatever was configured at build time.
[2022.12.03-17.26.07:397][  0]LogInit: Presizing for 0 objects not considered by GC, pre-allocating 0 bytes.
[2022.12.03-17.26.07:409][  0]LogInit: Object subsystem initialized
[2022.12.03-17.26.07:411][  0]LogInit: Selected Device Profile: [Windows]
[2022.12.03-17.26.07:411][  0]LogInit: Applying CVar settings loaded from the selected device profile: [Windows]
[2022.12.03-17.26.07:426][  0]LogInit: Computer: DESKTOP-15OBU63
[2022.12.03-17.26.07:426][  0]LogInit: User: Adit
[2022.12.03-17.26.07:426][  0]LogInit: CPU Page size=4096, Cores=3
[2022.12.03-17.26.07:426][  0]LogInit: High frequency timer resolution =14.318180 MHz
[2022.12.03-17.26.07:426][  0]LogMemory: Memory total: Physical=8.0GB (8GB approx)
[2022.12.03-17.26.07:426][  0]LogMemory: Platform Memory Stats for Windows
[2022.12.03-17.26.07:426][  0]LogMemory: Process Physical Memory: 57.48 MB used, 57.49 MB peak
[2022.12.03-17.26.07:426][  0]LogMemory: Process Virtual Memory: 57.55 MB used, 57.55 MB peak
[2022.12.03-17.26.07:426][  0]LogMemory: Physical Memory: 4296.07 MB used, 8149.86 MB total
[2022.12.03-17.26.07:426][  0]LogMemory: Virtual Memory: 4504.00 MB used, 134217728.00 MB total
[2022.12.03-17.26.07:482][  0]LogTextLocalizationManager: No specific translations for ('en-GB') exist, so ('en') translations will be used.
[2022.12.03-17.26.08:518][  0]LogD3D11RHI: Found D3D11 adapter 0: NVIDIA GeForce GTX 1060 6GB (Feature Level 11_0)
[2022.12.03-17.26.08:518][  0]LogD3D11RHI: Adapter has 6052MB of dedicated video memory, 0MB of dedicated system memory, and 4074MB of shared system memory, 1 output[s]
[2022.12.03-17.26.08:523][  0]LogD3D11RHI: Found D3D11 adapter 1: Microsoft Basic Render Driver (Feature Level 11_0)
[2022.12.03-17.26.08:523][  0]LogD3D11RHI: Adapter has 0MB of dedicated video memory, 0MB of dedicated system memory, and 4074MB of shared system memory, 0 output[s]
[2022.12.03-17.26.08:524][  0]LogD3D11RHI: Chosen D3D11 Adapter Id = 0
[2022.12.03-17.26.08:544][  0]LogD3D11RHI: !Direct3DDevice
[2022.12.03-17.26.08:544][  0]LogRHI: Texture pool is 1361 MB (70% of 1945 MB)
[2022.12.03-17.26.08:689][  0]LogD3D11RHI: Async texture creation enabled
[2022.12.03-17.26.08:708][  0]LogShaderCompilers: Guid format shader working directory is 16 characters bigger than the processId version (../../../../Hivemind/Hivemind/Intermediate/Shaders/WorkingDirectory/7192/).
[2022.12.03-17.26.08:708][  0]LogShaderCompilers: Cleaned the shader compiler working directory 'C:/Users/Adit/AppData/Local/Temp/UnrealShaderWorkingDir/0352934D468811256985E196EED3550B/'.
[2022.12.03-17.26.08:708][  0]LogShaderCompilers:Display: Using Local Shader Compiler.
[2022.12.03-17.26.10:432][  0]LogTemp:Display: Loaded TP AllDesktopTargetPlatform
[2022.12.03-17.26.10:439][  0]LogTemp:Display: Loaded TP WindowsClientTargetPlatform
[2022.12.03-17.26.10:446][  0]LogTemp:Display: Loaded TP WindowsNoEditorTargetPlatform
[2022.12.03-17.26.10:453][  0]LogTemp:Display: Loaded TP WindowsServerTargetPlatform
[2022.12.03-17.26.10:460][  0]LogTemp:Display: Loaded TP WindowsTargetPlatform
[2022.12.03-17.26.10:464][  0]LogTemp:Display: Loaded TP AndroidTargetPlatform
[2022.12.03-17.26.10:475][  0]LogTemp:Display: Loaded TP Android_ASTCTargetPlatform
[2022.12.03-17.26.10:480][  0]LogTemp:Display: Loaded TP Android_ATCTargetPlatform
[2022.12.03-17.26.10:486][  0]LogTemp:Display: Loaded TP Android_DXTTargetPlatform
[2022.12.03-17.26.10:492][  0]LogTemp:Display: Loaded TP Android_ETC1TargetPlatform
[2022.12.03-17.26.10:497][  0]LogTemp:Display: Loaded TP Android_ETC2TargetPlatform
[2022.12.03-17.26.10:517][  0]LogTemp:Display: Loaded TP Android_MultiTargetPlatform
[2022.12.03-17.26.10:517][  0]LogTemp:Display: Loaded TP Android_PVRTCTargetPlatform
[2022.12.03-17.26.10:519][  0]LogTemp:Display: Loaded TP HTML5TargetPlatform
[2022.12.03-17.26.10:540][  0]LogTemp:Display: Loaded TP IOSTargetPlatform
[2022.12.03-17.26.10:546][  0]LogTemp:Display: Loaded TP LinuxNoEditorTargetPlatform
[2022.12.03-17.26.10:552][  0]LogTemp:Display: Loaded TP LinuxServerTargetPlatform
[2022.12.03-17.26.10:559][  0]LogTemp:Display: Loaded TP LinuxTargetPlatform
[2022.12.03-17.26.10:559][  0]LogTargetPlatformManager:Display: Building Assets For Windows
[2022.12.03-17.26.10:709][  0]LogDerivedDataCache:Display: Max Cache Size: 512 MB
[2022.12.03-17.26.10:800][  0]LogDerivedDataCache: Loaded boot cache 0.09s 41MB C:/Users/Adit/AppData/Local/UnrealEngine/4.10/DerivedDataCache/Boot.ddc.
[2022.12.03-17.26.10:800][  0]LogDerivedDataCache:Display: Loaded Boot cache: C:/Users/Adit/AppData/Local/UnrealEngine/4.10/DerivedDataCache/Boot.ddc
[2022.12.03-17.26.10:800][  0]LogDerivedDataCache: FDerivedDataBackendGraph:  Pak pak cache file ../../../../Hivemind/Hivemind/DerivedDataCache/DDC.ddp not found, will not use a pak cache.
[2022.12.03-17.26.10:800][  0]LogDerivedDataCache: Unable to find inner node Pak for hierarchical cache Hierarchy.
[2022.12.03-17.26.10:800][  0]LogDerivedDataCache: FDerivedDataBackendGraph:  CompressedPak pak cache file ../../../../Hivemind/Hivemind/DerivedDataCache/Compressed.ddp not found, will not use a pak cache.
[2022.12.03-17.26.10:800][  0]LogDerivedDataCache: Unable to find inner node CompressedPak for hierarchical cache Hierarchy.
[2022.12.03-17.26.10:883][  0]LogDerivedDataCache:Display: Pak cache opened for reading ../../../Engine/DerivedDataCache/Compressed.ddp.
[2022.12.03-17.26.10:897][  0]LogDerivedDataCache: Using Local data cache path C:/Users/Adit/AppData/Local/UnrealEngine/Common/DerivedDataCache: Writable
[2022.12.03-17.26.11:241][  0]LogInit: Selected Device Profile: [Windows]
[2022.12.03-17.26.11:246][  0]LogContentStreaming: Texture pool size is 0.000000MB
[2022.12.03-17.26.11:468][  0]LogMeshUtilities: No automatic mesh reduction module available
[2022.12.03-17.26.11:468][  0]LogMeshUtilities: No automatic mesh merging module available
[2022.12.03-17.26.11:936][  0]LogInit: WinSock: version 1.1 (2.2), MaxSocks=32767, MaxUdp=65467
[2022.12.03-17.26.13:446][  0]UdpMessaging: Initializing bridge on interface 0.0.0.0:0 to multicast group 230.0.0.1:6666.
[2022.12.03-17.26.13:582][  0]LogAssetRegistry: FAssetRegistry took 0.0115 seconds to start up
[2022.12.03-17.26.13:868][  0]SourceControl: Info Source control is disabled
[2022.12.03-17.26.13:939][  0]SourceControl: Info Source control is disabled
[2022.12.03-17.26.13:967][  0]SourceControl: Info Source control is disabled
[2022.12.03-17.26.13:995][  0]SourceControl: Info Source control is disabled
[2022.12.03-17.26.14:511][  0]LogObj: 28633 objects as part of root set at end of initial load.
[2022.12.03-17.26.14:511][  0]LogUObjectAllocator: 6099752 out of 0 bytes used by permanent object pool.
[2022.12.03-17.26.14:588][  0]LogEngine: Initializing Engine...
[2022.12.03-17.26.14:593][  0]LogHMD: Can't find Oculus library dev build: is proper Runtime installed? Version: 0.8.0.0
[2022.12.03-17.26.14:594][  0]LogHMD: SteamVR failed to initialize.  Err: 110
[2022.12.03-17.26.14:777][  0]LogAIModule: Creating AISystem for world NewWorld
[2022.12.03-17.26.14:835][  0]LogInit: XAudio2 using 'Headphones (Bose QC45 Stereo)' : 2 channels at 44.1 kHz using 16 bits per sample (channel mask 0x3)
[2022.12.03-17.26.14:864][  0]LogInit: FAudioDevice initialized.
[2022.12.03-17.26.14:906][  0]LogDerivedDataCache: Saved boot cache 0.04s 41MB C:/Users/Adit/AppData/Local/UnrealEngine/4.10/DerivedDataCache/Boot.ddc.
[2022.12.03-17.26.14:915][  0]LogInit: Texture streaming: Enabled
[2022.12.03-17.26.14:920][  0]LogAnalytics: Creating configured Analytics provider AnalyticsET
[2022.12.03-17.26.14:921][  0]LogAnalytics: [UEEditor.Rocket.Release] APIServer = http://et2.epicgames.com/ET2/. AppVersion = 4.10.4-2872498+++depot+UE4-Releases+4.10
[2022.12.03-17.26.14:921][  0]LogAnalytics: [UEEditor.Rocket.Release] SetUserId 0bb9cf1145325950ec0739a463cd03eb|d9f35ac369304d40a1c5cf6ee03e4b45|a225f950-7172-4c58-b763-7ae29fba924e
[2022.12.03-17.26.14:921][  0]LogAnalytics: [UEEditor.Rocket.Release] AnalyticsET::StartSession
[2022.12.03-17.26.14:936][  0]LogInit: Transaction tracking system initialized
[2022.12.03-17.26.14:962][  0]BlueprintLog: New page: Editor Load
[2022.12.03-17.26.15:051][  0]LocalizationService: Info Localization service is disabled
[2022.12.03-17.26.15:164][  0]LogConsoleResponse:Display: 
[2022.12.03-17.26.15:343][  0]LogCook:Display: Done creating registry. It took  0.00s.
[2022.12.03-17.26.15:444][  0]LogFileCache: Scanning file cache for directory 'E:/Hivemind/Hivemind/Content/' took 0.01s
[2022.12.03-17.26.15:444][  0]SourceControl: Info Source control is disabled
[2022.12.03-17.26.15:444][  0]Cmd: MAP LOAD FILE="../../../Engine/Content/Maps/Templates/Template_Default.umap" TEMPLATE=1 SHOWPROGRESS=1 FEATURELEVEL=3
[2022.12.03-17.26.15:445][  0]LightingResults: New page: Lighting Build
[2022.12.03-17.26.15:449][  0]MapCheck: New page: Map Check
[2022.12.03-17.26.15:449][  0]LightingResults: New page: Lighting Build
[2022.12.03-17.26.15:465][  0]LogParticles: Destroying 0 GPU particle simulations for FXSystem 0x0000024D26D4F420
[2022.12.03-17.26.15:858][  0]LogAIModule: Creating AISystem for world Untitled_1
[2022.12.03-17.26.15:870][  0]LogEditorServer: Finished looking for orphan Actors (0.000 secs)
[2022.12.03-17.26.15:876][  0]Cmd: MAP CHECKDEP NOCLEARLOG
[2022.12.03-17.26.16:018][  0]MapCheck: Info Map check complete: 0 Error(s), 0 Warning(s), took 141.431ms to complete.
[2022.12.03-17.26.16:018][  0]LogFileHelpers: Loading map 'Template_Default' took 0.573
[2022.12.03-17.26.16:152][  0]LogCollectionManager: Loaded 0 collections in 0.003578 seconds
[2022.12.03-17.26.16:194][  0]LogFileCache: Scanning file cache for directory 'E:/Hivemind/Hivemind/Saved/Collections/' took 0.01s
[2022.12.03-17.26.16:194][  0]LogFileCache: Scanning file cache for directory 'E:/Hivemind/Hivemind/Content/Developers/Adit/Collections/' took 0.01s
[2022.12.03-17.26.16:194][  0]LogFileCache: Scanning file cache for directory 'E:/Hivemind/Hivemind/Content/Collections/' took 0.01s
[2022.12.03-17.26.16:194][  0]LogCollectionManager: Rebuilt the GUID cache for 0 collections in 0.000003 seconds
[2022.12.03-17.26.16:205][  0]LogContentBrowser: Native class hierarchy populated in 0.0110 seconds. Added 1893 classes and 338 folders.
[2022.12.03-17.26.16:211][  0]LogContentBrowser: Native class hierarchy updated for 'WidgetCarousel' in 0.0008 seconds. Added 0 classes and 0 folders.
[2022.12.03-17.26.16:329][  0]LogContentBrowser: Native class hierarchy updated for 'AddContentDialog' in 0.0007 seconds. Added 0 classes and 0 folders.
[2022.12.03-17.26.16:334][  0]LogContentBrowser: Native class hierarchy updated for 'SceneOutliner' in 0.0010 seconds. Added 1 classes and 2 folders.
[2022.12.03-17.26.16:392][  0]LogCrashTracker: Crashtracker disabled due to settings.
[2022.12.03-17.26.16:402][  0]LogUObjectGlobals:Warning: Failed to find object 'Class None.'
[2022.12.03-17.26.16:424][  0]LogLoad: Full Startup: 9.85 seconds (BP compile: 0.06 seconds)
[2022.12.03-17.26.16:769][  0]LogOcInput: Can't find Oculus library dev build: is proper Runtime installed? Version: 0.8.0.0
[2022.12.03-17.26.16:827][  0]LogContentStreaming: Texture pool size now 1000 MB
[2022.12.03-17.26.17:007][  0]LogRenderer: Reallocating scene render targets to support 1208x572 (Frame:2).
[2022.12.03-17.26.17:779][  3]LogAssetRegistry: Asset discovery search completed in 4.2080 seconds
[2022.12.03-17.26.17:779][  3]LogCollectionManager: Rebuilt the object cache for 0 collections in 0.000001 seconds (found 0 objects)
[2022.12.03-17.26.17:779][  3]LogCollectionManager: Fixed up redirectors for 0 collections in 0.000025 seconds (updated 0 objects)
[2022.12.03-17.29.17:640][753]LogRenderer: Reallocating scene render targets to support 1432x920 (Frame:217).
[2022.12.03-17.29.26:254][620]Cmd: OBJ SAVEPACKAGE PACKAGE="/Game/Models/apt_map" FILE="../../../../Hivemind/Hivemind/Content/Models/apt_map.uasset" SILENT=true
[2022.12.03-17.29.26:317][620]LogSavePackage: Save=18.612492ms
[2022.12.03-17.29.26:317][620]LogSavePackage: Moving '../../../../Hivemind/Hivemind/Saved/apt_map5DBAE47D45F851FE2C564B89AE94ADA3.tmp' to '../../../../Hivemind/Hivemind/Content/Models/apt_map.uasset'
[2022.12.03-17.29.26:321][620]LogSavePackage: Total save time: 64.909786ms
[2022.12.03-17.29.26:321][620]LogSavePackage:Display: Finished SavePackage ../../../../Hivemind/Hivemind/Content/Models/apt_map.uasset
[2022.12.03-17.29.29:925][ 18]LogActorFactory: Actor Factory created apt_map
[2022.12.03-17.29.30:438][ 77]LogActorFactory: Actor Factory created apt_map
[2022.12.03-17.29.33:450][416]LogEditorActor: Deleted Actor: StaticMeshActor
[2022.12.03-17.29.33:468][416]LogParticles: Destroying 0 GPU particle simulations for FXSystem 0x0000024D2F8B6FC0
[2022.12.03-17.29.33:469][416]LogEditorActor: Deleted 1 Actors (0.019 secs)
[2022.12.03-17.29.38:081][561]Cmd: OBJ SAVEPACKAGE PACKAGE="/Game/Scenes/Scene01" FILE="../../../../Hivemind/Hivemind/Content/Scenes/Scene01.umap" SILENT=true AUTOSAVING=false KEEPDIRTY=false
[2022.12.03-17.29.38:150][561]LogSavePackage: Save=37.900627ms
[2022.12.03-17.29.38:150][561]LogSavePackage: Moving '../../../../Hivemind/Hivemind/Saved/Scene01B7E33C3A4F2A8A7D93E4C3B0E9C9335D.tmp' to '../../../../Hivemind/Hivemind/Content/Scenes/Scene01.umap'
[2022.12.03-17.29.38:155][561]LogSavePackage: Total save time: 54.428987ms
[2022.12.03-17.29.38:155][561]LogSavePackage:Display: Finished SavePackage ../../../../Hivemind/Hivemind/Content/Scenes/Scene01.umap
[2022.12.03-17.29.38:193][561]LogFileHelpers: Saving map 'Scene01' took 0.415
[2022.12.03-17.29.38:705][615]LogPlayLevel: PlayLevel: No blueprints needed recompiling
[2022.12.03-17.29.38:706][615]PIE: New page: PIE session: Scene01 (3 Dec 2022 17:29:38)
[2022.12.03-17.29.38:706][615]LogPlayLevel: Creating play world package: /Game/Scenes/UEDPIE_0_Scene01
[2022.12.03-17.29.38:709][615]LogPlayLevel: PIE: StaticDuplicateObject took: (0.002793s)
[2022.12.03-17.29.38:709][615]LogAIModule: Creating AISystem for world Scene01
[2022.12.03-17.29.38:710][615]LogPlayLevel: PIE: World Init took: (0.001113s)
[2022.12.03-17.29.38:710][615]LogPlayLevel: PIE: Created PIE world by copying editor world from /Game/Scenes/Scene01.Scene01 to /Game/Scenes/UEDPIE_0_Scene01.Scene01 (0.004131s)
[2022.12.03-17.29.38:771][615]LogInit: XAudio2 using 'Headphones (Bose QC45 Stereo)' : 2 channels at 44.1 kHz using 16 bits per sample (channel mask 0x3)
[2022.12.03-17.29.38:786][615]LogInit: FAudioDevice initialized.
[2022.12.03-17.29.38:855][615]LogUObjectGlobals:Warning: Failed to find object 'Class None.'
[2022.12.03-17.29.38:855][615]LogWorld: Game class is 'GameMode'
[2022.12.03-17.29.38:861][615]LogWorld: Bringing World /Game/Scenes/UEDPIE_0_Scene01.Scene01 up for play (max tick rate 0) at 2022.12.03-17.29.38
[2022.12.03-17.29.38:861][615]LogActor:Warning: GameSession /Game/Scenes/UEDPIE_0_Scene01.Scene01:PersistentLevel.GameSession_0 has natively added scene component(s), but none of them were set as the actor's RootComponent - picking one arbitrarily
[2022.12.03-17.29.38:861][615]LogActor:Warning: GameNetworkManager /Game/Scenes/UEDPIE_0_Scene01.Scene01:PersistentLevel.GameNetworkManager_0 has natively added scene component(s), but none of them were set as the actor's RootComponent - picking one arbitrarily
[2022.12.03-17.29.38:862][615]LogWorld: Bringing up level for play took: 0.004820
[2022.12.03-17.29.38:881][615]PIE: Info Play in editor start time for /Game/Scenes/UEDPIE_0_Scene01 -0.771
[2022.12.03-17.29.42:653][ 49]LogParticles: Destroying 0 GPU particle simulations for FXSystem 0x0000024D182D93A0
[2022.12.03-17.29.58:190][232]LogParticles: Destroying 0 GPU particle simulations for FXSystem 0x0000024D2F8B7380
[2022.12.03-17.29.58:190][232]LogEditorActor: Deleted 0 Actors (5.078 secs)
[2022.12.03-17.30.01:981][532]LogEditorActor: Deleted Actor: DirectionalLight
[2022.12.03-17.30.02:003][532]LogEditorActor: Deleted 1 Actors (1.067 secs)
[2022.12.03-17.30.03:465][705]LogEditorActor: Deleted Actor: BP_Sky_Sphere_C
[2022.12.03-17.30.03:482][705]LogEditorActor: Deleted 1 Actors (0.016 secs)
[2022.12.03-17.30.05:608][957]LogEditorActor: Deleted Actor: AtmosphericFog
[2022.12.03-17.30.05:625][957]LogEditorActor: Deleted 1 Actors (0.017 secs)
[2022.12.03-17.30.06:664][ 60]Cmd: OBJ SAVEPACKAGE PACKAGE="/Game/Scenes/Scene01" FILE="../../../../Hivemind/Hivemind/Content/Scenes/Scene01.umap" SILENT=true AUTOSAVING=false KEEPDIRTY=false
[2022.12.03-17.30.06:709][ 60]LogSavePackage: Save=17.231380ms
[2022.12.03-17.30.06:709][ 60]LogSavePackage: Moving '../../../../Hivemind/Hivemind/Saved/Scene016630B4ED4346A0B91B9C86BA361DA46B.tmp' to '../../../../Hivemind/Hivemind/Content/Scenes/Scene01.umap'
[2022.12.03-17.30.06:713][ 60]LogSavePackage: Total save time: 31.561695ms
[2022.12.03-17.30.06:713][ 60]LogSavePackage:Display: Finished SavePackage ../../../../Hivemind/Hivemind/Content/Scenes/Scene01.umap
[2022.12.03-17.30.06:757][ 60]LogFileHelpers: Saving map 'Scene01' took 0.235
[2022.12.03-17.30.10:650][512]LogPlayLevel: PlayLevel: No blueprints needed recompiling
[2022.12.03-17.30.10:650][512]PIE: New page: PIE session: Scene01 (3 Dec 2022 17:30:10)
[2022.12.03-17.30.10:650][512]LogPlayLevel: Creating play world package: /Game/Scenes/UEDPIE_0_Scene01
[2022.12.03-17.30.10:651][512]LogPlayLevel: PIE: StaticDuplicateObject took: (0.001089s)
[2022.12.03-17.30.10:652][512]LogAIModule: Creating AISystem for world Scene01
[2022.12.03-17.30.10:652][512]LogPlayLevel: PIE: World Init took: (0.000999s)
[2022.12.03-17.30.10:652][512]LogPlayLevel: PIE: Created PIE world by copying editor world from /Game/Scenes/Scene01.Scene01 to /Game/Scenes/UEDPIE_0_Scene01.Scene01 (0.002265s)
[2022.12.03-17.30.10:714][512]LogInit: XAudio2 using 'Headphones (Bose QC45 Stereo)' : 2 channels at 44.1 kHz using 16 bits per sample (channel mask 0x3)
[2022.12.03-17.30.10:730][512]LogInit: FAudioDevice initialized.
[2022.12.03-17.30.10:769][512]LogUObjectGlobals:Warning: Failed to find object 'Class None.'
[2022.12.03-17.30.10:769][512]LogWorld: Game class is 'GameMode'
[2022.12.03-17.30.10:774][512]LogWorld: Bringing World /Game/Scenes/UEDPIE_0_Scene01.Scene01 up for play (max tick rate 0) at 2022.12.03-17.30.10
[2022.12.03-17.30.10:774][512]LogActor:Warning: GameSession /Game/Scenes/UEDPIE_0_Scene01.Scene01:PersistentLevel.GameSession_1 has natively added scene component(s), but none of them were set as the actor's RootComponent - picking one arbitrarily
[2022.12.03-17.30.10:774][512]LogActor:Warning: GameNetworkManager /Game/Scenes/UEDPIE_0_Scene01.Scene01:PersistentLevel.GameNetworkManager_1 has natively added scene component(s), but none of them were set as the actor's RootComponent - picking one arbitrarily
[2022.12.03-17.30.10:775][512]LogWorld: Bringing up level for play took: 0.003446
[2022.12.03-17.30.10:778][512]PIE: Info Play in editor start time for /Game/Scenes/UEDPIE_0_Scene01 1.125
[2022.12.03-17.30.13:045][778]LogParticles: Destroying 0 GPU particle simulations for FXSystem 0x0000024D3303BEC0
[2022.12.03-17.30.27:131][417]LogSlate:Warning: Prevented a slow task dialog from being summoned while a context menu was open
[2022.12.03-17.30.27:197][418]Cmd: UpdateLandscapeSetup
[2022.12.03-17.30.27:220][419]LogSlate:Warning: Prevented a slow task dialog from being summoned while a context menu was open
[2022.12.03-17.30.28:875][589]Cmd: OBJ SAVEPACKAGE PACKAGE="/Game/Scenes/Scene01" FILE="../../../../Hivemind/Hivemind/Content/Scenes/Scene01.umap" SILENT=true AUTOSAVING=false KEEPDIRTY=false
[2022.12.03-17.30.28:919][589]LogSavePackage: Save=15.905025ms
[2022.12.03-17.30.28:919][589]LogSavePackage: Moving '../../../../Hivemind/Hivemind/Saved/Scene01D97E802D4E77ECFBFB4775A9EDF6D514.tmp' to '../../../../Hivemind/Hivemind/Content/Scenes/Scene01.umap'
[2022.12.03-17.30.28:923][589]LogSavePackage: Total save time: 30.385915ms
[2022.12.03-17.30.28:923][589]LogSavePackage:Display: Finished SavePackage ../../../../Hivemind/Hivemind/Content/Scenes/Scene01.umap
[2022.12.03-17.30.28:962][589]LogFileHelpers: Saving map 'Scene01' took 0.234
[2022.12.03-17.30.29:949][701]LogPlayLevel: PlayLevel: No blueprints needed recompiling
[2022.12.03-17.30.29:949][701]PIE: New page: PIE session: Scene01 (3 Dec 2022 17:30:29)
[2022.12.03-17.30.29:949][701]LogPlayLevel: Creating play world package: /Game/Scenes/UEDPIE_0_Scene01
[2022.12.03-17.30.29:950][701]LogPlayLevel: PIE: StaticDuplicateObject took: (0.001225s)
[2022.12.03-17.30.29:951][701]LogAIModule: Creating AISystem for world Scene01
[2022.12.03-17.30.29:951][701]LogPlayLevel: PIE: World Init took: (0.000969s)
[2022.12.03-17.30.29:951][701]LogPlayLevel: PIE: Created PIE world by copying editor world from /Game/Scenes/Scene01.Scene01 to /Game/Scenes/UEDPIE_0_Scene01.Scene01 (0.002369s)
[2022.12.03-17.30.30:011][701]LogInit: XAudio2 using 'Headphones (Bose QC45 Stereo)' : 2 channels at 44.1 kHz using 16 bits per sample (channel mask 0x3)
[2022.12.03-17.30.30:025][701]LogInit: FAudioDevice initialized.
[2022.12.03-17.30.30:062][701]LogWorld: Game class is 'Gamemode_C'
[2022.12.03-17.30.30:067][701]LogWorld: Bringing World /Game/Scenes/UEDPIE_0_Scene01.Scene01 up for play (max tick rate 0) at 2022.12.03-17.30.30
[2022.12.03-17.30.30:067][701]LogActor:Warning: GameSession /Game/Scenes/UEDPIE_0_Scene01.Scene01:PersistentLevel.GameSession_2 has natively added scene component(s), but none of them were set as the actor's RootComponent - picking one arbitrarily
[2022.12.03-17.30.30:068][701]LogActor:Warning: GameNetworkManager /Game/Scenes/UEDPIE_0_Scene01.Scene01:PersistentLevel.GameNetworkManager_2 has natively added scene component(s), but none of them were set as the actor's RootComponent - picking one arbitrarily
[2022.12.03-17.30.30:068][701]LogWorld: Bringing up level for play took: 0.003588
[2022.12.03-17.30.30:072][701]PIE: Info Play in editor start time for /Game/Scenes/UEDPIE_0_Scene01 0.42
[2022.12.03-17.30.50:514][110]LogParticles: Destroying 0 GPU particle simulations for FXSystem 0x0000024D3F48A160
[2022.12.03-17.30.56:923][848]Cmd: MAP LOAD FILE="../../../../Hivemind/Hivemind/Content/Scenes/Scene01.umap" TEMPLATE=0 SHOWPROGRESS=1 FEATURELEVEL=3
[2022.12.03-17.30.56:923][848]LightingResults: New page: Lighting Build
[2022.12.03-17.30.56:949][848]LoadErrors: New page: Loading map: Scene01.umap
[2022.12.03-17.30.56:950][848]MapCheck: New page: Map Check
[2022.12.03-17.30.56:950][848]LightingResults: New page: Lighting Build
[2022.12.03-17.30.56:966][848]LogParticles: Destroying 0 GPU particle simulations for FXSystem 0x0000024D186DB920
[2022.12.03-17.30.56:982][848]LogAIModule: Creating AISystem for world Scene01
[2022.12.03-17.30.57:027][848]LogEditorServer: Finished looking for orphan Actors (0.000 secs)
[2022.12.03-17.30.57:065][848]Cmd: MAP CHECKDEP NOCLEARLOG
[2022.12.03-17.30.57:213][848]MapCheck: Info Map check complete: 0 Error(s), 0 Warning(s), took 149.059ms to complete.
[2022.12.03-17.30.57:215][848]LogFileHelpers: Loading map 'Scene01' took 0.294
[2022.12.03-17.31.00:135][167]LogEditorViewport: Clicking Background
[2022.12.03-17.31.20:280][758]LogLinker:Warning: Asset '../../../Engine/Content/ArtTools/RenderToTexture/Macros/RenderToTextureMacros.uasset' has been saved with empty engine version. The asset will be loaded but may be incompatible.
[2022.12.03-17.31.20:874][758]LogContentBrowser: Native class hierarchy updated for 'BlueprintGraph' in 0.0014 seconds. Added 107 classes and 0 folders.
[2022.12.03-17.31.36:192][835]Cmd: OBJ SAVEPACKAGE PACKAGE="/Game/Blueprints/Player" FILE="../../../../Hivemind/Hivemind/Content/Blueprints/Player.uasset" SILENT=true
[2022.12.03-17.31.36:286][835]LogSavePackage: Save=79.132545ms
[2022.12.03-17.31.36:286][835]LogSavePackage: Moving '../../../../Hivemind/Hivemind/Saved/PlayerFC4212C84E7D083AB73F1AA4C07CA632.tmp' to '../../../../Hivemind/Hivemind/Content/Blueprints/Player.uasset'
[2022.12.03-17.31.36:290][835]LogSavePackage: Total save time: 96.241213ms
[2022.12.03-17.31.36:290][835]LogSavePackage:Display: Finished SavePackage ../../../../Hivemind/Hivemind/Content/Blueprints/Player.uasset
[2022.12.03-17.31.37:105][896]BlueprintLog: New page: Compile Player
[2022.12.03-17.31.37:204][896]BlueprintEditorCompileResults: Info [0330.63] Compile of Player successful! [in 98 ms]
[2022.12.03-17.31.40:328][185]LogPlayLevel: PlayLevel: No blueprints needed recompiling
[2022.12.03-17.31.40:329][185]PIE: New page: PIE session: Scene01 (3 Dec 2022 17:31:40)
[2022.12.03-17.31.40:329][185]LogPlayLevel: Creating play world package: /Game/Scenes/UEDPIE_0_Scene01
[2022.12.03-17.31.40:330][185]LogPlayLevel: PIE: StaticDuplicateObject took: (0.001427s)
[2022.12.03-17.31.40:331][185]LogAIModule: Creating AISystem for world Scene01
[2022.12.03-17.31.40:331][185]LogPlayLevel: PIE: World Init took: (0.001128s)
[2022.12.03-17.31.40:331][185]LogPlayLevel: PIE: Created PIE world by copying editor world from /Game/Scenes/Scene01.Scene01 to /Game/Scenes/UEDPIE_0_Scene01.Scene01 (0.002756s)
[2022.12.03-17.31.40:410][185]LogInit: XAudio2 using 'Headphones (Bose QC45 Stereo)' : 2 channels at 44.1 kHz using 16 bits per sample (channel mask 0x3)
[2022.12.03-17.31.40:425][185]LogInit: FAudioDevice initialized.
[2022.12.03-17.31.40:467][185]LogWorld: Game class is 'Gamemode_C'
[2022.12.03-17.31.40:472][185]LogWorld: Bringing World /Game/Scenes/UEDPIE_0_Scene01.Scene01 up for play (max tick rate 0) at 2022.12.03-17.31.40
[2022.12.03-17.31.40:472][185]LogActor:Warning: GameSession /Game/Scenes/UEDPIE_0_Scene01.Scene01:PersistentLevel.GameSession_3 has natively added scene component(s), but none of them were set as the actor's RootComponent - picking one arbitrarily
[2022.12.03-17.31.40:472][185]LogActor:Warning: GameNetworkManager /Game/Scenes/UEDPIE_0_Scene01.Scene01:PersistentLevel.GameNetworkManager_3 has natively added scene component(s), but none of them were set as the actor's RootComponent - picking one arbitrarily
[2022.12.03-17.31.40:472][185]LogWorld: Bringing up level for play took: 0.003484
[2022.12.03-17.31.40:476][185]PIE: Info Play in editor start time for /Game/Scenes/UEDPIE_0_Scene01 0.823
[2022.12.03-17.31.48:829][173]LogParticles: Destroying 0 GPU particle simulations for FXSystem 0x0000024D6F557560
[2022.12.03-17.32.00:098][467]LogEditorViewport: Clicking on Actor (LMB): StaticMeshActor (apt_map)
[2022.12.03-17.32.00:945][556]LogEditorViewport: Clicking on Actor (LMB): StaticMeshActor (apt_map)
[2022.12.03-17.32.02:663][755]Cmd: TRANSACTION UNDO
[2022.12.03-17.32.02:663][755]LogEditorTransaction: Undo Move Actors
[2022.12.03-17.32.33:750][ 77]Cmd: OBJ SAVEPACKAGE PACKAGE="/Game/Scenes/Scene01" FILE="../../../../Hivemind/Hivemind/Content/Scenes/Scene01.umap" SILENT=true AUTOSAVING=false KEEPDIRTY=false
[2022.12.03-17.32.33:815][ 77]LogSavePackage: Save=20.003870ms
[2022.12.03-17.32.33:815][ 77]LogSavePackage: Moving '../../../../Hivemind/Hivemind/Saved/Scene0122302A5A45459F95511F32B7C32D23E6.tmp' to '../../../../Hivemind/Hivemind/Content/Scenes/Scene01.umap'
[2022.12.03-17.32.33:820][ 77]LogSavePackage: Total save time: 35.449825ms
[2022.12.03-17.32.33:820][ 77]LogSavePackage:Display: Finished SavePackage ../../../../Hivemind/Hivemind/Content/Scenes/Scene01.umap
[2022.12.03-17.32.33:859][ 77]LogFileHelpers: Saving map 'Scene01' took 0.271
[2022.12.03-17.32.43:321][174]LogParticles: Destroying 0 GPU particle simulations for FXSystem 0x0000024D1CD9B420
[2022.12.03-17.32.43:504][174]Cmd: OBJ SAVEPACKAGE PACKAGE="/Game/Scenes/Scene01" FILE="../../../../Hivemind/Hivemind/Content/Scenes/Scene01.umap" SILENT=true AUTOSAVING=false KEEPDIRTY=false
[2022.12.03-17.32.43:566][174]LogSavePackage: Save=17.994535ms
[2022.12.03-17.32.43:566][174]LogSavePackage: Moving '../../../../Hivemind/Hivemind/Saved/Scene0131194D6043D6AD29E46181A47228838A.tmp' to '../../../../Hivemind/Hivemind/Content/Scenes/Scene01.umap'
[2022.12.03-17.32.43:570][174]LogSavePackage: Total save time: 33.111960ms
[2022.12.03-17.32.43:570][174]LogSavePackage:Display: Finished SavePackage ../../../../Hivemind/Hivemind/Content/Scenes/Scene01.umap
[2022.12.03-17.32.43:606][174]LogFileHelpers: Saving map 'Scene01' took 0.266
[2022.12.03-17.32.47:016][557]LogEditorActor: Deleted Actor: PlayerStart
[2022.12.03-17.32.47:048][557]LogEditorActor: Deleted 1 Actors (0.033 secs)
[2022.12.03-17.32.47:894][658]Cmd: TRANSACTION UNDO
[2022.12.03-17.32.47:894][658]LogEditorTransaction: Undo Delete selection
[2022.12.03-17.33.03:426][373]LogNavigationPoint: PostEditMove Clear paths rebuilt
[2022.12.03-17.33.04:739][526]LogNavigationPoint: PostEditMove Clear paths rebuilt
[2022.12.03-17.33.06:401][710]Cmd: TRANSACTION UNDO
[2022.12.03-17.33.06:401][710]LogEditorTransaction: Undo Move Actors
[2022.12.03-17.33.07:761][810]LogNavigationPoint: PostEditMove Clear paths rebuilt
[2022.12.03-17.33.08:896][911]Cmd: OBJ SAVEPACKAGE PACKAGE="/Game/Scenes/Scene01" FILE="../../../../Hivemind/Hivemind/Content/Scenes/Scene01.umap" SILENT=true AUTOSAVING=false KEEPDIRTY=false
[2022.12.03-17.33.08:959][911]LogSavePackage: Save=18.272224ms
[2022.12.03-17.33.08:959][911]LogSavePackage: Moving '../../../../Hivemind/Hivemind/Saved/Scene016CC7BE204FE47A343318A58A1666C40B.tmp' to '../../../../Hivemind/Hivemind/Content/Scenes/Scene01.umap'
[2022.12.03-17.33.08:963][911]LogSavePackage: Total save time: 33.514805ms
[2022.12.03-17.33.08:963][911]LogSavePackage:Display: Finished SavePackage ../../../../Hivemind/Hivemind/Content/Scenes/Scene01.umap
[2022.12.03-17.33.09:001][911]LogFileHelpers: Saving map 'Scene01' took 0.267
[2022.12.03-17.33.14:331][472]MapCheck: New page: Map Check
[2022.12.03-17.33.14:353][472]Cmd: MAP REBUILD ALLVISIBLE
[2022.12.03-17.33.14:393][472]LogEditorServer: Rebuildmap Clear paths rebuilt
[2022.12.03-17.33.14:565][472]MapCheck:Warning: Warning WorldSettings_1 Hierarchical LOD System is disabled or no HLOD level settings available, unable to build LOD actors. 
[2022.12.03-17.33.14:568][472]LogStats:          STAT_HLOD_BuildClusters - 36.368 ms
[2022.12.03-17.33.14:580][472]LightingResults: New page: Lighting Build - 3 Dec 2022 17:33:14
[2022.12.03-17.33.24:641][472]LogStaticLightingSystem:Warning: No importance volume found, so the scene bounding box was used.  You can optimize your scene's quality and lighting build times by adding importance volumes.
[2022.12.03-17.33.24:654][472]LogStaticLightingSystem: Running Lightmass w/ ImmediateImport mode ENABLED
[2022.12.03-17.33.24:654][472]LogStaticLightingSystem: Running Lightmass w/ ImmediateProcess mode ENABLED
[2022.12.03-17.33.24:654][472]LogStaticLightingSystem: Running Lightmass w/ Sorting mode ENABLED
[2022.12.03-17.33.24:654][472]LogStaticLightingSystem: Running Lightmass w/ Mapping paddings ENABLED
[2022.12.03-17.33.24:654][472]LogStaticLightingSystem: Running Lightmass w/ Mapping debug paddings DISABLED
[2022.12.03-17.33.24:814][472]LogEditorBuildUtils: Build time 0:00:10
[2022.12.03-17.33.26:561][615]Job is a success!
[2022.12.03-17.33.26:705][617]LogTexture:Display: Building textures: HQ_Lightmap0_1 (AutoDXT)
[2022.12.03-17.33.26:772][617]LogTexture:Display: Building textures: LQ_Lightmap_0_1 (DXT1)
[2022.12.03-17.33.26:847][617]Lightmass on DESKTOP-15OBU63: 1.16 sec total, 278 ms importing, 1 ms setup, 234 ms photons, 522 ms processing, 0 ms extra exporting [1/1 mappings]. Threads: 2.52 sec total, 200 ms processing.
[2022.12.03-17.33.26:934][617]LogStaticLightingSystem: Illumination: 12.3 sec (95 ms encoding lightmaps)
[2022.12.03-17.33.26:935][617]LogStaticLightingSystem: Lightmap texture memory:  0.0 MB (0.0 MB streaming, 0.0 MB non-streaming), 2 textures
[2022.12.03-17.33.26:935][617]LogStaticLightingSystem: Shadowmap texture memory: 0.0 MB (0.0 MB streaming, 0.0 MB non-streaming), 0 textures
[2022.12.03-17.33.27:611][618]Cmd: MAP CHECK NOTIFYRESULTS
[2022.12.03-17.33.27:611][618]MapCheck: New page: Scene01 - 3 Dec 2022 17:33:27
[2022.12.03-17.33.27:841][618]MapCheck: Info Map check complete: 0 Error(s), 0 Warning(s), took 229.255ms to complete.
[2022.12.03-17.33.31:738][ 19]Cmd: OBJ SAVEPACKAGE PACKAGE="/Game/Scenes/Scene01" FILE="../../../../Hivemind/Hivemind/Content/Scenes/Scene01.umap" SILENT=true AUTOSAVING=false KEEPDIRTY=false
[2022.12.03-17.33.31:805][ 19]LogSavePackage: Save=23.242758ms
[2022.12.03-17.33.31:805][ 19]LogSavePackage: Moving '../../../../Hivemind/Hivemind/Saved/Scene01A8619B034FBA3622101ECB9CE566CB1D.tmp' to '../../../../Hivemind/Hivemind/Content/Scenes/Scene01.umap'
[2022.12.03-17.33.31:811][ 19]LogSavePackage: Total save time: 39.230406ms
[2022.12.03-17.33.31:811][ 19]LogSavePackage:Display: Finished SavePackage ../../../../Hivemind/Hivemind/Content/Scenes/Scene01.umap
[2022.12.03-17.33.31:848][ 19]LogFileHelpers: Saving map 'Scene01' took 0.275
[2022.12.03-17.33.33:645][199]LogPlayLevel: PlayLevel: No blueprints needed recompiling
[2022.12.03-17.33.33:645][199]PIE: New page: PIE session: Scene01 (3 Dec 2022 17:33:33)
[2022.12.03-17.33.33:645][199]LogPlayLevel: Creating play world package: /Game/Scenes/UEDPIE_0_Scene01
[2022.12.03-17.33.33:648][199]LogPlayLevel: PIE: StaticDuplicateObject took: (0.002577s)
[2022.12.03-17.33.33:649][199]LogAIModule: Creating AISystem for world Scene01
[2022.12.03-17.33.33:649][199]LogPlayLevel: PIE: World Init took: (0.001004s)
[2022.12.03-17.33.33:649][199]LogPlayLevel: PIE: Created PIE world by copying editor world from /Game/Scenes/Scene01.Scene01 to /Game/Scenes/UEDPIE_0_Scene01.Scene01 (0.003785s)
[2022.12.03-17.33.33:728][199]LogInit: XAudio2 using 'Headphones (Bose QC45 Stereo)' : 2 channels at 44.1 kHz using 16 bits per sample (channel mask 0x3)
[2022.12.03-17.33.33:744][199]LogInit: FAudioDevice initialized.
[2022.12.03-17.33.33:784][199]LogWorld: Game class is 'Gamemode_C'
[2022.12.03-17.33.33:789][199]LogWorld: Bringing World /Game/Scenes/UEDPIE_0_Scene01.Scene01 up for play (max tick rate 0) at 2022.12.03-17.33.33
[2022.12.03-17.33.33:789][199]LogActor:Warning: GameSession /Game/Scenes/UEDPIE_0_Scene01.Scene01:PersistentLevel.GameSession_4 has natively added scene component(s), but none of them were set as the actor's RootComponent - picking one arbitrarily
[2022.12.03-17.33.33:790][199]LogActor:Warning: GameNetworkManager /Game/Scenes/UEDPIE_0_Scene01.Scene01:PersistentLevel.GameNetworkManager_4 has natively added scene component(s), but none of them were set as the actor's RootComponent - picking one arbitrarily
[2022.12.03-17.33.33:790][199]LogWorld: Bringing up level for play took: 0.003635
[2022.12.03-17.33.33:795][199]PIE: Info Play in editor start time for /Game/Scenes/UEDPIE_0_Scene01 0.143
[2022.12.03-17.33.39:260][843]LogParticles: Destroying 0 GPU particle simulations for FXSystem 0x0000024D6B50E2A0
[2022.12.03-17.35.57:695][609]Cmd: OBJ SAVEPACKAGE PACKAGE="/Game/Models/PsychoticEpisode" FILE="../../../../Hivemind/Hivemind/Content/Models/PsychoticEpisode.uasset" SILENT=true
[2022.12.03-17.35.57:724][609]LogSavePackage: Save=13.698668ms
[2022.12.03-17.35.57:724][609]LogSavePackage: Moving '../../../../Hivemind/Hivemind/Saved/PsychoticEpisode330DD246487D18329E2B30B580DA4EF5.tmp' to '../../../../Hivemind/Hivemind/Content/Models/PsychoticEpisode.uasset'
[2022.12.03-17.35.57:728][609]LogSavePackage: Total save time: 31.052269ms
[2022.12.03-17.35.57:728][609]LogSavePackage:Display: Finished SavePackage ../../../../Hivemind/Hivemind/Content/Models/PsychoticEpisode.uasset
[2022.12.03-17.36.01:327][963]LogParticles: Destroying 0 GPU particle simulations for FXSystem 0x0000024D631D9D00
[2022.12.03-17.36.07:781][602]LogActorFactory: Actor Factory created PsychoticEpisode
[2022.12.03-17.36.13:072][234]LogActorFactory: Actor Factory created PsychoticEpisode
[2022.12.03-17.36.19:721][826]Cmd: TRANSACTION UNDO
[2022.12.03-17.36.19:721][826]LogEditorTransaction: Undo Move Actors
[2022.12.03-17.36.40:551][108]Cmd: OBJ SAVEPACKAGE PACKAGE="/Game/Scenes/Scene01" FILE="../../../../Hivemind/Hivemind/Content/Scenes/Scene01.umap" SILENT=true AUTOSAVING=false KEEPDIRTY=false
[2022.12.03-17.36.40:623][108]LogSavePackage: Save=23.520937ms
[2022.12.03-17.36.40:624][108]LogSavePackage: Moving '../../../../Hivemind/Hivemind/Saved/Scene01D461C64B46B3C96B6D382E9A9FA0F20C.tmp' to '../../../../Hivemind/Hivemind/Content/Scenes/Scene01.umap'
[2022.12.03-17.36.40:628][108]LogSavePackage: Total save time: 40.411070ms
[2022.12.03-17.36.40:628][108]LogSavePackage:Display: Finished SavePackage ../../../../Hivemind/Hivemind/Content/Scenes/Scene01.umap
[2022.12.03-17.36.40:666][108]LogFileHelpers: Saving map 'Scene01' took 0.282
[2022.12.03-17.36.42:151][261]LogEditorViewport: Clicking Background
[2022.12.03-17.36.49:099][ 55]LogNavigationPoint: PostEditMove Clear paths rebuilt
[2022.12.03-17.36.49:591][ 85]Cmd: OBJ SAVEPACKAGE PACKAGE="/Game/Scenes/Scene01" FILE="../../../../Hivemind/Hivemind/Content/Scenes/Scene01.umap" SILENT=true AUTOSAVING=false KEEPDIRTY=false
[2022.12.03-17.36.49:662][ 85]LogSavePackage: Save=22.667826ms
[2022.12.03-17.36.49:662][ 85]LogSavePackage: Moving '../../../../Hivemind/Hivemind/Saved/Scene015CBBBDA34877D5E89EC6CF8107DECA76.tmp' to '../../../../Hivemind/Hivemind/Content/Scenes/Scene01.umap'
[2022.12.03-17.36.49:666][ 85]LogSavePackage: Total save time: 38.104493ms
[2022.12.03-17.36.49:666][ 85]LogSavePackage:Display: Finished SavePackage ../../../../Hivemind/Hivemind/Content/Scenes/Scene01.umap
[2022.12.03-17.36.49:703][ 85]LogFileHelpers: Saving map 'Scene01' took 0.283
[2022.12.03-17.36.50:089][128]LogPlayLevel: PlayLevel: No blueprints needed recompiling
[2022.12.03-17.36.50:090][128]PIE: New page: PIE session: Scene01 (3 Dec 2022 17:36:50)
[2022.12.03-17.36.50:090][128]LogPlayLevel: Creating play world package: /Game/Scenes/UEDPIE_0_Scene01
[2022.12.03-17.36.50:092][128]LogPlayLevel: PIE: StaticDuplicateObject took: (0.002559s)
[2022.12.03-17.36.50:093][128]LogAIModule: Creating AISystem for world Scene01
[2022.12.03-17.36.50:093][128]LogPlayLevel: PIE: World Init took: (0.001022s)
[2022.12.03-17.36.50:093][128]LogPlayLevel: PIE: Created PIE world by copying editor world from /Game/Scenes/Scene01.Scene01 to /Game/Scenes/UEDPIE_0_Scene01.Scene01 (0.003764s)
[2022.12.03-17.36.50:169][128]LogInit: XAudio2 using 'Headphones (Bose QC45 Stereo)' : 2 channels at 44.1 kHz using 16 bits per sample (channel mask 0x3)
[2022.12.03-17.36.50:185][128]LogInit: FAudioDevice initialized.
[2022.12.03-17.36.50:225][128]LogWorld: Game class is 'Gamemode_C'
[2022.12.03-17.36.50:229][128]LogWorld: Bringing World /Game/Scenes/UEDPIE_0_Scene01.Scene01 up for play (max tick rate 0) at 2022.12.03-17.36.50
[2022.12.03-17.36.50:229][128]LogActor:Warning: GameSession /Game/Scenes/UEDPIE_0_Scene01.Scene01:PersistentLevel.GameSession_5 has natively added scene component(s), but none of them were set as the actor's RootComponent - picking one arbitrarily
[2022.12.03-17.36.50:230][128]LogActor:Warning: GameNetworkManager /Game/Scenes/UEDPIE_0_Scene01.Scene01:PersistentLevel.GameNetworkManager_5 has natively added scene component(s), but none of them were set as the actor's RootComponent - picking one arbitrarily
[2022.12.03-17.36.50:230][128]LogWorld: Bringing up level for play took: 0.003611
[2022.12.03-17.36.50:234][128]PIE: Info Play in editor start time for /Game/Scenes/UEDPIE_0_Scene01 0.582
[2022.12.03-17.37.06:865][106]LogParticles: Destroying 0 GPU particle simulations for FXSystem 0x0000024D6B92E480
[2022.12.03-17.37.09:787][393]LogNavigationPoint: PostEditMove Clear paths rebuilt
[2022.12.03-17.37.10:179][412]Cmd: OBJ SAVEPACKAGE PACKAGE="/Game/Scenes/Scene01" FILE="../../../../Hivemind/Hivemind/Content/Scenes/Scene01.umap" SILENT=true AUTOSAVING=false KEEPDIRTY=false
[2022.12.03-17.37.10:251][412]LogSavePackage: Save=22.283070ms
[2022.12.03-17.37.10:251][412]LogSavePackage: Moving '../../../../Hivemind/Hivemind/Saved/Scene0145EC460A45FBA562EB49D6838B03BF68.tmp' to '../../../../Hivemind/Hivemind/Content/Scenes/Scene01.umap'
[2022.12.03-17.37.10:256][412]LogSavePackage: Total save time: 39.980851ms
[2022.12.03-17.37.10:256][412]LogSavePackage:Display: Finished SavePackage ../../../../Hivemind/Hivemind/Content/Scenes/Scene01.umap
[2022.12.03-17.37.10:295][412]LogFileHelpers: Saving map 'Scene01' took 0.283
[2022.12.03-17.37.10:792][464]LogPlayLevel: PlayLevel: No blueprints needed recompiling
[2022.12.03-17.37.10:792][464]PIE: New page: PIE session: Scene01 (3 Dec 2022 17:37:10)
[2022.12.03-17.37.10:792][464]LogPlayLevel: Creating play world package: /Game/Scenes/UEDPIE_0_Scene01
[2022.12.03-17.37.10:794][464]LogPlayLevel: PIE: StaticDuplicateObject took: (0.002463s)
[2022.12.03-17.37.10:795][464]LogAIModule: Creating AISystem for world Scene01
[2022.12.03-17.37.10:795][464]LogPlayLevel: PIE: World Init took: (0.000882s)
[2022.12.03-17.37.10:795][464]LogPlayLevel: PIE: Created PIE world by copying editor world from /Game/Scenes/Scene01.Scene01 to /Game/Scenes/UEDPIE_0_Scene01.Scene01 (0.003518s)
[2022.12.03-17.37.10:881][464]LogInit: XAudio2 using 'Headphones (Bose QC45 Stereo)' : 2 channels at 44.1 kHz using 16 bits per sample (channel mask 0x3)
[2022.12.03-17.37.10:900][464]LogInit: FAudioDevice initialized.
[2022.12.03-17.37.10:943][464]LogWorld: Game class is 'Gamemode_C'
[2022.12.03-17.37.10:947][464]LogWorld: Bringing World /Game/Scenes/UEDPIE_0_Scene01.Scene01 up for play (max tick rate 0) at 2022.12.03-17.37.10
[2022.12.03-17.37.10:947][464]LogActor:Warning: GameSession /Game/Scenes/UEDPIE_0_Scene01.Scene01:PersistentLevel.GameSession_6 has natively added scene component(s), but none of them were set as the actor's RootComponent - picking one arbitrarily
[2022.12.03-17.37.10:947][464]LogActor:Warning: GameNetworkManager /Game/Scenes/UEDPIE_0_Scene01.Scene01:PersistentLevel.GameNetworkManager_6 has natively added scene component(s), but none of them were set as the actor's RootComponent - picking one arbitrarily
[2022.12.03-17.37.10:948][464]LogWorld: Bringing up level for play took: 0.003639
[2022.12.03-17.37.10:951][464]PIE: Info Play in editor start time for /Game/Scenes/UEDPIE_0_Scene01 -0.7
[2022.12.03-17.37.15:043][940]LogParticles: Destroying 0 GPU particle simulations for FXSystem 0x0000024D1B856980
[2022.12.03-17.37.28:849][453]LogNavigationPoint: PostEditMove Clear paths rebuilt
[2022.12.03-17.37.32:068][823]LogNavigationPoint: PostEditMove Clear paths rebuilt
[2022.12.03-17.37.33:866][980]LogNavigationPoint: PostEditMove Clear paths rebuilt
[2022.12.03-17.37.36:221][253]LogNavigationPoint: PostEditMove Clear paths rebuilt
[2022.12.03-17.37.37:692][360]LogNavigationPoint: PostEditMove Clear paths rebuilt
[2022.12.03-17.37.39:524][568]LogNavigationPoint: PostEditMove Clear paths rebuilt
[2022.12.03-17.37.41:132][711]Cmd: OBJ SAVEPACKAGE PACKAGE="/Game/Scenes/Scene01" FILE="../../../../Hivemind/Hivemind/Content/Scenes/Scene01.umap" SILENT=true AUTOSAVING=false KEEPDIRTY=false
[2022.12.03-17.37.41:201][711]LogSavePackage: Save=22.346136ms
[2022.12.03-17.37.41:201][711]LogSavePackage: Moving '../../../../Hivemind/Hivemind/Saved/Scene012E91B1C0435CCE564930CD8F4379514F.tmp' to '../../../../Hivemind/Hivemind/Content/Scenes/Scene01.umap'
[2022.12.03-17.37.41:207][711]LogSavePackage: Total save time: 39.294448ms
[2022.12.03-17.37.41:207][711]LogSavePackage:Display: Finished SavePackage ../../../../Hivemind/Hivemind/Content/Scenes/Scene01.umap
[2022.12.03-17.37.41:247][711]LogFileHelpers: Saving map 'Scene01' took 0.282
[2022.12.03-17.37.41:727][764]LogPlayLevel: PlayLevel: No blueprints needed recompiling
[2022.12.03-17.37.41:727][764]PIE: New page: PIE session: Scene01 (3 Dec 2022 17:37:41)
[2022.12.03-17.37.41:727][764]LogPlayLevel: Creating play world package: /Game/Scenes/UEDPIE_0_Scene01
[2022.12.03-17.37.41:730][764]LogPlayLevel: PIE: StaticDuplicateObject took: (0.002417s)
[2022.12.03-17.37.41:731][764]LogAIModule: Creating AISystem for world Scene01
[2022.12.03-17.37.41:731][764]LogPlayLevel: PIE: World Init took: (0.000890s)
[2022.12.03-17.37.41:731][764]LogPlayLevel: PIE: Created PIE world by copying editor world from /Game/Scenes/Scene01.Scene01 to /Game/Scenes/UEDPIE_0_Scene01.Scene01 (0.003474s)
[2022.12.03-17.37.41:810][764]LogInit: XAudio2 using 'Headphones (Bose QC45 Stereo)' : 2 channels at 44.1 kHz using 16 bits per sample (channel mask 0x3)
[2022.12.03-17.37.41:825][764]LogInit: FAudioDevice initialized.
[2022.12.03-17.37.41:863][764]LogWorld: Game class is 'Gamemode_C'
[2022.12.03-17.37.41:868][764]LogWorld: Bringing World /Game/Scenes/UEDPIE_0_Scene01.Scene01 up for play (max tick rate 0) at 2022.12.03-17.37.41
[2022.12.03-17.37.41:868][764]LogActor:Warning: GameSession /Game/Scenes/UEDPIE_0_Scene01.Scene01:PersistentLevel.GameSession_7 has natively added scene component(s), but none of them were set as the actor's RootComponent - picking one arbitrarily
[2022.12.03-17.37.41:869][764]LogActor:Warning: GameNetworkManager /Game/Scenes/UEDPIE_0_Scene01.Scene01:PersistentLevel.GameNetworkManager_7 has natively added scene component(s), but none of them were set as the actor's RootComponent - picking one arbitrarily
[2022.12.03-17.37.41:869][764]LogWorld: Bringing up level for play took: 0.003718
[2022.12.03-17.37.41:873][764]PIE: Info Play in editor start time for /Game/Scenes/UEDPIE_0_Scene01 0.22
[2022.12.03-17.37.50:838][819]LogParticles: Destroying 0 GPU particle simulations for FXSystem 0x0000024D6B908C20
[2022.12.03-17.40.33:829][983]Cmd: QUIT_EDITOR
[2022.12.03-17.40.34:521][983]LogWindowsTextInputMethodSystem:Display: IME system now deactivated.
[2022.12.03-17.40.34:727][983]LogExit: Preparing to exit.
[2022.12.03-17.40.34:972][983]LogExit: Editor shut down
[2022.12.03-17.40.34:973][983]LogExit: Transaction tracking system shut down
[2022.12.03-17.40.34:975][983]LogParticles: Destroying 0 GPU particle simulations for FXSystem 0x0000024D3F54F1A0
[2022.12.03-17.40.34:976][983]LogParticles: Destroying 0 GPU particle simulations for FXSystem 0x0000024D2F6FB6A0
[2022.12.03-17.40.34:976][983]LogParticles: Destroying 0 GPU particle simulations for FXSystem 0x0000024D2F8B58A0
[2022.12.03-17.40.34:976][983]LogParticles: Destroying 0 GPU particle simulations for FXSystem 0x0000024D18C800E0
[2022.12.03-17.40.34:978][983]LogParticles: Destroying 0 GPU particle simulations for FXSystem 0x0000024D40145F80
[2022.12.03-17.40.35:281][983]LogExit: Object subsystem successfully closed.
[2022.12.03-17.40.35:305][983]LogD3D11RHI: Shutdown
[2022.12.03-17.40.35:305][983]LogD3D11RHI: CleanupD3DDevice
[2022.12.03-17.40.35:423][983]LogD3D11RHI: ~FD3D11DynamicRHI
[2022.12.03-17.40.35:460][983]LogModuleManager: Shutting down and abandoning module BlueprintGraph (201)
[2022.12.03-17.40.35:460][983]LogModuleManager: Shutting down and abandoning module CookingStats (200)
[2022.12.03-17.40.35:460][983]LogModuleManager: Shutting down and abandoning module StaticMeshEditor (199)
[2022.12.03-17.40.35:460][983]LogModuleManager: Shutting down and abandoning module CrashTracker (198)
[2022.12.03-17.40.35:461][983]LogModuleManager: Shutting down and abandoning module SceneOutliner (197)
[2022.12.03-17.40.35:461][983]LogModuleManager: Shutting down and abandoning module SuperSearch (196)
[2022.12.03-17.40.35:461][983]LogModuleManager: Shutting down and abandoning module WidgetCarousel (195)
[2022.12.03-17.40.35:461][983]LogModuleManager: Shutting down and abandoning module AddContentDialog (194)
[2022.12.03-17.40.35:462][983]LogModuleManager: Shutting down and abandoning module EditorWidgets (193)
[2022.12.03-17.40.35:462][983]LogModuleManager: Shutting down and abandoning module CollectionManager (192)
[2022.12.03-17.40.35:462][983]LogModuleManager: Shutting down and abandoning module StatsViewer (191)
[2022.12.03-17.40.35:462][983]LogModuleManager: Shutting down and abandoning module FoliageEdit (190)
[2022.12.03-17.40.35:462][983]LogModuleManager: Shutting down and abandoning module LandscapeEditor (189)
[2022.12.03-17.40.35:463][983]LogModuleManager: Shutting down and abandoning module ActorPickerMode (188)
[2022.12.03-17.40.35:463][983]LogModuleManager: Shutting down and abandoning module GeometryMode (187)
[2022.12.03-17.40.35:463][983]LogModuleManager: Shutting down and abandoning module TextureAlignMode (186)
[2022.12.03-17.40.35:463][983]LogModuleManager: Shutting down and abandoning module BspMode (185)
[2022.12.03-17.40.35:463][983]LogModuleManager: Shutting down and abandoning module PlacementMode (184)
[2022.12.03-17.40.35:463][983]LogModuleManager: Shutting down and abandoning module AutomationWorker (183)
[2022.12.03-17.40.35:463][983]LogModuleManager: Shutting down and abandoning module CharacterAI (182)
[2022.12.03-17.40.35:463][983]LogModuleManager: Shutting down and abandoning module SmartSnapping (181)
[2022.12.03-17.40.35:463][983]LogModuleManager: Shutting down and abandoning module ViewportSnapping (180)
[2022.12.03-17.40.35:463][983]LogModuleManager: Shutting down and abandoning module LogVisualizer (179)
[2022.12.03-17.40.35:463][983]LogModuleManager: Shutting down and abandoning module GameProjectGeneration (178)
[2022.12.03-17.40.35:463][983]LogModuleManager: Shutting down and abandoning module IntroTutorials (177)
[2022.12.03-17.40.35:463][983]LogModuleManager: Shutting down and abandoning module EditorLiveStreaming (176)
[2022.12.03-17.40.35:463][983]LogModuleManager: Shutting down and abandoning module IOSPlatformEditor (175)
[2022.12.03-17.40.35:463][983]LogModuleManager: Shutting down and abandoning module HTML5PlatformEditor (174)
[2022.12.03-17.40.35:463][983]LogModuleManager: Shutting down and abandoning module AndroidDeviceDetection (173)
[2022.12.03-17.40.35:721][983]LogModuleManager: Shutting down and abandoning module AndroidPlatformEditor (172)
[2022.12.03-17.40.35:721][983]LogModuleManager: Shutting down and abandoning module IOSRuntimeSettings (171)
[2022.12.03-17.40.35:721][983]LogModuleManager: Shutting down and abandoning module AndroidRuntimeSettings (170)
[2022.12.03-17.40.35:721][983]LogModuleManager: Shutting down and abandoning module MergeActors (169)
[2022.12.03-17.40.35:721][983]LogModuleManager: Shutting down and abandoning module SizeMap (168)
[2022.12.03-17.40.35:721][983]LogModuleManager: Shutting down and abandoning module TreeMap (167)
[2022.12.03-17.40.35:721][983]LogModuleManager: Shutting down and abandoning module ReferenceViewer (166)
[2022.12.03-17.40.35:721][983]LogModuleManager: Shutting down and abandoning module LocalizationService (165)
[2022.12.03-17.40.35:721][983]LogModuleManager: Shutting down and abandoning module LocalizationDashboard (164)
[2022.12.03-17.40.35:721][983]LogModuleManager: Shutting down and abandoning module HardwareTargeting (163)
[2022.12.03-17.40.35:721][983]LogModuleManager: Shutting down and abandoning module DeviceProfileEditor (162)
[2022.12.03-17.40.35:721][983]LogModuleManager: Shutting down and abandoning module UndoHistory (161)
[2022.12.03-17.40.35:721][983]LogModuleManager: Shutting down and abandoning module GameplayTagsEditor (160)
[2022.12.03-17.40.35:721][983]LogModuleManager: Shutting down and abandoning module UserFeedback (159)
[2022.12.03-17.40.35:721][983]LogModuleManager: Shutting down and abandoning module XmlParser (158)
[2022.12.03-17.40.35:721][983]LogModuleManager: Shutting down and abandoning module Blutility (157)
[2022.12.03-17.40.35:721][983]LogModuleManager: Shutting down and abandoning module ProjectTargetPlatformEditor (156)
[2022.12.03-17.40.35:722][983]LogModuleManager: Shutting down and abandoning module ProjectSettingsViewer (155)
[2022.12.03-17.40.35:722][983]LogModuleManager: Shutting down and abandoning module InputBindingEditor (154)
[2022.12.03-17.40.35:722][983]LogModuleManager: Shutting down and abandoning module EditorSettingsViewer (153)
[2022.12.03-17.40.35:722][983]LogModuleManager: Shutting down and abandoning module SettingsEditor (152)
[2022.12.03-17.40.35:722][983]LogModuleManager: Shutting down and abandoning module ProjectLauncher (151)
[2022.12.03-17.40.35:722][983]LogModuleManager: Shutting down and abandoning module SessionFrontend (150)
[2022.12.03-17.40.35:722][983]LogModuleManager: Shutting down and abandoning module ProfilerClient (149)
[2022.12.03-17.40.35:722][983]LogModuleManager: Shutting down and abandoning module TargetDeviceServices (148)
[2022.12.03-17.40.35:722][983]LogModuleManager: Shutting down and abandoning module DeviceManager (147)
[2022.12.03-17.40.35:722][983]LogModuleManager: Shutting down and abandoning module AutomationController (146)
[2022.12.03-17.40.35:722][983]LogModuleManager: Shutting down and abandoning module AutomationWindow (145)
[2022.12.03-17.40.35:722][983]LogModuleManager: Shutting down and abandoning module Layers (144)
[2022.12.03-17.40.35:722][983]LogModuleManager: Shutting down and abandoning module ComponentVisualizers (143)
[2022.12.03-17.40.35:722][983]LogModuleManager: Shutting down and abandoning module DetailCustomizations (142)
[2022.12.03-17.40.35:722][983]LogModuleManager: Shutting down and abandoning module PackagesDialog (141)
[2022.12.03-17.40.35:722][983]LogModuleManager: Shutting down and abandoning module Persona (140)
[2022.12.03-17.40.35:722][983]LogModuleManager: Shutting down and abandoning module Kismet (139)
[2022.12.03-17.40.35:722][983]LogModuleManager: Shutting down and abandoning module GraphEditor (138)
[2022.12.03-17.40.35:722][983]LogModuleManager: Shutting down and abandoning module ClassViewer (137)
[2022.12.03-17.40.35:724][983]LogModuleManager: Shutting down and abandoning module Toolbox (136)
[2022.12.03-17.40.35:724][983]LogModuleManager: Shutting down and abandoning module ModuleUI (135)
[2022.12.03-17.40.35:724][983]LogModuleManager: Shutting down and abandoning module MovieSceneTools (134)
[2022.12.03-17.40.35:724][983]LogModuleManager: Shutting down and abandoning module OutputLog (133)
[2022.12.03-17.40.35:724][983]LogModuleManager: Shutting down and abandoning module GammaUI (132)
[2022.12.03-17.40.35:724][983]LogModuleManager: Shutting down and abandoning module Documentation (131)
[2022.12.03-17.40.35:724][983]LogModuleManager: Shutting down and abandoning module GameLiveStreaming (130)
[2022.12.03-17.40.35:724][983]LogModuleManager: Shutting down and abandoning module StreamingPauseRendering (129)
[2022.12.03-17.40.35:724][983]LogModuleManager: Shutting down and abandoning module AnalyticsET (128)
[2022.12.03-17.40.35:724][983]LogModuleManager: Shutting down and abandoning module Analytics (127)
[2022.12.03-17.40.35:724][983]LogModuleManager: Shutting down and abandoning module AITestSuite (126)
[2022.12.03-17.40.35:724][983]LogModuleManager: Shutting down and abandoning module GameplayDebugger (125)
[2022.12.03-17.40.35:724][983]LogModuleManager: Shutting down and abandoning module AIModule (124)
[2022.12.03-17.40.35:724][983]LogModuleManager: Shutting down and abandoning module ProfilerService (123)
[2022.12.03-17.40.35:927][983]LogModuleManager: Shutting down and abandoning module TaskGraph (122)
[2022.12.03-17.40.35:927][983]LogModuleManager: Shutting down and abandoning module SlateRemote (121)
[2022.12.03-17.40.35:927][983]LogModuleManager: Shutting down and abandoning module SteamVRController (120)
[2022.12.03-17.40.35:927][983]LogModuleManager: Shutting down and abandoning module SteamVR (119)
[2022.12.03-17.40.35:927][983]LogModuleManager: Shutting down and abandoning module ProceduralMeshComponent (118)
[2022.12.03-17.40.35:927][983]LogModuleManager: Shutting down and abandoning module OculusLibrary (117)
[2022.12.03-17.40.35:927][983]LogModuleManager: Shutting down and abandoning module OculusInput (116)
[2022.12.03-17.40.35:927][983]LogModuleManager: Shutting down and abandoning module LeapMotionController (115)
[2022.12.03-17.40.35:958][983]LogModuleManager: Shutting down and abandoning module CustomMeshComponent (114)
[2022.12.03-17.40.35:958][983]LogModuleManager: Shutting down and abandoning module CableComponent (113)
[2022.12.03-17.40.35:958][983]LogModuleManager: Shutting down and abandoning module ArchVisCharacter (112)
[2022.12.03-17.40.35:958][983]LogModuleManager: Shutting down and abandoning module MessagingDebugger (111)
[2022.12.03-17.40.35:958][983]LogModuleManager: Shutting down and abandoning module MediaPlayerEditor (110)
[2022.12.03-17.40.35:958][983]LogModuleManager: Shutting down and abandoning module HTML5Networking (109)
[2022.12.03-17.40.35:958][983]LogModuleManager: Shutting down and abandoning module SpeedTreeImporter (108)
[2022.12.03-17.40.35:958][983]LogModuleManager: Shutting down and abandoning module PluginBrowser (107)
[2022.12.03-17.40.35:958][983]LogModuleManager: Shutting down and abandoning module EpicSurvey (106)
[2022.12.03-17.40.35:958][983]LogModuleManager: Shutting down and abandoning module DesktopPlatform (105)
[2022.12.03-17.40.35:958][983]LogModuleManager: Shutting down and abandoning module VisualStudioSourceCodeAccess (104)
[2022.12.03-17.40.35:958][983]LogModuleManager: Shutting down and abandoning module UObjectPlugin (103)
[2022.12.03-17.40.35:958][983]LogModuleManager: Shutting down and abandoning module SubversionSourceControl (102)
[2022.12.03-17.40.35:958][983]LogModuleManager: Shutting down and abandoning module PerforceSourceControl (101)
[2022.12.03-17.40.35:958][983]LogModuleManager: Shutting down and abandoning module SourceControl (100)
[2022.12.03-17.40.35:958][983]LogModuleManager: Shutting down and abandoning module GitSourceControl (99)
[2022.12.03-17.40.35:958][983]LogModuleManager: Shutting down and abandoning module LightPropagationVolumeEditor (98)
[2022.12.03-17.40.35:958][983]LogModuleManager: Shutting down and abandoning module PaperTiledImporter (97)
[2022.12.03-17.40.35:958][983]LogModuleManager: Shutting down and abandoning module PaperSpriteSheetImporter (96)
[2022.12.03-17.40.35:958][983]LogModuleManager: Shutting down and abandoning module MeshPaint (95)
[2022.12.03-17.40.35:958][983]LogModuleManager: Shutting down and abandoning module SlateReflector (94)
[2022.12.03-17.40.35:958][983]LogModuleManager: Shutting down and abandoning module HotReload (93)
[2022.12.03-17.40.35:958][983]LogModuleManager: Shutting down and abandoning module MainFrame (92)
[2022.12.03-17.40.35:958][983]LogModuleManager: Shutting down and abandoning module LevelEditor (91)
[2022.12.03-17.40.35:959][983]LogModuleManager: Shutting down and abandoning module DirectoryWatcher (90)
[2022.12.03-17.40.35:961][983]LogModuleManager: Shutting down and abandoning module AssetRegistry (89)
[2022.12.03-17.40.36:050][983]LogModuleManager: Shutting down and abandoning module ContentBrowser (88)
[2022.12.03-17.40.36:051][983]LogModuleManager: Shutting down and abandoning module Paper2DEditor (87)
[2022.12.03-17.40.36:051][983]LogModuleManager: Shutting down and abandoning module UdpMessaging (86)
[2022.12.03-17.40.36:153][983]LogModuleManager: Shutting down and abandoning module LightPropagationVolumeRuntime (85)
[2022.12.03-17.40.36:153][983]LogModuleManager: Shutting down and abandoning module Paper2D (84)
[2022.12.03-17.40.36:153][983]LogModuleManager: Shutting down and abandoning module WindowsMoviePlayer (83)
[2022.12.03-17.40.36:156][983]LogModuleManager: Shutting down and abandoning module Media (82)
[2022.12.03-17.40.36:156][983]LogModuleManager: Shutting down and abandoning module WmfMedia (81)
[2022.12.03-17.40.36:158][983]LogModuleManager: Shutting down and abandoning module OnlineBlueprintSupport (80)
[2022.12.03-17.40.36:158][983]LogModuleManager: Shutting down and abandoning module GameplayTasksEditor (79)
[2022.12.03-17.40.36:158][983]LogModuleManager: Shutting down and abandoning module PropertyEditor (78)
[2022.12.03-17.40.36:158][983]LogModuleManager: Shutting down and abandoning module BehaviorTreeEditor (77)
[2022.12.03-17.40.36:159][983]LogModuleManager: Shutting down and abandoning module FunctionalTesting (76)
[2022.12.03-17.40.36:159][983]LogModuleManager: Shutting down and abandoning module CollisionAnalyzer (75)
[2022.12.03-17.40.36:159][983]LogModuleManager: Shutting down and abandoning module WorkspaceMenuStructure (74)
[2022.12.03-17.40.36:159][983]LogModuleManager: Shutting down and abandoning module MessageLog (73)
[2022.12.03-17.40.36:159][983]LogModuleManager: Shutting down and abandoning module Sequencer (72)
[2022.12.03-17.40.36:159][983]LogModuleManager: Shutting down and abandoning module AssetTools (71)
[2022.12.03-17.40.36:159][983]LogModuleManager: Shutting down and abandoning module UMGEditor (70)
[2022.12.03-17.40.36:159][983]LogModuleManager: Shutting down and abandoning module UMG (69)
[2022.12.03-17.40.36:159][983]LogModuleManager: Shutting down and abandoning module Slate (68)
[2022.12.03-17.40.36:159][983]LogModuleManager: Shutting down and abandoning module EditorStyle (67)
[2022.12.03-17.40.36:161][983]LogModuleManager: Shutting down and abandoning module SessionServices (66)
[2022.12.03-17.40.36:161][983]LogModuleManager: Shutting down and abandoning module SourceCodeAccess (65)
[2022.12.03-17.40.36:161][983]LogModuleManager: Shutting down and abandoning module HeadMountedDisplay (64)
[2022.12.03-17.40.36:161][983]LogModuleManager: Shutting down and abandoning module XAudio2 (63)
[2022.12.03-17.40.36:161][983]LogModuleManager: Shutting down and abandoning module Networking (61)
[2022.12.03-17.40.36:161][983]LogModuleManager: Shutting down and abandoning module Core (60)
[2022.12.03-17.40.36:161][983]LogModuleManager: Shutting down and abandoning module KismetCompiler (59)
[2022.12.03-17.40.36:161][983]LogModuleManager: Shutting down and abandoning module PhysXFormats (58)
[2022.12.03-17.40.36:161][983]LogModuleManager: Shutting down and abandoning module MeshUtilities (57)
[2022.12.03-17.40.36:161][983]LogModuleManager: Shutting down and abandoning module DerivedDataCache (56)
[2022.12.03-17.40.36:229][983]LogDerivedDataCache: Shutdown
[2022.12.03-17.40.36:229][983]LogModuleManager: Shutting down and abandoning module ShaderFormatOpenGL (55)
[2022.12.03-17.40.36:229][983]LogModuleManager: Shutting down and abandoning module ShaderFormatD3D (54)
[2022.12.03-17.40.36:229][983]LogModuleManager: Shutting down and abandoning module MetalShaderFormat (53)
[2022.12.03-17.40.36:229][983]LogModuleManager: Shutting down and abandoning module TextureFormatUncompressed (52)
[2022.12.03-17.40.36:229][983]LogModuleManager: Shutting down and abandoning module TextureFormatPVR (51)
[2022.12.03-17.40.36:229][983]LogModuleManager: Shutting down and abandoning module TextureFormatIntelISPCTexComp (50)
[2022.12.03-17.40.36:229][983]LogModuleManager: Shutting down and abandoning module TextureFormatDXT (49)
[2022.12.03-17.40.36:229][983]LogModuleManager: Shutting down and abandoning module ImageWrapper (48)
[2022.12.03-17.40.36:229][983]LogModuleManager: Shutting down and abandoning module TextureFormatASTC (47)
[2022.12.03-17.40.36:229][983]LogModuleManager: Shutting down and abandoning module TextureFormatAndroid (46)
[2022.12.03-17.40.36:229][983]LogModuleManager: Shutting down and abandoning module AudioFormatOpus (45)
[2022.12.03-17.40.36:229][983]LogModuleManager: Shutting down and abandoning module AudioFormatOgg (44)
[2022.12.03-17.40.36:229][983]LogModuleManager: Shutting down and abandoning module AudioFormatADPCM (43)
[2022.12.03-17.40.36:229][983]LogModuleManager: Shutting down and abandoning module LinuxTargetPlatform (42)
[2022.12.03-17.40.36:229][983]LogModuleManager: Shutting down and abandoning module LinuxServerTargetPlatform (41)
[2022.12.03-17.40.36:229][983]LogModuleManager: Shutting down and abandoning module LinuxNoEditorTargetPlatform (40)
[2022.12.03-17.40.36:230][983]LogModuleManager: Shutting down and abandoning module Messaging (39)
[2022.12.03-17.40.36:230][983]LogModuleManager: Shutting down and abandoning module IOSTargetPlatform (38)
[2022.12.03-17.40.36:230][983]LogModuleManager: Shutting down and abandoning module HTML5TargetPlatform (37)
[2022.12.03-17.40.36:230][983]LogModuleManager: Shutting down and abandoning module Android_PVRTCTargetPlatform (36)
[2022.12.03-17.40.36:230][983]LogModuleManager: Shutting down and abandoning module Android_MultiTargetPlatform (35)
[2022.12.03-17.40.36:230][983]LogModuleManager: Shutting down and abandoning module Android_ETC2TargetPlatform (34)
[2022.12.03-17.40.36:230][983]LogModuleManager: Shutting down and abandoning module Android_ETC1TargetPlatform (33)
[2022.12.03-17.40.36:230][983]LogModuleManager: Shutting down and abandoning module Android_DXTTargetPlatform (32)
[2022.12.03-17.40.36:230][983]LogModuleManager: Shutting down and abandoning module Android_ATCTargetPlatform (31)
[2022.12.03-17.40.36:230][983]LogModuleManager: Shutting down and abandoning module Android_ASTCTargetPlatform (30)
[2022.12.03-17.40.36:230][983]LogModuleManager: Shutting down and abandoning module AndroidTargetPlatform (29)
[2022.12.03-17.40.36:230][983]LogModuleManager: Shutting down and abandoning module WindowsTargetPlatform (28)
[2022.12.03-17.40.36:230][983]LogModuleManager: Shutting down and abandoning module WindowsServerTargetPlatform (27)
[2022.12.03-17.40.36:230][983]LogModuleManager: Shutting down and abandoning module WindowsNoEditorTargetPlatform (26)
[2022.12.03-17.40.36:230][983]LogModuleManager: Shutting down and abandoning module WindowsClientTargetPlatform (25)
[2022.12.03-17.40.36:230][983]LogModuleManager: Shutting down and abandoning module AllDesktopTargetPlatform (24)
[2022.12.03-17.40.36:230][983]LogModuleManager: Shutting down and abandoning module TargetPlatform (23)
[2022.12.03-17.40.36:230][983]LogModuleManager: Shutting down and abandoning module InputCore (22)
[2022.12.03-17.40.36:230][983]LogModuleManager: Shutting down and abandoning module Settings (21)
[2022.12.03-17.40.36:230][983]LogModuleManager: Shutting down and abandoning module OnlineSubsystem (19)
[2022.12.03-17.40.36:230][983]LogModuleManager: Shutting down and abandoning module HTTP (18)
[2022.12.03-17.40.38:238][983]LogModuleManager: Shutting down and abandoning module XMPP (17)
[2022.12.03-17.40.38:238][983]LogModuleManager: Shutting down and abandoning module OculusRift (16)
[2022.12.03-17.40.38:238][983]LogModuleManager: Shutting down and abandoning module ExampleDeviceProfileSelector (15)
[2022.12.03-17.40.38:238][983]LogModuleManager: Shutting down and abandoning module TextureCompressor (14)
[2022.12.03-17.40.38:238][983]LogModuleManager: Shutting down and abandoning module ShaderCore (13)
[2022.12.03-17.40.38:238][983]LogModuleManager: Shutting down and abandoning module Landscape (12)
[2022.12.03-17.40.38:238][983]LogModuleManager: Shutting down and abandoning module SlateRHIRenderer (11)
[2022.12.03-17.40.38:244][983]LogModuleManager: Shutting down and abandoning module OpenGLDrv (10)
[2022.12.03-17.40.38:244][983]LogModuleManager: Shutting down and abandoning module D3D11RHI (9)
[2022.12.03-17.40.38:244][983]LogModuleManager: Shutting down and abandoning module AnimGraphRuntime (8)
[2022.12.03-17.40.38:244][983]LogModuleManager: Shutting down and abandoning module Renderer (7)
[2022.12.03-17.40.38:244][983]LogModuleManager: Shutting down and abandoning module Engine (6)
[2022.12.03-17.40.38:244][983]LogModuleManager: Shutting down and abandoning module CoreUObject (5)
[2022.12.03-17.40.38:244][983]LogModuleManager: Shutting down and abandoning module NetworkFile (4)
[2022.12.03-17.40.38:244][983]LogModuleManager: Shutting down and abandoning module StreamingFile (3)
[2022.12.03-17.40.38:244][983]LogModuleManager: Shutting down and abandoning module SandboxFile (2)
[2022.12.03-17.40.38:244][983]LogModuleManager: Shutting down and abandoning module PakFile (1)
[2022.12.03-17.40.38:246][983]LogExit: Exiting.
[2022.12.03-17.40.38:248][983]Log file closed, 12/03/22 17:40:38
