Log file open, 12/13/22 10:37:10
LogWindows: Failed to load 'aqProf.dll' (GetLastError=126)
LogWindows: File 'aqProf.dll' does not exist
LogWindows: Failed to load 'VtuneApi.dll' (GetLastError=126)
LogWindows: File 'VtuneApi.dll' does not exist
LogWindows: Failed to load 'VtuneApi32e.dll' (GetLastError=126)
LogWindows: File 'VtuneApi32e.dll' does not exist
LogConsoleResponse: Display: Failed to find resolution value strings in scalability ini. Falling back to default.
LogConsoleResponse: Display: Failed to find resolution value strings in scalability ini. Falling back to default.
LogInit: Display: Running engine for game: Hivemind
LogPlatformFile: Not using cached read wrapper
LogTaskGraph: Started task graph with 5 named threads and 35 total threads with 3 sets of task threads.
LogStats: Stats thread started at 0.558392
LogICUInternationalization: ICU TimeZone Detection - Raw Offset: +0:00, Platform Override: ''
LogInit: Display: Loading text-based GConfig....
LogPluginManager: Mounting plugin MeshPainting
LogPluginManager: Mounting plugin XGEController
LogPluginManager: Mounting plugin Paper2D
LogPluginManager: Mounting plugin LiveLink
LogPluginManager: Mounting plugin AssetManagerEditor
LogPluginManager: Mounting plugin CurveEditorTools
LogPluginManager: Mounting plugin LightPropagationVolume
LogPluginManager: Mounting plugin FacialAnimation
LogPluginManager: Mounting plugin GeometryMode
LogPluginManager: Mounting plugin CryptoKeys
LogPluginManager: Mounting plugin MacGraphicsSwitching
LogPluginManager: Mounting plugin DataValidation
LogPluginManager: Mounting plugin GameplayTagsEditor
LogPluginManager: Mounting plugin CameraShakePreviewer
LogPluginManager: Mounting plugin MobileLauncherProfileWizard
LogPluginManager: Mounting plugin SpeedTreeImporter
LogPluginManager: Mounting plugin DatasmithContent
LogPluginManager: Mounting plugin MaterialAnalyzer
LogPluginManager: Mounting plugin PluginBrowser
LogPluginManager: Mounting plugin GameplayCameras
LogPluginManager: Mounting plugin Niagara
LogPluginManager: Mounting plugin MagicLeap
LogPluginManager: Mounting plugin LuminPlatformFeatures
LogPluginManager: Mounting plugin MagicLeapMedia
LogPluginManager: Mounting plugin VariantManagerContent
LogPluginManager: Mounting plugin MagicLeapPassableWorld
LogPluginManager: Mounting plugin MagicLeapLightEstimation
LogPluginManager: Mounting plugin OodleData
LogPluginManager: Mounting plugin MLSDK
LogPluginManager: Mounting plugin ActorSequence
LogPluginManager: Mounting plugin AISupport
LogPluginManager: Mounting plugin OodleNetwork
LogPluginManager: Mounting plugin EnvironmentQueryEditor
LogPluginManager: Mounting plugin LevelSequenceEditor
LogPluginManager: Mounting plugin TemplateSequence
LogPluginManager: Mounting plugin MatineeToLevelSequence
LogPluginManager: Mounting plugin OnlineSubsystem
LogPluginManager: Mounting plugin OnlineSubsystemUtils
LogPluginManager: Mounting plugin OnlineSubsystemNull
LogPluginManager: Mounting plugin AnimationSharing
LogPluginManager: Mounting plugin CLionSourceCodeAccess
LogPluginManager: Mounting plugin GitSourceControl
LogPluginManager: Mounting plugin PerforceSourceControl
LogPluginManager: Mounting plugin PixWinPlugin
LogPluginManager: Mounting plugin NullSourceCodeAccess
LogPluginManager: Mounting plugin PlasticSourceControl
LogPluginManager: Mounting plugin KDevelopSourceCodeAccess
LogPluginManager: Mounting plugin CodeLiteSourceCodeAccess
LogPluginManager: Mounting plugin PropertyAccessNode
LogPluginManager: Mounting plugin PluginUtils
LogPluginManager: Mounting plugin RiderSourceCodeAccess
LogPluginManager: Mounting plugin VisualStudioCodeSourceCodeAccess
LogPluginManager: Mounting plugin SubversionSourceControl
LogPluginManager: Mounting plugin VisualStudioSourceCodeAccess
LogPluginManager: Mounting plugin UObjectPlugin
LogPluginManager: Mounting plugin XCodeSourceCodeAccess
LogPluginManager: Mounting plugin TextureFormatOodle
LogPluginManager: Mounting plugin AndroidMedia
LogPluginManager: Mounting plugin AvfMedia
LogPluginManager: Mounting plugin ImgMedia
LogPluginManager: Mounting plugin MediaCompositing
LogPluginManager: Mounting plugin WebMMedia
LogPluginManager: Mounting plugin MediaPlayerEditor
LogPluginManager: Mounting plugin AlembicImporter
LogPluginManager: Mounting plugin AutomationUtils
LogPluginManager: Mounting plugin WmfMedia
LogPluginManager: Mounting plugin LauncherChunkInstaller
LogPluginManager: Mounting plugin ChaosEditor
LogPluginManager: Mounting plugin ChaosNiagara
LogPluginManager: Mounting plugin ChaosCloth
LogPluginManager: Mounting plugin ChaosSolverPlugin
LogPluginManager: Mounting plugin BackChannel
LogPluginManager: Mounting plugin ChaosClothEditor
LogPluginManager: Mounting plugin GeometryCache
LogPluginManager: Mounting plugin CharacterAI
LogPluginManager: Mounting plugin GeometryCollectionPlugin
LogPluginManager: Mounting plugin MotoSynth
LogPluginManager: Mounting plugin GeometryProcessing
LogPluginManager: Mounting plugin PythonScriptPlugin
LogPluginManager: Mounting plugin PlanarCut
LogPluginManager: Mounting plugin OpenImageDenoise
LogPluginManager: Mounting plugin PlatformCrypto
LogPluginManager: Mounting plugin SkeletalReduction
LogPluginManager: Mounting plugin ProxyLODPlugin
LogPluginManager: Mounting plugin UdpMessaging
LogPluginManager: Mounting plugin TcpMessaging
LogPluginManager: Mounting plugin ScreenshotTools
LogPluginManager: Mounting plugin Takes
LogPluginManager: Mounting plugin ActorLayerUtilities
LogPluginManager: Mounting plugin AppleImageUtils
LogPluginManager: Mounting plugin AndroidDeviceProfileSelector
LogPluginManager: Mounting plugin AndroidMoviePlayer
LogPluginManager: Mounting plugin AndroidPermission
LogPluginManager: Mounting plugin ArchVisCharacter
LogPluginManager: Mounting plugin AssetTags
LogPluginManager: Mounting plugin AppleMoviePlayer
LogPluginManager: Mounting plugin AudioCapture
LogPluginManager: Mounting plugin CableComponent
LogPluginManager: Mounting plugin CustomMeshComponent
LogPluginManager: Mounting plugin AudioSynesthesia
LogPluginManager: Mounting plugin ChunkDownloader
LogPluginManager: Mounting plugin EditableMesh
LogPluginManager: Mounting plugin ExampleDeviceProfileSelector
LogPluginManager: Mounting plugin GooglePAD
LogPluginManager: Mounting plugin GoogleCloudMessaging
LogPluginManager: Mounting plugin IOSDeviceProfileSelector
LogPluginManager: Mounting plugin LinuxDeviceProfileSelector
LogPluginManager: Mounting plugin LocationServicesBPLibrary
LogPluginManager: Mounting plugin OpenXR
LogPluginManager: Mounting plugin MobilePatchingUtils
LogPluginManager: Mounting plugin OpenXREyeTracker
LogPluginManager: Mounting plugin OpenXRHandTracking
LogPluginManager: Mounting plugin PhysXVehicles
LogPluginManager: Mounting plugin PostSplashScreen
LogPluginManager: Mounting plugin ProceduralMeshComponent
LogPluginManager: Mounting plugin PropertyAccessEditor
LogPluginManager: Mounting plugin Synthesis
LogPluginManager: Mounting plugin RuntimePhysXCooking
LogPluginManager: Mounting plugin SignificanceManager
LogPluginManager: Mounting plugin SoundFields
LogPluginManager: Mounting plugin WebMMoviePlayer
LogPluginManager: Mounting plugin WindowsMoviePlayer
LogPluginManager: Mounting plugin ContentBrowserFileDataSource
LogPluginManager: Mounting plugin ContentBrowserAssetDataSource
LogPluginManager: Mounting plugin ContentBrowserClassDataSource
LogPluginManager: Mounting plugin OnlineSubsystemGooglePlay
LogPluginManager: Mounting plugin OnlineSubsystemIOS
LogPluginManager: Mounting plugin OculusVR
LogPluginManager: Mounting plugin SteamVR
LogInit: Using libcurl 7.55.1-DEV
LogInit:  - built for x86_64-pc-win32
LogInit:  - supports SSL with OpenSSL/1.1.1
LogInit:  - supports HTTP deflate (compression) using libz 1.2.8
LogInit:  - other features:
LogInit:      CURL_VERSION_SSL
LogInit:      CURL_VERSION_LIBZ
LogInit:      CURL_VERSION_IPV6
LogInit:      CURL_VERSION_ASYNCHDNS
LogInit:      CURL_VERSION_LARGEFILE
LogInit:      CURL_VERSION_IDN
LogInit:  CurlRequestOptions (configurable via config and command line):
LogInit:  - bVerifyPeer = true  - Libcurl will verify peer certificate
LogInit:  - bUseHttpProxy = false  - Libcurl will NOT use HTTP proxy
LogInit:  - bDontReuseConnections = false  - Libcurl will reuse connections
LogInit:  - MaxHostConnections = 16  - Libcurl will limit the number of connections to a host
LogInit:  - LocalHostAddr = Default
LogInit:  - BufferSize = 65536
LogOnline: OSS: Creating online subsystem instance for: NULL
LogInit: WinSock: version 1.1 (2.2), MaxSocks=32767, MaxUdp=65467
LogOnline: OSS: TryLoadSubsystemAndSetDefault: Loaded subsystem for module [NULL]
PixWinPlugin: PIX capture plugin failed to initialize! Check that the process is launched from PIX.
LogOculusPluginWrapper: OculusPlugin initialized successfully
LogHMD: Failed initializing OVRPlugin 1.59.0
LogInit: Build: ++UE4+Release-4.27-CL-17735300
LogInit: Engine Version: 4.27.1-17735300+++UE4+Release-4.27
LogInit: Compatible Engine Version: 4.27.0-17155196+++UE4+Release-4.27
LogInit: Net CL: 17155196
LogInit: OS: Windows 10 (Release 2009) (), CPU: AMD Ryzen 5 5600X 6-Core Processor             , GPU: NVIDIA GeForce RTX 3060
LogInit: Compiled (64-bit): Oct  6 2021 14:42:51
LogInit: Compiled with Visual C++: 19.24.28315.00
LogInit: Build Configuration: Development
LogInit: Branch Name: ++UE4+Release-4.27
LogInit: Command Line: 
LogInit: Base Directory: C:/Program Files/Epic Games/UE_4.27/Engine/Binaries/Win64/
LogInit: Allocator: TBB
LogInit: Installed Engine Build: 1
LogDevObjectVersion: Number of dev versions registered: 29
LogDevObjectVersion:   Dev-Blueprints (B0D832E4-1F89-4F0D-ACCF-7EB736FD4AA2): 10
LogDevObjectVersion:   Dev-Build (E1C64328-A22C-4D53-A36C-8E866417BD8C): 0
LogDevObjectVersion:   Dev-Core (375EC13C-06E4-48FB-B500-84F0262A717E): 4
LogDevObjectVersion:   Dev-Editor (E4B068ED-F494-42E9-A231-DA0B2E46BB41): 40
LogDevObjectVersion:   Dev-Framework (CFFC743F-43B0-4480-9391-14DF171D2073): 37
LogDevObjectVersion:   Dev-Mobile (B02B49B5-BB20-44E9-A304-32B752E40360): 3
LogDevObjectVersion:   Dev-Networking (A4E4105C-59A1-49B5-A7C5-40C4547EDFEE): 0
LogDevObjectVersion:   Dev-Online (39C831C9-5AE6-47DC-9A44-9C173E1C8E7C): 0
LogDevObjectVersion:   Dev-Physics (78F01B33-EBEA-4F98-B9B4-84EACCB95AA2): 14
LogDevObjectVersion:   Dev-Platform (6631380F-2D4D-43E0-8009-CF276956A95A): 0
LogDevObjectVersion:   Dev-Rendering (12F88B9F-8875-4AFC-A67C-D90C383ABD29): 45
LogDevObjectVersion:   Dev-Sequencer (7B5AE74C-D270-4C10-A958-57980B212A5A): 13
LogDevObjectVersion:   Dev-VR (D7296918-1DD6-4BDD-9DE2-64A83CC13884): 3
LogDevObjectVersion:   Dev-LoadTimes (C2A15278-BFE7-4AFE-6C17-90FF531DF755): 1
LogDevObjectVersion:   Private-Geometry (6EACA3D4-40EC-4CC1-B786-8BED09428FC5): 3
LogDevObjectVersion:   Dev-AnimPhys (29E575DD-E0A3-4627-9D10-D276232CDCEA): 17
LogDevObjectVersion:   Dev-Anim (AF43A65D-7FD3-4947-9873-3E8ED9C1BB05): 15
LogDevObjectVersion:   Dev-ReflectionCapture (6B266CEC-1EC7-4B8F-A30B-E4D90942FC07): 1
LogDevObjectVersion:   Dev-Automation (0DF73D61-A23F-47EA-B727-89E90C41499A): 1
LogDevObjectVersion:   FortniteMain (601D1886-AC64-4F84-AA16-D3DE0DEAC7D6): 47
LogDevObjectVersion:   FortniteRelease (E7086368-6B23-4C58-8439-1B7016265E91): 1
LogDevObjectVersion:   Dev-Enterprise (9DFFBCD6-494F-0158-E221-12823C92A888): 10
LogDevObjectVersion:   Dev-Niagara (F2AED0AC-9AFE-416F-8664-AA7FFA26D6FC): 1
LogDevObjectVersion:   Dev-Destruction (174F1F0B-B4C6-45A5-B13F-2EE8D0FB917D): 10
LogDevObjectVersion:   Dev-Physics-Ext (35F94A83-E258-406C-A318-09F59610247C): 41
LogDevObjectVersion:   Dev-PhysicsMaterial-Chaos (B68FC16E-8B1B-42E2-B453-215C058844FE): 1
LogDevObjectVersion:   Dev-CineCamera (B2E18506-4273-CFC2-A54E-F4BB758BBA07): 1
LogDevObjectVersion:   Dev-VirtualProduction (64F58936-FD1B-42BA-BA96-7289D5D0FA4E): 1
LogDevObjectVersion:   Dev-MediaFramework (6F0ED827-A609-4895-9C91-998D90180EA4): 2
LogInit: Presizing for max 25165824 objects, including 0 objects not considered by GC, pre-allocating 0 bytes for permanent pool.
LogConfig: Applying CVar settings from Section [/Script/Engine.StreamingSettings] File [C:/Users/kadbduljawad2021/Documents/GitHub/Hivemind/Hivemind/Saved/Config/Windows/Engine.ini]
LogConfig: Setting CVar [[s.MinBulkDataSizeForAsyncLoading:131072]]
LogConfig: Setting CVar [[s.AsyncLoadingThreadEnabled:0]]
LogConfig: Setting CVar [[s.EventDrivenLoaderEnabled:1]]
LogConfig: Setting CVar [[s.WarnIfTimeLimitExceeded:0]]
LogConfig: Setting CVar [[s.TimeLimitExceededMultiplier:1.5]]
LogConfig: Setting CVar [[s.TimeLimitExceededMinTime:0.005]]
LogConfig: Setting CVar [[s.UseBackgroundLevelStreaming:1]]
LogConfig: Setting CVar [[s.PriorityAsyncLoadingExtraTime:15.0]]
LogConfig: Setting CVar [[s.LevelStreamingActorsUpdateTimeLimit:5.0]]
LogConfig: Setting CVar [[s.PriorityLevelStreamingActorsUpdateExtraTime:5.0]]
LogConfig: Setting CVar [[s.LevelStreamingComponentsRegistrationGranularity:10]]
LogConfig: Setting CVar [[s.UnregisterComponentsTimeLimit:1.0]]
LogConfig: Setting CVar [[s.LevelStreamingComponentsUnregistrationGranularity:5]]
LogConfig: Setting CVar [[s.FlushStreamingOnExit:1]]
LogInit: Object subsystem initialized
LogConfig: Setting CVar [[con.DebugEarlyDefault:1]]
LogConfig: Setting CVar [[r.setres:1280x720]]
[2022.12.13-10.37.11:897][  0]LogConfig: Setting CVar [[r.VSync:0]]
[2022.12.13-10.37.11:897][  0]LogConfig: Setting CVar [[r.RHICmdBypass:0]]
[2022.12.13-10.37.11:897][  0]LogConfig: Applying CVar settings from Section [/Script/Engine.RendererSettings] File [C:/Users/kadbduljawad2021/Documents/GitHub/Hivemind/Hivemind/Saved/Config/Windows/Engine.ini]
[2022.12.13-10.37.11:897][  0]LogConfig: Setting CVar [[r.GPUCrashDebugging:0]]
[2022.12.13-10.37.11:897][  0]LogConfig: Setting CVar [[r.MobileHDR:1]]
[2022.12.13-10.37.11:897][  0]LogConfig: Setting CVar [[r.MobileNumDynamicPointLights:4]]
[2022.12.13-10.37.11:897][  0]LogConfig: Setting CVar [[r.MobileDynamicPointLightsUseStaticBranch:1]]
[2022.12.13-10.37.11:897][  0]LogConfig: Setting CVar [[r.AllowOcclusionQueries:1]]
[2022.12.13-10.37.11:897][  0]LogConfig: Setting CVar [[r.MinScreenRadiusForLights:0.030000]]
[2022.12.13-10.37.11:897][  0]LogConfig: Setting CVar [[r.MinScreenRadiusForDepthPrepass:0.030000]]
[2022.12.13-10.37.11:897][  0]LogConfig: Setting CVar [[r.PrecomputedVisibilityWarning:0]]
[2022.12.13-10.37.11:897][  0]LogConfig: Setting CVar [[r.TextureStreaming:1]]
[2022.12.13-10.37.11:897][  0]LogConfig: Setting CVar [[Compat.UseDXT5NormalMaps:0]]
[2022.12.13-10.37.11:897][  0]LogConfig: Setting CVar [[r.AllowStaticLighting:1]]
[2022.12.13-10.37.11:897][  0]LogConfig: Setting CVar [[r.NormalMapsForStaticLighting:0]]
[2022.12.13-10.37.11:897][  0]LogConfig: Setting CVar [[r.GenerateMeshDistanceFields:0]]
[2022.12.13-10.37.11:897][  0]LogConfig: Setting CVar [[r.GenerateLandscapeGIData:1]]
[2022.12.13-10.37.11:897][  0]LogConfig: Setting CVar [[r.TessellationAdaptivePixelsPerTriangle:48.000000]]
[2022.12.13-10.37.11:897][  0]LogConfig: Setting CVar [[r.SeparateTranslucency:1]]
[2022.12.13-10.37.11:897][  0]LogConfig: Setting CVar [[r.TranslucentSortPolicy:0]]
[2022.12.13-10.37.11:897][  0]LogConfig: Setting CVar [[r.CustomDepth:1]]
[2022.12.13-10.37.11:897][  0]LogConfig: Setting CVar [[r.DefaultFeature.Bloom:1]]
[2022.12.13-10.37.11:897][  0]LogConfig: Setting CVar [[r.DefaultFeature.AmbientOcclusion:1]]
[2022.12.13-10.37.11:897][  0]LogConfig: Setting CVar [[r.DefaultFeature.AmbientOcclusionStaticFraction:1]]
[2022.12.13-10.37.11:897][  0]LogConfig: Setting CVar [[r.DefaultFeature.AutoExposure:0]]
[2022.12.13-10.37.11:897][  0]LogConfig: Setting CVar [[r.DefaultFeature.MotionBlur:0]]
[2022.12.13-10.37.11:897][  0]LogConfig: Setting CVar [[r.DefaultFeature.LensFlare:1]]
[2022.12.13-10.37.11:897][  0]LogConfig: Setting CVar [[r.DefaultFeature.AntiAliasing:2]]
[2022.12.13-10.37.11:897][  0]LogConfig: Setting CVar [[r.EarlyZPass:3]]
[2022.12.13-10.37.11:898][  0]LogConfig: Setting CVar [[r.DBuffer:0]]
[2022.12.13-10.37.11:898][  0]LogConfig: Setting CVar [[r.ClearSceneMethod:1]]
[2022.12.13-10.37.11:898][  0]LogConfig: Setting CVar [[r.BasePassOutputsVelocity:0]]
[2022.12.13-10.37.11:898][  0]LogConfig: Setting CVar [[r.WireframeCullThreshold:5.000000]]
[2022.12.13-10.37.11:898][  0]LogConfig: Setting CVar [[r.DefaultFeature.AutoExposure.Method:2]]
[2022.12.13-10.37.11:898][  0]LogConfig: Setting CVar [[r.EyeAdaptation.EditorOnly:0]]
[2022.12.13-10.37.11:898][  0]LogConfig: Setting CVar [[r.DefaultFeature.AutoExposure.ExtendDefaultLuminanceRange:1]]
[2022.12.13-10.37.11:898][  0]LogConfig: Applying CVar settings from Section [/Script/Engine.RendererOverrideSettings] File [C:/Users/kadbduljawad2021/Documents/GitHub/Hivemind/Hivemind/Saved/Config/Windows/Engine.ini]
[2022.12.13-10.37.11:898][  0]LogConfig: Applying CVar settings from Section [/Script/Engine.StreamingSettings] File [C:/Users/kadbduljawad2021/Documents/GitHub/Hivemind/Hivemind/Saved/Config/Windows/Engine.ini]
[2022.12.13-10.37.11:898][  0]LogConfig: Setting CVar [[s.MinBulkDataSizeForAsyncLoading:131072]]
[2022.12.13-10.37.11:898][  0]LogConfig: Setting CVar [[s.AsyncLoadingThreadEnabled:0]]
[2022.12.13-10.37.11:898][  0]LogConfig: Setting CVar [[s.EventDrivenLoaderEnabled:1]]
[2022.12.13-10.37.11:898][  0]LogConfig: Setting CVar [[s.WarnIfTimeLimitExceeded:0]]
[2022.12.13-10.37.11:898][  0]LogConfig: Setting CVar [[s.TimeLimitExceededMultiplier:1.5]]
[2022.12.13-10.37.11:898][  0]LogConfig: Setting CVar [[s.TimeLimitExceededMinTime:0.005]]
[2022.12.13-10.37.11:898][  0]LogConfig: Setting CVar [[s.UseBackgroundLevelStreaming:1]]
[2022.12.13-10.37.11:898][  0]LogConfig: Setting CVar [[s.PriorityAsyncLoadingExtraTime:15.0]]
[2022.12.13-10.37.11:898][  0]LogConfig: Setting CVar [[s.LevelStreamingActorsUpdateTimeLimit:5.0]]
[2022.12.13-10.37.11:898][  0]LogConfig: Setting CVar [[s.PriorityLevelStreamingActorsUpdateExtraTime:5.0]]
[2022.12.13-10.37.11:898][  0]LogConfig: Setting CVar [[s.LevelStreamingComponentsRegistrationGranularity:10]]
[2022.12.13-10.37.11:898][  0]LogConfig: Setting CVar [[s.UnregisterComponentsTimeLimit:1.0]]
[2022.12.13-10.37.11:898][  0]LogConfig: Setting CVar [[s.LevelStreamingComponentsUnregistrationGranularity:5]]
[2022.12.13-10.37.11:898][  0]LogConfig: Setting CVar [[s.FlushStreamingOnExit:1]]
[2022.12.13-10.37.11:898][  0]LogConfig: Applying CVar settings from Section [/Script/Engine.GarbageCollectionSettings] File [C:/Users/kadbduljawad2021/Documents/GitHub/Hivemind/Hivemind/Saved/Config/Windows/Engine.ini]
[2022.12.13-10.37.11:898][  0]LogConfig: Setting CVar [[gc.MaxObjectsNotConsideredByGC:1]]
[2022.12.13-10.37.11:898][  0]LogConfig: Setting CVar [[gc.SizeOfPermanentObjectPool:0]]
[2022.12.13-10.37.11:898][  0]LogConfig: Setting CVar [[gc.FlushStreamingOnGC:0]]
[2022.12.13-10.37.11:898][  0]LogConfig: Setting CVar [[gc.NumRetriesBeforeForcingGC:10]]
[2022.12.13-10.37.11:898][  0]LogConfig: Setting CVar [[gc.AllowParallelGC:1]]
[2022.12.13-10.37.11:898][  0]LogConfig: Setting CVar [[gc.TimeBetweenPurgingPendingKillObjects:61.1]]
[2022.12.13-10.37.11:898][  0]LogConfig: Setting CVar [[gc.MaxObjectsInEditor:25165824]]
[2022.12.13-10.37.11:898][  0]LogConfig: Setting CVar [[gc.IncrementalBeginDestroyEnabled:1]]
[2022.12.13-10.37.11:898][  0]LogConfig: Setting CVar [[gc.CreateGCClusters:1]]
[2022.12.13-10.37.11:898][  0]LogConfig: Setting CVar [[gc.MinGCClusterSize:5]]
[2022.12.13-10.37.11:898][  0]LogConfig: Setting CVar [[gc.ActorClusteringEnabled:0]]
[2022.12.13-10.37.11:898][  0]LogConfig: Setting CVar [[gc.BlueprintClusteringEnabled:0]]
[2022.12.13-10.37.11:898][  0]LogConfig: Setting CVar [[gc.UseDisregardForGCOnDedicatedServers:0]]
[2022.12.13-10.37.11:898][  0]LogConfig: Setting CVar [[gc.MultithreadedDestructionEnabled:1]]
[2022.12.13-10.37.11:898][  0]LogConfig: Applying CVar settings from Section [/Script/Engine.NetworkSettings] File [C:/Users/kadbduljawad2021/Documents/GitHub/Hivemind/Hivemind/Saved/Config/Windows/Engine.ini]
[2022.12.13-10.37.11:898][  0]LogConfig: Applying CVar settings from Section [/Script/UnrealEd.CookerSettings] File [C:/Users/kadbduljawad2021/Documents/GitHub/Hivemind/Hivemind/Saved/Config/Windows/Engine.ini]
[2022.12.13-10.37.11:909][  0]LogConfig: Applying CVar settings from Section [ViewDistanceQuality@3] File [C:/Users/kadbduljawad2021/Documents/GitHub/Hivemind/Hivemind/Saved/Config/Windows/Scalability.ini]
[2022.12.13-10.37.11:909][  0]LogConfig: Setting CVar [[r.SkeletalMeshLODBias:0]]
[2022.12.13-10.37.11:909][  0]LogConfig: Setting CVar [[r.ViewDistanceScale:1.0]]
[2022.12.13-10.37.11:909][  0]LogConfig: Applying CVar settings from Section [AntiAliasingQuality@3] File [C:/Users/kadbduljawad2021/Documents/GitHub/Hivemind/Hivemind/Saved/Config/Windows/Scalability.ini]
[2022.12.13-10.37.11:909][  0]LogConfig: Setting CVar [[r.PostProcessAAQuality:4]]
[2022.12.13-10.37.11:909][  0]LogConfig: Applying CVar settings from Section [ShadowQuality@3] File [C:/Users/kadbduljawad2021/Documents/GitHub/Hivemind/Hivemind/Saved/Config/Windows/Scalability.ini]
[2022.12.13-10.37.11:909][  0]LogConfig: Setting CVar [[r.LightFunctionQuality:1]]
[2022.12.13-10.37.11:909][  0]LogConfig: Setting CVar [[r.ShadowQuality:5]]
[2022.12.13-10.37.11:909][  0]LogConfig: Setting CVar [[r.Shadow.CSM.MaxCascades:10]]
[2022.12.13-10.37.11:909][  0]LogConfig: Setting CVar [[r.Shadow.MaxResolution:2048]]
[2022.12.13-10.37.11:909][  0]LogConfig: Setting CVar [[r.Shadow.MaxCSMResolution:2048]]
[2022.12.13-10.37.11:909][  0]LogConfig: Setting CVar [[r.Shadow.RadiusThreshold:0.01]]
[2022.12.13-10.37.11:909][  0]LogConfig: Setting CVar [[r.Shadow.DistanceScale:1.0]]
[2022.12.13-10.37.11:909][  0]LogConfig: Setting CVar [[r.Shadow.CSM.TransitionScale:1.0]]
[2022.12.13-10.37.11:909][  0]LogConfig: Setting CVar [[r.Shadow.PreShadowResolutionFactor:1.0]]
[2022.12.13-10.37.11:909][  0]LogConfig: Setting CVar [[r.DistanceFieldShadowing:1]]
[2022.12.13-10.37.11:909][  0]LogConfig: Setting CVar [[r.DistanceFieldAO:1]]
[2022.12.13-10.37.11:909][  0]LogConfig: Setting CVar [[r.AOQuality:2]]
[2022.12.13-10.37.11:909][  0]LogConfig: Setting CVar [[r.VolumetricFog:1]]
[2022.12.13-10.37.11:909][  0]LogConfig: Setting CVar [[r.VolumetricFog.GridPixelSize:8]]
[2022.12.13-10.37.11:909][  0]LogConfig: Setting CVar [[r.VolumetricFog.GridSizeZ:128]]
[2022.12.13-10.37.11:909][  0]LogConfig: Setting CVar [[r.VolumetricFog.HistoryMissSupersampleCount:4]]
[2022.12.13-10.37.11:909][  0]LogConfig: Setting CVar [[r.LightMaxDrawDistanceScale:1]]
[2022.12.13-10.37.11:909][  0]LogConfig: Setting CVar [[r.CapsuleShadows:1]]
[2022.12.13-10.37.11:909][  0]LogConfig: Applying CVar settings from Section [PostProcessQuality@3] File [C:/Users/kadbduljawad2021/Documents/GitHub/Hivemind/Hivemind/Saved/Config/Windows/Scalability.ini]
[2022.12.13-10.37.11:909][  0]LogConfig: Setting CVar [[r.MotionBlurQuality:4]]
[2022.12.13-10.37.11:909][  0]LogConfig: Setting CVar [[r.AmbientOcclusionMipLevelFactor:0.4]]
[2022.12.13-10.37.11:909][  0]LogConfig: Setting CVar [[r.AmbientOcclusionMaxQuality:100]]
[2022.12.13-10.37.11:909][  0]LogConfig: Setting CVar [[r.AmbientOcclusionLevels:-1]]
[2022.12.13-10.37.11:909][  0]LogConfig: Setting CVar [[r.AmbientOcclusionRadiusScale:1.0]]
[2022.12.13-10.37.11:909][  0]LogConfig: Setting CVar [[r.DepthOfFieldQuality:2]]
[2022.12.13-10.37.11:909][  0]LogConfig: Setting CVar [[r.RenderTargetPoolMin:400]]
[2022.12.13-10.37.11:910][  0]LogConfig: Setting CVar [[r.LensFlareQuality:2]]
[2022.12.13-10.37.11:910][  0]LogConfig: Setting CVar [[r.SceneColorFringeQuality:1]]
[2022.12.13-10.37.11:910][  0]LogConfig: Setting CVar [[r.EyeAdaptationQuality:2]]
[2022.12.13-10.37.11:910][  0]LogConfig: Setting CVar [[r.BloomQuality:5]]
[2022.12.13-10.37.11:910][  0]LogConfig: Setting CVar [[r.FastBlurThreshold:100]]
[2022.12.13-10.37.11:910][  0]LogConfig: Setting CVar [[r.Upscale.Quality:3]]
[2022.12.13-10.37.11:910][  0]LogConfig: Setting CVar [[r.Tonemapper.GrainQuantization:1]]
[2022.12.13-10.37.11:910][  0]LogConfig: Setting CVar [[r.LightShaftQuality:1]]
[2022.12.13-10.37.11:910][  0]LogConfig: Setting CVar [[r.Filter.SizeScale:1]]
[2022.12.13-10.37.11:910][  0]LogConfig: Setting CVar [[r.Tonemapper.Quality:5]]
[2022.12.13-10.37.11:910][  0]LogConfig: Setting CVar [[r.DOF.Gather.AccumulatorQuality:1        ; higher gathering accumulator quality]]
[2022.12.13-10.37.11:910][  0]LogConfig: Setting CVar [[r.DOF.Gather.PostfilterMethod:1          ; Median3x3 postfilering method]]
[2022.12.13-10.37.11:910][  0]LogConfig: Setting CVar [[r.DOF.Gather.EnableBokehSettings:0       ; no bokeh simulation when gathering]]
[2022.12.13-10.37.11:910][  0]LogConfig: Setting CVar [[r.DOF.Gather.RingCount:4                 ; medium number of samples when gathering]]
[2022.12.13-10.37.11:910][  0]LogConfig: Setting CVar [[r.DOF.Scatter.ForegroundCompositing:1    ; additive foreground scattering]]
[2022.12.13-10.37.11:910][  0]LogConfig: Setting CVar [[r.DOF.Scatter.BackgroundCompositing:2    ; additive background scattering]]
[2022.12.13-10.37.11:910][  0]LogConfig: Setting CVar [[r.DOF.Scatter.EnableBokehSettings:1      ; bokeh simulation when scattering]]
[2022.12.13-10.37.11:910][  0]LogConfig: Setting CVar [[r.DOF.Scatter.MaxSpriteRatio:0.1         ; only a maximum of 10% of scattered bokeh]]
[2022.12.13-10.37.11:910][  0]LogConfig: Setting CVar [[r.DOF.Recombine.Quality:1                ; cheap slight out of focus]]
[2022.12.13-10.37.11:910][  0]LogConfig: Setting CVar [[r.DOF.Recombine.EnableBokehSettings:0    ; no bokeh simulation on slight out of focus]]
[2022.12.13-10.37.11:910][  0]LogConfig: Setting CVar [[r.DOF.TemporalAAQuality:1                ; more stable temporal accumulation]]
[2022.12.13-10.37.11:910][  0]LogConfig: Setting CVar [[r.DOF.Kernel.MaxForegroundRadius:0.025]]
[2022.12.13-10.37.11:910][  0]LogConfig: Setting CVar [[r.DOF.Kernel.MaxBackgroundRadius:0.025]]
[2022.12.13-10.37.11:910][  0]LogConfig: Applying CVar settings from Section [TextureQuality@3] File [C:/Users/kadbduljawad2021/Documents/GitHub/Hivemind/Hivemind/Saved/Config/Windows/Scalability.ini]
[2022.12.13-10.37.11:910][  0]LogConfig: Setting CVar [[r.Streaming.MipBias:0]]
[2022.12.13-10.37.11:910][  0]LogConfig: Setting CVar [[r.Streaming.AmortizeCPUToGPUCopy:0]]
[2022.12.13-10.37.11:910][  0]LogConfig: Setting CVar [[r.Streaming.MaxNumTexturesToStreamPerFrame:0]]
[2022.12.13-10.37.11:910][  0]LogConfig: Setting CVar [[r.Streaming.Boost:1]]
[2022.12.13-10.37.11:910][  0]LogConfig: Setting CVar [[r.MaxAnisotropy:8]]
[2022.12.13-10.37.11:910][  0]LogConfig: Setting CVar [[r.VT.MaxAnisotropy:8]]
[2022.12.13-10.37.11:910][  0]LogConfig: Setting CVar [[r.Streaming.LimitPoolSizeToVRAM:0]]
[2022.12.13-10.37.11:910][  0]LogConfig: Setting CVar [[r.Streaming.PoolSize:1000]]
[2022.12.13-10.37.11:910][  0]LogConfig: Setting CVar [[r.Streaming.MaxEffectiveScreenSize:0]]
[2022.12.13-10.37.11:910][  0]LogConfig: Applying CVar settings from Section [EffectsQuality@3] File [C:/Users/kadbduljawad2021/Documents/GitHub/Hivemind/Hivemind/Saved/Config/Windows/Scalability.ini]
[2022.12.13-10.37.11:910][  0]LogConfig: Setting CVar [[r.TranslucencyLightingVolumeDim:64]]
[2022.12.13-10.37.11:910][  0]LogConfig: Setting CVar [[r.RefractionQuality:2]]
[2022.12.13-10.37.11:910][  0]LogConfig: Setting CVar [[r.SSR.Quality:3]]
[2022.12.13-10.37.11:910][  0]LogConfig: Setting CVar [[r.SSR.HalfResSceneColor:0]]
[2022.12.13-10.37.11:910][  0]LogConfig: Setting CVar [[r.SceneColorFormat:4]]
[2022.12.13-10.37.11:910][  0]LogConfig: Setting CVar [[r.DetailMode:2]]
[2022.12.13-10.37.11:910][  0]LogConfig: Setting CVar [[r.TranslucencyVolumeBlur:1]]
[2022.12.13-10.37.11:910][  0]LogConfig: Setting CVar [[r.MaterialQualityLevel:1 ; High quality]]
[2022.12.13-10.37.11:910][  0]LogConfig: Setting CVar [[r.AnisotropicMaterials:1]]
[2022.12.13-10.37.11:910][  0]LogConfig: Setting CVar [[r.SSS.Scale:1]]
[2022.12.13-10.37.11:910][  0]LogConfig: Setting CVar [[r.SSS.SampleSet:2]]
[2022.12.13-10.37.11:910][  0]LogConfig: Setting CVar [[r.SSS.Quality:1]]
[2022.12.13-10.37.11:910][  0]LogConfig: Setting CVar [[r.SSS.HalfRes:0]]
[2022.12.13-10.37.11:910][  0]LogConfig: Setting CVar [[r.SSGI.Quality:3]]
[2022.12.13-10.37.11:910][  0]LogConfig: Setting CVar [[r.EmitterSpawnRateScale:1.0]]
[2022.12.13-10.37.11:910][  0]LogConfig: Setting CVar [[r.ParticleLightQuality:2]]
[2022.12.13-10.37.11:910][  0]LogConfig: Setting CVar [[r.SkyAtmosphere.AerialPerspectiveLUT.FastApplyOnOpaque:1 ; Always have FastSkyLUT 1 in this case to avoid wrong sky]]
[2022.12.13-10.37.11:910][  0]LogConfig: Setting CVar [[r.SkyAtmosphere.AerialPerspectiveLUT.SampleCountMaxPerSlice:4]]
[2022.12.13-10.37.11:910][  0]LogConfig: Setting CVar [[r.SkyAtmosphere.AerialPerspectiveLUT.DepthResolution:16.0]]
[2022.12.13-10.37.11:910][  0]LogConfig: Setting CVar [[r.SkyAtmosphere.FastSkyLUT:1]]
[2022.12.13-10.37.11:910][  0]LogConfig: Setting CVar [[r.SkyAtmosphere.FastSkyLUT.SampleCountMin:4.0]]
[2022.12.13-10.37.11:910][  0]LogConfig: Setting CVar [[r.SkyAtmosphere.FastSkyLUT.SampleCountMax:128.0]]
[2022.12.13-10.37.11:910][  0]LogConfig: Setting CVar [[r.SkyAtmosphere.SampleCountMin:4.0]]
[2022.12.13-10.37.11:910][  0]LogConfig: Setting CVar [[r.SkyAtmosphere.SampleCountMax:128.0]]
[2022.12.13-10.37.11:910][  0]LogConfig: Setting CVar [[r.SkyAtmosphere.TransmittanceLUT.UseSmallFormat:0]]
[2022.12.13-10.37.11:910][  0]LogConfig: Setting CVar [[r.SkyAtmosphere.TransmittanceLUT.SampleCount:10.0]]
[2022.12.13-10.37.11:910][  0]LogConfig: Setting CVar [[r.SkyAtmosphere.MultiScatteringLUT.SampleCount:15.0]]
[2022.12.13-10.37.11:910][  0]LogConfig: Setting CVar [[r.SkyLight.RealTimeReflectionCapture:1]]
[2022.12.13-10.37.11:910][  0]LogConfig: Applying CVar settings from Section [FoliageQuality@3] File [C:/Users/kadbduljawad2021/Documents/GitHub/Hivemind/Hivemind/Saved/Config/Windows/Scalability.ini]
[2022.12.13-10.37.11:910][  0]LogConfig: Setting CVar [[foliage.DensityScale:1.0]]
[2022.12.13-10.37.11:910][  0]LogConfig: Setting CVar [[grass.DensityScale:1.0]]
[2022.12.13-10.37.11:910][  0]LogConfig: Applying CVar settings from Section [ShadingQuality@3] File [C:/Users/kadbduljawad2021/Documents/GitHub/Hivemind/Hivemind/Saved/Config/Windows/Scalability.ini]
[2022.12.13-10.37.11:910][  0]LogConfig: Setting CVar [[r.HairStrands.SkyLighting.IntegrationType:2]]
[2022.12.13-10.37.11:910][  0]LogConfig: Setting CVar [[r.HairStrands.SkyAO.SampleCount:4]]
[2022.12.13-10.37.11:910][  0]LogConfig: Setting CVar [[r.HairStrands.Visibility.MSAA.SamplePerPixel:4]]
[2022.12.13-10.37.11:910][  0]LogInit: Selected Device Profile: [Windows]
[2022.12.13-10.37.11:911][  0]LogInit: Applying CVar settings loaded from the selected device profile: [Windows]
[2022.12.13-10.37.11:911][  0]LogHAL: Display: Platform has ~ 16 GB [17086570496 / 17179869184 / 16], which maps to Larger [LargestMinGB=32, LargerMinGB=12, DefaultMinGB=8, SmallerMinGB=6, SmallestMinGB=0)
[2022.12.13-10.37.11:911][  0]LogInit: Going up to parent DeviceProfile []
[2022.12.13-10.37.11:911][  0]LogConfig: Applying CVar settings from Section [ViewDistanceQuality@3] File [C:/Users/kadbduljawad2021/Documents/GitHub/Hivemind/Hivemind/Saved/Config/Windows/Scalability.ini]
[2022.12.13-10.37.11:911][  0]LogConfig: Setting CVar [[r.SkeletalMeshLODBias:0]]
[2022.12.13-10.37.11:911][  0]LogConfig: Setting CVar [[r.ViewDistanceScale:1.0]]
[2022.12.13-10.37.11:911][  0]LogConfig: Applying CVar settings from Section [AntiAliasingQuality@3] File [C:/Users/kadbduljawad2021/Documents/GitHub/Hivemind/Hivemind/Saved/Config/Windows/Scalability.ini]
[2022.12.13-10.37.11:911][  0]LogConfig: Setting CVar [[r.PostProcessAAQuality:4]]
[2022.12.13-10.37.11:911][  0]LogConfig: Applying CVar settings from Section [ShadowQuality@3] File [C:/Users/kadbduljawad2021/Documents/GitHub/Hivemind/Hivemind/Saved/Config/Windows/Scalability.ini]
[2022.12.13-10.37.11:911][  0]LogConfig: Setting CVar [[r.LightFunctionQuality:1]]
[2022.12.13-10.37.11:911][  0]LogConfig: Setting CVar [[r.ShadowQuality:5]]
[2022.12.13-10.37.11:911][  0]LogConfig: Setting CVar [[r.Shadow.CSM.MaxCascades:10]]
[2022.12.13-10.37.11:912][  0]LogConfig: Setting CVar [[r.Shadow.MaxResolution:2048]]
[2022.12.13-10.37.11:912][  0]LogConfig: Setting CVar [[r.Shadow.MaxCSMResolution:2048]]
[2022.12.13-10.37.11:912][  0]LogConfig: Setting CVar [[r.Shadow.RadiusThreshold:0.01]]
[2022.12.13-10.37.11:912][  0]LogConfig: Setting CVar [[r.Shadow.DistanceScale:1.0]]
[2022.12.13-10.37.11:912][  0]LogConfig: Setting CVar [[r.Shadow.CSM.TransitionScale:1.0]]
[2022.12.13-10.37.11:912][  0]LogConfig: Setting CVar [[r.Shadow.PreShadowResolutionFactor:1.0]]
[2022.12.13-10.37.11:912][  0]LogConfig: Setting CVar [[r.DistanceFieldShadowing:1]]
[2022.12.13-10.37.11:912][  0]LogConfig: Setting CVar [[r.DistanceFieldAO:1]]
[2022.12.13-10.37.11:912][  0]LogConfig: Setting CVar [[r.AOQuality:2]]
[2022.12.13-10.37.11:912][  0]LogConfig: Setting CVar [[r.VolumetricFog:1]]
[2022.12.13-10.37.11:912][  0]LogConfig: Setting CVar [[r.VolumetricFog.GridPixelSize:8]]
[2022.12.13-10.37.11:912][  0]LogConfig: Setting CVar [[r.VolumetricFog.GridSizeZ:128]]
[2022.12.13-10.37.11:912][  0]LogConfig: Setting CVar [[r.VolumetricFog.HistoryMissSupersampleCount:4]]
[2022.12.13-10.37.11:912][  0]LogConfig: Setting CVar [[r.LightMaxDrawDistanceScale:1]]
[2022.12.13-10.37.11:912][  0]LogConfig: Setting CVar [[r.CapsuleShadows:1]]
[2022.12.13-10.37.11:912][  0]LogConfig: Applying CVar settings from Section [PostProcessQuality@3] File [C:/Users/kadbduljawad2021/Documents/GitHub/Hivemind/Hivemind/Saved/Config/Windows/Scalability.ini]
[2022.12.13-10.37.11:912][  0]LogConfig: Setting CVar [[r.MotionBlurQuality:4]]
[2022.12.13-10.37.11:912][  0]LogConfig: Setting CVar [[r.AmbientOcclusionMipLevelFactor:0.4]]
[2022.12.13-10.37.11:912][  0]LogConfig: Setting CVar [[r.AmbientOcclusionMaxQuality:100]]
[2022.12.13-10.37.11:912][  0]LogConfig: Setting CVar [[r.AmbientOcclusionLevels:-1]]
[2022.12.13-10.37.11:912][  0]LogConfig: Setting CVar [[r.AmbientOcclusionRadiusScale:1.0]]
[2022.12.13-10.37.11:912][  0]LogConfig: Setting CVar [[r.DepthOfFieldQuality:2]]
[2022.12.13-10.37.11:912][  0]LogConfig: Setting CVar [[r.RenderTargetPoolMin:400]]
[2022.12.13-10.37.11:912][  0]LogConfig: Setting CVar [[r.LensFlareQuality:2]]
[2022.12.13-10.37.11:912][  0]LogConfig: Setting CVar [[r.SceneColorFringeQuality:1]]
[2022.12.13-10.37.11:912][  0]LogConfig: Setting CVar [[r.EyeAdaptationQuality:2]]
[2022.12.13-10.37.11:912][  0]LogConfig: Setting CVar [[r.BloomQuality:5]]
[2022.12.13-10.37.11:912][  0]LogConfig: Setting CVar [[r.FastBlurThreshold:100]]
[2022.12.13-10.37.11:912][  0]LogConfig: Setting CVar [[r.Upscale.Quality:3]]
[2022.12.13-10.37.11:912][  0]LogConfig: Setting CVar [[r.Tonemapper.GrainQuantization:1]]
[2022.12.13-10.37.11:912][  0]LogConfig: Setting CVar [[r.LightShaftQuality:1]]
[2022.12.13-10.37.11:912][  0]LogConfig: Setting CVar [[r.Filter.SizeScale:1]]
[2022.12.13-10.37.11:912][  0]LogConfig: Setting CVar [[r.Tonemapper.Quality:5]]
[2022.12.13-10.37.11:912][  0]LogConfig: Setting CVar [[r.DOF.Gather.AccumulatorQuality:1        ; higher gathering accumulator quality]]
[2022.12.13-10.37.11:912][  0]LogConfig: Setting CVar [[r.DOF.Gather.PostfilterMethod:1          ; Median3x3 postfilering method]]
[2022.12.13-10.37.11:912][  0]LogConfig: Setting CVar [[r.DOF.Gather.EnableBokehSettings:0       ; no bokeh simulation when gathering]]
[2022.12.13-10.37.11:912][  0]LogConfig: Setting CVar [[r.DOF.Gather.RingCount:4                 ; medium number of samples when gathering]]
[2022.12.13-10.37.11:912][  0]LogConfig: Setting CVar [[r.DOF.Scatter.ForegroundCompositing:1    ; additive foreground scattering]]
[2022.12.13-10.37.11:912][  0]LogConfig: Setting CVar [[r.DOF.Scatter.BackgroundCompositing:2    ; additive background scattering]]
[2022.12.13-10.37.11:912][  0]LogConfig: Setting CVar [[r.DOF.Scatter.EnableBokehSettings:1      ; bokeh simulation when scattering]]
[2022.12.13-10.37.11:912][  0]LogConfig: Setting CVar [[r.DOF.Scatter.MaxSpriteRatio:0.1         ; only a maximum of 10% of scattered bokeh]]
[2022.12.13-10.37.11:912][  0]LogConfig: Setting CVar [[r.DOF.Recombine.Quality:1                ; cheap slight out of focus]]
[2022.12.13-10.37.11:912][  0]LogConfig: Setting CVar [[r.DOF.Recombine.EnableBokehSettings:0    ; no bokeh simulation on slight out of focus]]
[2022.12.13-10.37.11:912][  0]LogConfig: Setting CVar [[r.DOF.TemporalAAQuality:1                ; more stable temporal accumulation]]
[2022.12.13-10.37.11:912][  0]LogConfig: Setting CVar [[r.DOF.Kernel.MaxForegroundRadius:0.025]]
[2022.12.13-10.37.11:912][  0]LogConfig: Setting CVar [[r.DOF.Kernel.MaxBackgroundRadius:0.025]]
[2022.12.13-10.37.11:912][  0]LogConfig: Applying CVar settings from Section [TextureQuality@3] File [C:/Users/kadbduljawad2021/Documents/GitHub/Hivemind/Hivemind/Saved/Config/Windows/Scalability.ini]
[2022.12.13-10.37.11:912][  0]LogConfig: Setting CVar [[r.Streaming.MipBias:0]]
[2022.12.13-10.37.11:912][  0]LogConfig: Setting CVar [[r.Streaming.AmortizeCPUToGPUCopy:0]]
[2022.12.13-10.37.11:912][  0]LogConfig: Setting CVar [[r.Streaming.MaxNumTexturesToStreamPerFrame:0]]
[2022.12.13-10.37.11:912][  0]LogConfig: Setting CVar [[r.Streaming.Boost:1]]
[2022.12.13-10.37.11:912][  0]LogConfig: Setting CVar [[r.MaxAnisotropy:8]]
[2022.12.13-10.37.11:912][  0]LogConfig: Setting CVar [[r.VT.MaxAnisotropy:8]]
[2022.12.13-10.37.11:912][  0]LogConfig: Setting CVar [[r.Streaming.LimitPoolSizeToVRAM:0]]
[2022.12.13-10.37.11:912][  0]LogConfig: Setting CVar [[r.Streaming.PoolSize:1000]]
[2022.12.13-10.37.11:912][  0]LogConfig: Setting CVar [[r.Streaming.MaxEffectiveScreenSize:0]]
[2022.12.13-10.37.11:912][  0]LogConfig: Applying CVar settings from Section [EffectsQuality@3] File [C:/Users/kadbduljawad2021/Documents/GitHub/Hivemind/Hivemind/Saved/Config/Windows/Scalability.ini]
[2022.12.13-10.37.11:912][  0]LogConfig: Setting CVar [[r.TranslucencyLightingVolumeDim:64]]
[2022.12.13-10.37.11:912][  0]LogConfig: Setting CVar [[r.RefractionQuality:2]]
[2022.12.13-10.37.11:912][  0]LogConfig: Setting CVar [[r.SSR.Quality:3]]
[2022.12.13-10.37.11:912][  0]LogConfig: Setting CVar [[r.SSR.HalfResSceneColor:0]]
[2022.12.13-10.37.11:912][  0]LogConfig: Setting CVar [[r.SceneColorFormat:4]]
[2022.12.13-10.37.11:912][  0]LogConfig: Setting CVar [[r.DetailMode:2]]
[2022.12.13-10.37.11:912][  0]LogConfig: Setting CVar [[r.TranslucencyVolumeBlur:1]]
[2022.12.13-10.37.11:912][  0]LogConfig: Setting CVar [[r.MaterialQualityLevel:1 ; High quality]]
[2022.12.13-10.37.11:912][  0]LogConfig: Setting CVar [[r.AnisotropicMaterials:1]]
[2022.12.13-10.37.11:912][  0]LogConfig: Setting CVar [[r.SSS.Scale:1]]
[2022.12.13-10.37.11:912][  0]LogConfig: Setting CVar [[r.SSS.SampleSet:2]]
[2022.12.13-10.37.11:912][  0]LogConfig: Setting CVar [[r.SSS.Quality:1]]
[2022.12.13-10.37.11:912][  0]LogConfig: Setting CVar [[r.SSS.HalfRes:0]]
[2022.12.13-10.37.11:912][  0]LogConfig: Setting CVar [[r.SSGI.Quality:3]]
[2022.12.13-10.37.11:912][  0]LogConfig: Setting CVar [[r.EmitterSpawnRateScale:1.0]]
[2022.12.13-10.37.11:912][  0]LogConfig: Setting CVar [[r.ParticleLightQuality:2]]
[2022.12.13-10.37.11:912][  0]LogConfig: Setting CVar [[r.SkyAtmosphere.AerialPerspectiveLUT.FastApplyOnOpaque:1 ; Always have FastSkyLUT 1 in this case to avoid wrong sky]]
[2022.12.13-10.37.11:912][  0]LogConfig: Setting CVar [[r.SkyAtmosphere.AerialPerspectiveLUT.SampleCountMaxPerSlice:4]]
[2022.12.13-10.37.11:912][  0]LogConfig: Setting CVar [[r.SkyAtmosphere.AerialPerspectiveLUT.DepthResolution:16.0]]
[2022.12.13-10.37.11:912][  0]LogConfig: Setting CVar [[r.SkyAtmosphere.FastSkyLUT:1]]
[2022.12.13-10.37.11:912][  0]LogConfig: Setting CVar [[r.SkyAtmosphere.FastSkyLUT.SampleCountMin:4.0]]
[2022.12.13-10.37.11:912][  0]LogConfig: Setting CVar [[r.SkyAtmosphere.FastSkyLUT.SampleCountMax:128.0]]
[2022.12.13-10.37.11:912][  0]LogConfig: Setting CVar [[r.SkyAtmosphere.SampleCountMin:4.0]]
[2022.12.13-10.37.11:912][  0]LogConfig: Setting CVar [[r.SkyAtmosphere.SampleCountMax:128.0]]
[2022.12.13-10.37.11:912][  0]LogConfig: Setting CVar [[r.SkyAtmosphere.TransmittanceLUT.UseSmallFormat:0]]
[2022.12.13-10.37.11:912][  0]LogConfig: Setting CVar [[r.SkyAtmosphere.TransmittanceLUT.SampleCount:10.0]]
[2022.12.13-10.37.11:912][  0]LogConfig: Setting CVar [[r.SkyAtmosphere.MultiScatteringLUT.SampleCount:15.0]]
[2022.12.13-10.37.11:912][  0]LogConfig: Setting CVar [[r.SkyLight.RealTimeReflectionCapture:1]]
[2022.12.13-10.37.11:912][  0]LogConfig: Applying CVar settings from Section [FoliageQuality@3] File [C:/Users/kadbduljawad2021/Documents/GitHub/Hivemind/Hivemind/Saved/Config/Windows/Scalability.ini]
[2022.12.13-10.37.11:912][  0]LogConfig: Setting CVar [[foliage.DensityScale:1.0]]
[2022.12.13-10.37.11:912][  0]LogConfig: Setting CVar [[grass.DensityScale:1.0]]
[2022.12.13-10.37.11:912][  0]LogConfig: Applying CVar settings from Section [ShadingQuality@3] File [C:/Users/kadbduljawad2021/Documents/GitHub/Hivemind/Hivemind/Saved/Config/Windows/Scalability.ini]
[2022.12.13-10.37.11:912][  0]LogConfig: Setting CVar [[r.HairStrands.SkyLighting.IntegrationType:2]]
[2022.12.13-10.37.11:912][  0]LogConfig: Setting CVar [[r.HairStrands.SkyAO.SampleCount:4]]
[2022.12.13-10.37.11:912][  0]LogConfig: Setting CVar [[r.HairStrands.Visibility.MSAA.SamplePerPixel:4]]
[2022.12.13-10.37.11:912][  0]LogConfig: Applying CVar settings from Section [Startup] File [../../../Engine/Config/ConsoleVariables.ini]
[2022.12.13-10.37.11:913][  0]LogConfig: Setting CVar [[net.UseAdaptiveNetUpdateFrequency:0]]
[2022.12.13-10.37.11:913][  0]LogConfig: Setting CVar [[p.chaos.AllowCreatePhysxBodies:1]]
[2022.12.13-10.37.11:913][  0]LogConfig: Setting CVar [[fx.SkipVectorVMBackendOptimizations:1]]
[2022.12.13-10.37.11:913][  0]LogConfig: Applying CVar settings from Section [ConsoleVariables] File [C:/Users/kadbduljawad2021/Documents/GitHub/Hivemind/Hivemind/Saved/Config/Windows/Engine.ini]
[2022.12.13-10.37.11:913][  0]LogConfig: Applying CVar settings from Section [ConsoleVariables] File [C:/Users/kadbduljawad2021/Documents/GitHub/Hivemind/Hivemind/Saved/Config/Windows/Editor.ini]
[2022.12.13-10.37.11:913][  0]LogInit: Computer: ELAM-014-24
[2022.12.13-10.37.11:913][  0]LogInit: User: kadbduljawad2021
[2022.12.13-10.37.11:913][  0]LogInit: CPU Page size=4096, Cores=6
[2022.12.13-10.37.11:913][  0]LogInit: High frequency timer resolution =10.000000 MHz
[2022.12.13-10.37.11:913][  0]LogMemory: Memory total: Physical=15.9GB (16GB approx)
[2022.12.13-10.37.11:913][  0]LogMemory: Platform Memory Stats for Windows
[2022.12.13-10.37.11:913][  0]LogMemory: Process Physical Memory: 148.93 MB used, 150.97 MB peak
[2022.12.13-10.37.11:913][  0]LogMemory: Process Virtual Memory: 129.73 MB used, 129.73 MB peak
[2022.12.13-10.37.11:913][  0]LogMemory: Physical Memory: 6451.77 MB used,  9843.25 MB free, 16295.02 MB total
[2022.12.13-10.37.11:913][  0]LogMemory: Virtual Memory: 134207352.00 MB used,  10379.58 MB free, 134217728.00 MB total
[2022.12.13-10.37.11:918][  0]LogWindows: WindowsPlatformFeatures enabled
[2022.12.13-10.37.12:084][  0]LogInit: Physics initialised using underlying interface: PhysX
[2022.12.13-10.37.12:088][  0]LogInit: Using OS detected language (en-GB).
[2022.12.13-10.37.12:088][  0]LogInit: Using OS detected locale (en-GB).
[2022.12.13-10.37.12:100][  0]LogTextLocalizationManager: No specific localization for 'en-GB' exists, so the 'en' localization will be used.
[2022.12.13-10.37.12:365][  0]LogInit: Setting process to per monitor DPI aware
[2022.12.13-10.37.12:382][  0]LogWindowsTextInputMethodSystem: Display: IME system deactivated.
[2022.12.13-10.37.12:424][  0]LogSlate: New Slate User Created.  User Index 0, Is Virtual User: 0
[2022.12.13-10.37.12:424][  0]LogSlate: Slate User Registered.  User Index 0, Is Virtual User: 0
[2022.12.13-10.37.13:949][  0]LogD3D11RHI: Loaded GFSDK_Aftermath_Lib.x64.dll
[2022.12.13-10.37.13:951][  0]LogHMD: Failed to initialize OpenVR with code 110
[2022.12.13-10.37.13:951][  0]LogD3D11RHI: D3D11 min allowed feature level: 11_0
[2022.12.13-10.37.13:951][  0]LogD3D11RHI: D3D11 max allowed feature level: 11_0
[2022.12.13-10.37.13:951][  0]LogD3D11RHI: D3D11 adapters:
[2022.12.13-10.37.14:015][  0]LogD3D11RHI:    0. 'NVIDIA GeForce RTX 3060' (Feature Level 11_0)
[2022.12.13-10.37.14:015][  0]LogD3D11RHI:       12143/0/8147 MB DedicatedVideo/DedicatedSystem/SharedSystem, Outputs:2, VendorId:0x10de
[2022.12.13-10.37.14:017][  0]LogD3D11RHI:    1. 'Microsoft Basic Render Driver' (Feature Level 11_0)
[2022.12.13-10.37.14:017][  0]LogD3D11RHI:       0/0/8147 MB DedicatedVideo/DedicatedSystem/SharedSystem, Outputs:0, VendorId:0x1414
[2022.12.13-10.37.14:017][  0]LogD3D11RHI: Chosen D3D11 Adapter:
[2022.12.13-10.37.14:017][  0]LogD3D11RHI:     Description : NVIDIA GeForce RTX 3060
[2022.12.13-10.37.14:017][  0]LogD3D11RHI:     VendorId    : 10de
[2022.12.13-10.37.14:017][  0]LogD3D11RHI:     DeviceId    : 2504
[2022.12.13-10.37.14:017][  0]LogD3D11RHI:     SubSysId    : 36563842
[2022.12.13-10.37.14:017][  0]LogD3D11RHI:     Revision    : 00a1
[2022.12.13-10.37.14:017][  0]LogD3D11RHI:     DedicatedVideoMemory : 12732858368 bytes
[2022.12.13-10.37.14:017][  0]LogD3D11RHI:     DedicatedSystemMemory : 0 bytes
[2022.12.13-10.37.14:017][  0]LogD3D11RHI:     SharedSystemMemory : 8543285248 bytes
[2022.12.13-10.37.14:017][  0]LogD3D11RHI:     AdapterLuid : 0 61096
[2022.12.13-10.37.14:021][  0]LogD3D11RHI: Creating new Direct3DDevice
[2022.12.13-10.37.14:021][  0]LogD3D11RHI:     GPU DeviceId: 0x2504 (for the marketing name, search the web for "GPU Device Id")
[2022.12.13-10.37.14:021][  0]LogWindows: EnumDisplayDevices:
[2022.12.13-10.37.14:021][  0]LogWindows:    0. 'NVIDIA GeForce RTX 3060' (P:1 D:1)
[2022.12.13-10.37.14:021][  0]LogWindows:    1. 'NVIDIA GeForce RTX 3060' (P:0 D:1)
[2022.12.13-10.37.14:022][  0]LogWindows:    2. 'NVIDIA GeForce RTX 3060' (P:0 D:0)
[2022.12.13-10.37.14:022][  0]LogWindows:    3. 'NVIDIA GeForce RTX 3060' (P:0 D:0)
[2022.12.13-10.37.14:022][  0]LogWindows: DebugString: FoundDriverCount:4 
[2022.12.13-10.37.14:022][  0]LogD3D11RHI:     Adapter Name: NVIDIA GeForce RTX 3060
[2022.12.13-10.37.14:022][  0]LogD3D11RHI:   Driver Version: 496.49 (internal:30.0.14.9649, unified:496.49)
[2022.12.13-10.37.14:022][  0]LogD3D11RHI:      Driver Date: 10-20-2021
[2022.12.13-10.37.14:022][  0]LogRHI: Texture pool is 8500 MB (70% of 12143 MB)
[2022.12.13-10.37.14:022][  0]LogD3D11RHI: Creating D3DDevice using adapter:
[2022.12.13-10.37.14:022][  0]LogD3D11RHI:     Description : NVIDIA GeForce RTX 3060
[2022.12.13-10.37.14:022][  0]LogD3D11RHI:     VendorId    : 10de
[2022.12.13-10.37.14:022][  0]LogD3D11RHI:     DeviceId    : 2504
[2022.12.13-10.37.14:022][  0]LogD3D11RHI:     SubSysId    : 36563842
[2022.12.13-10.37.14:022][  0]LogD3D11RHI:     Revision    : 00a1
[2022.12.13-10.37.14:022][  0]LogD3D11RHI:     DedicatedVideoMemory : 12732858368 bytes
[2022.12.13-10.37.14:022][  0]LogD3D11RHI:     DedicatedSystemMemory : 0 bytes
[2022.12.13-10.37.14:022][  0]LogD3D11RHI:     SharedSystemMemory : 8543285248 bytes
[2022.12.13-10.37.14:022][  0]LogD3D11RHI:     AdapterLuid : 0 61096
[2022.12.13-10.37.14:067][  0]LogD3D11RHI: RHI has support for 64 bit atomics
[2022.12.13-10.37.14:068][  0]LogD3D11RHI: Async texture creation enabled
[2022.12.13-10.37.14:068][  0]LogD3D11RHI: Array index from any shader is supported
[2022.12.13-10.37.14:091][  0]LogD3D11RHI: GPU Timing Frequency: 1000.000000 (Debug: 2 1)
[2022.12.13-10.37.14:104][  0]LogRHI: GeForceNow SDK initialized: 1
[2022.12.13-10.37.14:367][  0]LogTargetPlatformManager: Display: Loaded TargetPlatform 'AllDesktop'
[2022.12.13-10.37.14:385][  0]LogTargetPlatformManager: Display: Loaded TargetPlatform 'Android'
[2022.12.13-10.37.14:385][  0]LogTargetPlatformManager: Display: Loaded TargetPlatform 'Android_ASTC'
[2022.12.13-10.37.14:385][  0]LogTargetPlatformManager: Display: Loaded TargetPlatform 'Android_DXT'
[2022.12.13-10.37.14:386][  0]LogTargetPlatformManager: Display: Loaded TargetPlatform 'Android_ETC2'
[2022.12.13-10.37.14:386][  0]LogTargetPlatformManager: Display: Loaded TargetPlatform 'AndroidClient'
[2022.12.13-10.37.14:386][  0]LogTargetPlatformManager: Display: Loaded TargetPlatform 'Android_ASTCClient'
[2022.12.13-10.37.14:386][  0]LogTargetPlatformManager: Display: Loaded TargetPlatform 'Android_DXTClient'
[2022.12.13-10.37.14:386][  0]LogTargetPlatformManager: Display: Loaded TargetPlatform 'Android_ETC2Client'
[2022.12.13-10.37.14:386][  0]LogTargetPlatformManager: Display: Loaded TargetPlatform 'Android_Multi'
[2022.12.13-10.37.14:386][  0]LogTargetPlatformManager: Display: Loaded TargetPlatform 'Android_MultiClient'
[2022.12.13-10.37.14:401][  0]LogTargetPlatformManager: Display: Loaded TargetPlatform 'IOSClient'
[2022.12.13-10.37.14:401][  0]LogTargetPlatformManager: Display: Loaded TargetPlatform 'IOS'
[2022.12.13-10.37.14:409][  0]LogTargetPlatformManager: Display: Loaded TargetPlatform 'Linux'
[2022.12.13-10.37.14:412][  0]LogTargetPlatformManager: Display: Loaded TargetPlatform 'LinuxNoEditor'
[2022.12.13-10.37.14:415][  0]LogTargetPlatformManager: Display: Loaded TargetPlatform 'LinuxClient'
[2022.12.13-10.37.14:418][  0]LogTargetPlatformManager: Display: Loaded TargetPlatform 'LinuxServer'
[2022.12.13-10.37.14:425][  0]LogTargetPlatformManager: Display: Loaded TargetPlatform 'LinuxAArch64NoEditor'
[2022.12.13-10.37.14:429][  0]LogTargetPlatformManager: Display: Loaded TargetPlatform 'LinuxAArch64Client'
[2022.12.13-10.37.14:433][  0]LogTargetPlatformManager: Display: Loaded TargetPlatform 'LinuxAArch64Server'
[2022.12.13-10.37.14:452][  0]LogTargetPlatformManager: Display: Loaded TargetPlatform 'Lumin'
[2022.12.13-10.37.14:452][  0]LogTargetPlatformManager: Display: Loaded TargetPlatform 'LuminClient'
[2022.12.13-10.37.14:458][  0]LogTargetPlatformManager: Display: Loaded TargetPlatform 'MacNoEditor'
[2022.12.13-10.37.14:462][  0]LogTargetPlatformManager: Display: Loaded TargetPlatform 'Mac'
[2022.12.13-10.37.14:465][  0]LogTargetPlatformManager: Display: Loaded TargetPlatform 'MacClient'
[2022.12.13-10.37.14:468][  0]LogTargetPlatformManager: Display: Loaded TargetPlatform 'MacServer'
[2022.12.13-10.37.14:476][  0]LogTargetPlatformManager: Display: Loaded TargetPlatform 'TVOSClient'
[2022.12.13-10.37.14:476][  0]LogTargetPlatformManager: Display: Loaded TargetPlatform 'TVOS'
[2022.12.13-10.37.14:484][  0]LogTargetPlatformManager: Display: Loaded TargetPlatform 'WindowsNoEditor'
[2022.12.13-10.37.14:488][  0]LogTargetPlatformManager: Display: Loaded TargetPlatform 'Windows'
[2022.12.13-10.37.14:491][  0]LogTargetPlatformManager: Display: Loaded TargetPlatform 'WindowsClient'
[2022.12.13-10.37.14:495][  0]LogTargetPlatformManager: Display: Loaded TargetPlatform 'WindowsServer'
[2022.12.13-10.37.14:495][  0]LogTargetPlatformManager: Display: Building Assets For Windows
[2022.12.13-10.37.14:528][  0]LogAudioDebug: Display: Lib vorbis DLL was dynamically loaded.
[2022.12.13-10.37.14:580][  0]LogTextureFormatOodle: Display: Oodle Texture 2.9.0 init RDO Off
[2022.12.13-10.37.14:661][  0]LogRendererCore: Ray tracing is disabled. Reason: r.RayTracing=0.
[2022.12.13-10.37.14:661][  0]LogShaderCompilers: Guid format shader working directory is -19 characters bigger than the processId version (../../../../../../Users/kadbduljawad2021/Documents/GitHub/Hivemind/Hivemind/Intermediate/Shaders/WorkingDirectory/16672/).
[2022.12.13-10.37.14:661][  0]LogShaderCompilers: Cleaned the shader compiler working directory 'C:/Users/kadbduljawad2021/AppData/Local/Temp/UnrealShaderWorkingDir/BCD74C6747DB947E6D28D6ABA11AC607/'.
[2022.12.13-10.37.14:662][  0]LogXGEController: Cleaning working directory: C:/Users/kadbduljawad2021/AppData/Local/Temp/UnrealXGEWorkingDir/
[2022.12.13-10.37.14:664][  0]LogShaderCompilers: Display: Using XGE Controller for Shader Compilation.
[2022.12.13-10.37.16:616][  0]LogDerivedDataCache: Display: Max Cache Size: 512 MB
[2022.12.13-10.37.16:704][  0]LogDerivedDataCache: Loaded boot cache 0.09s 103MB C:/Users/kadbduljawad2021/AppData/Local/UnrealEngine/4.27/DerivedDataCache/Boot.ddc.
[2022.12.13-10.37.16:704][  0]LogDerivedDataCache: Display: Loaded Boot cache: C:/Users/kadbduljawad2021/AppData/Local/UnrealEngine/4.27/DerivedDataCache/Boot.ddc
[2022.12.13-10.37.16:704][  0]LogDerivedDataCache: FDerivedDataBackendGraph:  Pak pak cache file ../../../../../../Users/kadbduljawad2021/Documents/GitHub/Hivemind/Hivemind/DerivedDataCache/DDC.ddp not found, will not use a pak cache.
[2022.12.13-10.37.16:704][  0]LogDerivedDataCache: Unable to find inner node Pak for hierarchical cache Hierarchy.
[2022.12.13-10.37.16:704][  0]LogDerivedDataCache: FDerivedDataBackendGraph:  CompressedPak pak cache file ../../../../../../Users/kadbduljawad2021/Documents/GitHub/Hivemind/Hivemind/DerivedDataCache/Compressed.ddp not found, will not use a pak cache.
[2022.12.13-10.37.16:704][  0]LogDerivedDataCache: Unable to find inner node CompressedPak for hierarchical cache Hierarchy.
[2022.12.13-10.37.16:727][  0]LogDerivedDataCache: Display: Pak cache opened for reading ../../../Engine/DerivedDataCache/Compressed.ddp.
[2022.12.13-10.37.16:727][  0]LogDerivedDataCache: FDerivedDataBackendGraph:  EnterprisePak pak cache file ../../../Enterprise/DerivedDataCache/Compressed.ddp not found, will not use a pak cache.
[2022.12.13-10.37.16:727][  0]LogDerivedDataCache: Unable to find inner node EnterprisePak for hierarchical cache Hierarchy.
[2022.12.13-10.37.16:737][  0]LogDerivedDataCache: Speed tests for C:/Users/kadbduljawad2021/AppData/Local/UnrealEngine/Common/DerivedDataCache took 0.01 seconds
[2022.12.13-10.37.16:737][  0]LogDerivedDataCache: Display: Performance to C:/Users/kadbduljawad2021/AppData/Local/UnrealEngine/Common/DerivedDataCache: Latency=0.12ms. RandomReadSpeed=175.73MBs, RandomWriteSpeed=269.83MBs. Assigned SpeedClass 'Local'
[2022.12.13-10.37.16:738][  0]LogDerivedDataCache: Using Local data cache path C:/Users/kadbduljawad2021/AppData/Local/UnrealEngine/Common/DerivedDataCache: Writable
[2022.12.13-10.37.16:738][  0]LogDerivedDataCache: Shared data cache path not found in *engine.ini, will not use an Shared cache.
[2022.12.13-10.37.16:738][  0]LogDerivedDataCache: Unable to find inner node Shared for hierarchical cache Hierarchy.
[2022.12.13-10.37.16:771][  0]LogSlate: Using FreeType 2.10.0
[2022.12.13-10.37.16:781][  0]LogSlate: SlateFontServices - WITH_FREETYPE: 1, WITH_HARFBUZZ: 1
[2022.12.13-10.37.16:810][  0]LogAssetRegistry: FAssetRegistry took 0.0041 seconds to start up
[2022.12.13-10.37.17:100][  0]LogInit: Selected Device Profile: [Windows]
[2022.12.13-10.37.17:100][  0]LogInit: Active device profile: [00000129470ED100][00000129444F0FC0 49] Windows
[2022.12.13-10.37.17:100][  0]LogInit: Profiles: [00000129470ED100][00000129444F0FC0 49] Windows, [00000129470A6600][0000012945CBB140 49] WindowsNoEditor, [00000129470EE200][0000012945CBF2C0 49] WindowsServer, [00000129470A5800][0000012945CC3440 49] WindowsClient, [00000129470ED700][0000012945CC75C0 49] IOS, [00000129470A6800][0000012945CCB740 49] iPadAir, [00000129470EFC00][0000012945CCF8C0 49] iPadAir2, [0000012947051400][0000012945CD7B80 49] IPadPro, [0000012947051500][0000012945CD3BC0 49] iPadAir3, [00000129470A7900][0000012945CDA1C0 49] iPadAir4, [0000012947052300][0000012945CDE340 49] iPadMini2, [00000129470A7000][0000012945CE24C0 49] iPadMini3, [0000012947052F00][0000012945CE6640 49] iPadMini4, [00000129470A5D00][0000012945CEA7C0 49] iPadMini5, [0000012947075000][0000012945CF2A80 49] iPhone6, [0000012947075100][0000012945CEEAC0 49] iPodTouch6, [00000129470EF900][0000012945CF6D00 49] iPhone7, [00000129470EE900][0000012945CB6D40 49] iPodTouch7, [0000012947051000][0000012945CFAE80 49] iPhone5S, [00000129470EEF00][0000012945CFEFC0 49] iPhone6Plus, [0000012947053600][0000012945D07140 49] iPhone6S, [00000129470ECC00][0000012945D0B2C0 49] iPhone6SPlus, [00000129470EDD00][0000012945D0F440 49] iPhone7Plus, [0000012947074800][0000012945D135C0 49] iPhoneSE, [00000129470EC400][0000012945D17740 49] iPhone8, [0000012947074900][0000012945D1B8C0 49] iPhone8Plus, [0000012947076E00][0000012945D1FA40 49] iPhoneX, [0000012947051D00][0000012945D23BC0 49] iPhoneXS, [0000012947076700][0000012945D261C0 49] iPhoneXSMax, [0000012947051C00][0000012945D2A340 49] iPhoneXR, [0000012947076800][0000012945D2E4C0 49] iPhone11, [0000012947050F00][0000012945D32640 49] iPhone11Pro, [0000012947074B00][0000012945D367C0 49] iPhone11ProMax, [0000012947050D00][0000012945D3A940 49] iPhoneSE2, [0000012947074E00][0000012945D3EAC0 49] iPhone12Mini, [00000129470EF800][0000012945D42C40 49] iPhone12, [0000012947077000][0000012945D02D80 49] iPhone12Pro, [00000129470EF700][0000012945D46EC0 49] iPhone12ProMax, [0000012947075E00][0000012945D4B000 49] iPadPro105, [00000129470ED300][0000012945D4F140 49] iPadPro129, [0000012947077E00][0000012945D572C0 49] iPadPro97, [00000129470EDC00][0000012945D5B440 49] iPadPro2_129, [0000012947076000][0000012945D5F5C0 49] iPad5, [00000129470EE300][0000012945D63740 49] iPad6, [0000012947077B00][0000012945D678C0 49] iPad7, [00000129470EDE00][0000012945D6BA40 49] iPad8, [0000012947074A00][0000012945D6FBC0 49] iPadPro11, [00000129470EE600][0000012945D721C0 49] iPadPro2_11, [0000012947074F00][0000012945D76340 49] iPadPro3_129, [00000129470EE800][0000012945D7A4C0 49] iPadPro4_129, [0000012947077C00][0000012945D7E640 49] AppleTV, [00000129470EDA00][0000012945D827C0 49] AppleTV4K, [0000012947076600][0000012945D86940 49] TVOS, [00000129470EE100][0000012945D8AAC0 49] Mac, [0000012947076F00][0000012947DA0C40 49] MacClient, [00000129470EEA00][0000012947DA4DC0 49] MacNoEditor, [0000012947076C00][0000012947DA8F40 49] MacServer, [00000129470EF000][0000012945D53080 49] Linux, [0000012947074400][0000012947DAD1C0 49] LinuxAArch64, [00000129470EC700][0000012947DB1300 49] LinuxNoEditor, [0000012947077700][0000012947DB9480 49] LinuxAArch64NoEditor, [00000129470EFB00][0000012947DBD600 49] LinuxClient, [0000012947077400][0000012947DC1780 49] LinuxAArch64Client, [00000129470EFE00][0000012947DC5900 49] LinuxServer, [0000012947074700][0000012947DC9A80 49] LinuxAArch64Server, [00000129470EDF00][0000012947DCDC00 49] Android, [0000012947076A00][0000012947DD0200 49] Android_Low, [00000129470EED00][0000012947DD4380 49] Android_Mid, [0000012947075F00][0000012947DD8500 49] Android_High, [00000129470EEB00][0000012947DDC680 49] Android_Default, [0000012947074100][0000012947DE0800 49] Android_Adreno4xx, [00000129470EC500][0000012947DE4980 49] Android_Adreno5xx_Low, [0000012947075400][0000012947DE8B00 49] Android_Adreno5xx, [00000129470EF400][0000012947DECC80 49] Android_Adreno6xx, [0000012947076300][0000012947DF0E00 49] Android_Adreno6xx_Vulkan, [00000129470EFD00][0000012947DF4F80 49] Android_Mali_T6xx, [0000012947074200][0000012947DF9100 49] Android_Mali_T7xx, [00000129470EF600][0000012947DB5240 49] Android_Mali_T8xx, [0000012947077200][0000012947DFD380 49] Android_Mali_G71, [0000012947053100][0000012947E014C0 49] Android_Mali_G72, [00000129470A6E00][0000012947E09640 49] Android_Mali_G72_Vulkan, [0000012947052B00][0000012947E0D7C0 49] Android_Mali_G76, [00000129470A4500][0000012947E11940 49] Android_Mali_G76_Vulkan, [0000012947050C00][0000012947E15AC0 49] Android_Mali_G77, [00000129470A4600][0000012947E180C0 49] Android_Mali_G77_Vulkan, [0000012947052400][0000012947E1C240 49] Android_Mali_G78, [00000129470A4D00][0000012947E203C0 49] Android_Mali_G78_Vulkan, [0000012947053D00][0000012947E24540 49] Android_Mali_G710, [00000129470A6A00][0000012947E286C0 49] Android_Mali_G710_Vulkan, [0000012947052A00][0000012947E2C840 49] Android_Vulkan_SM5, [00000129470A5900][0000012947E309C0 49] Android_PowerVR_G6xxx, [0000012947050500][0000012947E34B40 49] Android_PowerVR_GT7xxx, [00000129470A4200][0000012947E38CC0 49] Android_PowerVR_GE8xxx, [0000012947053B00][0000012947E3CE40 49] Android_PowerVR_GM9xxx, [00000129470A6000][0000012947E40FC0 49] Android_PowerVR_GM9xxx_Vulkan, [0000012947051F00][0000012947E45140 49] Android_TegraK1, [00000129470A4A00][0000012947E492C0 49] Android_Unknown_Vulkan, [0000012947053900][0000012947E05400 49] Lumin, [00000129470A5100][0000012947E4D540 49] Lumin_Desktop, [0000012947052000][0000012947E51680 49] HoloLens, 
[2022.12.13-10.37.17:395][  0]LogMeshReduction: Using QuadricMeshReduction for automatic static mesh reduction
[2022.12.13-10.37.17:395][  0]LogMeshReduction: Using SimplygonMeshReduction for automatic skeletal mesh reduction
[2022.12.13-10.37.17:395][  0]LogMeshReduction: Using ProxyLODMeshReduction for automatic mesh merging
[2022.12.13-10.37.17:395][  0]LogMeshReduction: No distributed automatic mesh merging module available
[2022.12.13-10.37.17:396][  0]LogMeshMerging: No distributed automatic mesh merging module available
[2022.12.13-10.37.17:471][  0]LogNetVersion: Hivemind 1.0.0, NetCL: 17155196, EngineNetVer: 17, GameNetVer: 0 (Checksum: 97295288)
[2022.12.13-10.37.18:503][  0]LogTexture: Default maximum texture size for cubemaps generated from long-lat sources has been changed from 512 to unlimited. In order to preserve old behaiour for '/Engine/MapTemplates/Sky/DaylightAmbientCubemap.DaylightAmbientCubemap', its maximum texture size has been explicitly set to 512.
[2022.12.13-10.37.18:637][  0]LogHMD: PokeAHoleMaterial loaded successfully
[2022.12.13-10.37.18:646][  0]LogUObjectArray: 17178 objects as part of root set at end of initial load.
[2022.12.13-10.37.18:646][  0]LogUObjectAllocator: 4301856 out of 0 bytes used by permanent object pool.
[2022.12.13-10.37.18:646][  0]LogUObjectArray: CloseDisregardForGC: 0/0 objects in disregard for GC pool
[2022.12.13-10.37.19:622][  0]LogNiagaraDebuggerClient: Niagara Debugger Client Initialized | Session: EC03D238436000A779E9A498F16271F6 | Instance: BF2A49904D5E987570EBB59AAE54120E (ELAM-014-24-16672).
[2022.12.13-10.37.19:809][  0]LogImageWrapper: Warning: PNG Warning: Duplicate iCCP chunk
[2022.12.13-10.37.19:809][  0]LogImageWrapper: Warning: PNG Warning: Duplicate iCCP chunk
[2022.12.13-10.37.20:138][  0]LogPython: Using Python 3.7.7
[2022.12.13-10.37.20:721][  0]LogUdpMessaging: Initializing bridge on interface 0.0.0.0:0 to multicast group 230.0.0.1:6666.
[2022.12.13-10.37.20:728][  0]LogTcpMessaging: Initializing TcpMessaging bridge
[2022.12.13-10.37.20:984][  0]SourceControl: Source control is disabled
[2022.12.13-10.37.20:984][  0]SourceControl: Source control is disabled
[2022.12.13-10.37.20:991][  0]SourceControl: Source control is disabled
[2022.12.13-10.37.20:995][  0]SourceControl: Source control is disabled
[2022.12.13-10.37.21:005][  0]LogUProjectInfo: Found projects:
[2022.12.13-10.37.21:010][  0]SourceControl: Source control is disabled
[2022.12.13-10.37.21:186][  0]LogOpenImageDenoise: OIDN starting up
[2022.12.13-10.37.21:206][  0]LogAndroidPermission: UAndroidPermissionCallbackProxy::GetInstance
[2022.12.13-10.37.21:219][  0]LogAudioCaptureCore: Display: No Audio Capture implementations found. Audio input will be silent.
[2022.12.13-10.37.21:219][  0]LogAudioCaptureCore: Display: No Audio Capture implementations found. Audio input will be silent.
[2022.12.13-10.37.21:333][  0]LogCollectionManager: Loaded 0 collections in 0.001403 seconds
[2022.12.13-10.37.21:364][  0]LogFileCache: Scanning file cache for directory 'C:/Users/kadbduljawad2021/Documents/GitHub/Hivemind/Hivemind/Saved/Collections/' took 0.00s
[2022.12.13-10.37.21:364][  0]LogFileCache: Scanning file cache for directory 'C:/Users/kadbduljawad2021/Documents/GitHub/Hivemind/Hivemind/Content/Developers/kadbduljawad2021/Collections/' took 0.00s
[2022.12.13-10.37.21:364][  0]LogFileCache: Scanning file cache for directory 'C:/Users/kadbduljawad2021/Documents/GitHub/Hivemind/Hivemind/Content/Collections/' took 0.00s
[2022.12.13-10.37.21:364][  0]LogOcInput: OculusInput pre-init called
[2022.12.13-10.37.21:601][  0]LogImageWrapper: Warning: PNG Warning: Duplicate iCCP chunk
[2022.12.13-10.37.21:601][  0]LogImageWrapper: Warning: PNG Warning: Duplicate iCCP chunk
[2022.12.13-10.37.21:601][  0]LogEngine: Initializing Engine...
[2022.12.13-10.37.21:639][  0]LogHMD: Failed to enumerate extensions. Please check that you have a valid OpenXR runtime installed.
[2022.12.13-10.37.21:639][  0]LogHMD: Failed to initialize OpenVR with code 110
[2022.12.13-10.37.21:640][  0]LogMagicLeap: Warning: VR disabled because ZI is not enabled.  To enable, in the editor, Edit -> Project Settings -> Plugins -> Magic Leap Plugin -> Enable Zero Iteration
[2022.12.13-10.37.21:644][  0]LogStats: UGameplayTagsManager::InitializeManager -  0.001 s
[2022.12.13-10.37.21:840][  0]LogInit: Initializing FReadOnlyCVARCache
[2022.12.13-10.37.21:876][  0]LogAIModule: Creating AISystem for world Untitled
[2022.12.13-10.37.21:885][  0]LogAudio: Display: Initializing Audio Device Manager...
[2022.12.13-10.37.21:888][  0]LogAudio: Display: Loading Default Audio Settings Objects...
[2022.12.13-10.37.21:889][  0]LogAudio: Display: No default SoundConcurrencyObject specified (or failed to load).
[2022.12.13-10.37.21:890][  0]LogAudio: Display: Audio Device Manager Initialized
[2022.12.13-10.37.21:890][  0]LogAudio: Display: Creating Audio Device:                 Id: 1, Scope: Shared, Realtime: True
[2022.12.13-10.37.21:891][  0]LogAudioMixer: Display: Audio Mixer Platform Settings:
[2022.12.13-10.37.21:891][  0]LogAudioMixer: Display: 	Sample Rate:						  48000
[2022.12.13-10.37.21:891][  0]LogAudioMixer: Display: 	Callback Buffer Frame Size Requested: 1024
[2022.12.13-10.37.21:891][  0]LogAudioMixer: Display: 	Callback Buffer Frame Size To Use:	  1024
[2022.12.13-10.37.21:891][  0]LogAudioMixer: Display: 	Number of buffers to queue:			  2
[2022.12.13-10.37.21:891][  0]LogAudioMixer: Display: 	Max Channels (voices):				  32
[2022.12.13-10.37.21:891][  0]LogAudioMixer: Display: 	Number of Async Source Workers:		  0
[2022.12.13-10.37.21:891][  0]LogAudio: Display: AudioDevice MaxSources: 32
[2022.12.13-10.37.21:892][  0]LogAudio: Display: Audio Spatialization Plugin: None (built-in).
[2022.12.13-10.37.21:892][  0]LogAudio: Display: Audio Reverb Plugin: None (built-in).
[2022.12.13-10.37.21:892][  0]LogAudio: Display: Audio Occlusion Plugin: None (built-in).
[2022.12.13-10.37.21:892][  0]LogAudioMixer: Display: Initializing audio mixer.
[2022.12.13-10.37.21:905][  0]LogAudioMixer: Display: 0: FrontLeft
[2022.12.13-10.37.21:905][  0]LogAudioMixer: Display: 1: FrontRight
[2022.12.13-10.37.21:981][  0]LogAudioMixer: Display: Using Audio Device Speakers (Realtek(R) Audio)
[2022.12.13-10.37.21:984][  0]LogAudioMixer: Display: Initializing Sound Submixes...
[2022.12.13-10.37.21:986][  0]LogAudioMixer: Display: Creating Master Submix 'MasterSubmixDefault'
[2022.12.13-10.37.21:986][  0]LogAudioMixer: Display: Creating Master Submix 'MasterReverbSubmixDefault'
[2022.12.13-10.37.21:987][  0]LogAudioMixer: Display: Creating Master Submix 'MasterEQSubmixDefault'
[2022.12.13-10.37.21:988][  0]LogAudioMixer: FMixerPlatformXAudio2::StartAudioStream() called
[2022.12.13-10.37.21:988][  0]LogAudioMixer: Display: Output buffers initialized: Frames=1024, Channels=2, Samples=2048
[2022.12.13-10.37.21:988][  0]LogAudioMixer: Display: Starting AudioMixerPlatformInterface::RunInternal()
[2022.12.13-10.37.21:988][  0]LogAudioMixer: Display: FMixerPlatformXAudio2::SubmitBuffer() called for the first time
[2022.12.13-10.37.21:988][  0]LogInit: FAudioDevice initialized.
[2022.12.13-10.37.21:989][  0]LogAudio: Display: Audio Device (ID: 1) registered with world 'Untitled'.
[2022.12.13-10.37.21:990][  0]LogNetVersion: Set ProjectVersion to 1.0.0.0. Version Checksum will be recalculated on next use.
[2022.12.13-10.37.22:043][  0]LogDerivedDataCache: Saved boot cache 0.05s 116MB C:/Users/kadbduljawad2021/AppData/Local/UnrealEngine/4.27/DerivedDataCache/Boot.ddc.
[2022.12.13-10.37.22:047][  0]LogInit: Texture streaming: Enabled
[2022.12.13-10.37.22:060][  0]LogAnalytics: Display: [UEEditor.Rocket.Release] APIServer = https://datarouter.ol.epicgames.com/. AppVersion = 4.27.1-17735300+++UE4+Release-4.27
[2022.12.13-10.37.22:063][  0]LogEngineSessionManager: EngineSessionManager initialized
[2022.12.13-10.37.22:063][  0]LogEditorSessionSummary: Verbose: Initializing EditorSessionSummaryWriter for editor session tracking
[2022.12.13-10.37.22:065][  0]LogEditorSessionSummary: EditorSessionSummaryWriter initialized
[2022.12.13-10.37.22:093][  0]LogInit: Transaction tracking system initialized
[2022.12.13-10.37.22:122][  0]BlueprintLog: New page: Editor Load
[2022.12.13-10.37.22:210][  0]LocalizationService: Localization service is disabled
[2022.12.13-10.37.22:248][  0]TimingProfiler: Initialize
[2022.12.13-10.37.22:249][  0]TimingProfiler: OnSessionChanged
[2022.12.13-10.37.22:249][  0]LoadingProfiler: Initialize
[2022.12.13-10.37.22:249][  0]LoadingProfiler: OnSessionChanged
[2022.12.13-10.37.22:249][  0]NetworkingProfiler: Initialize
[2022.12.13-10.37.22:250][  0]NetworkingProfiler: OnSessionChanged
[2022.12.13-10.37.22:250][  0]MemoryProfiler: Initialize
[2022.12.13-10.37.22:250][  0]MemoryProfiler: OnSessionChanged
[2022.12.13-10.37.22:441][  0]LogFileCache: Scanning file cache for directory 'C:/Users/kadbduljawad2021/Documents/GitHub/Hivemind/Hivemind/Content/' took 0.00s
[2022.12.13-10.37.22:441][  0]LogCook: Display: CookSettings for Memory: MemoryMaxUsedVirtual 0MiB, MemoryMaxUsedPhysical 16384MiB, MemoryMinFreeVirtual 0MiB, MemoryMinFreePhysical 1024MiB
[2022.12.13-10.37.22:441][  0]LogCook: Display: Mobile HDR setting 1
[2022.12.13-10.37.22:455][  0]LogLinker: Warning: Failed to load '/Engine/BasicShapes/Plane': Can't find file.
[2022.12.13-10.37.22:456][  0]LogLinker: Warning: Failed to load '/Engine/BasicShapes/Plane': Can't find file.
[2022.12.13-10.37.22:456][  0]LogUObjectGlobals: Warning: Failed to find object 'StaticMesh /Engine/BasicShapes/Plane.Plane'
[2022.12.13-10.37.22:738][  0]LogImageWrapper: Warning: PNG Warning: Duplicate iCCP chunk
[2022.12.13-10.37.22:739][  0]LogImageWrapper: Warning: PNG Warning: Duplicate iCCP chunk
[2022.12.13-10.37.22:739][  0]LogInit: Display: Engine is initialized. Leaving FEngineLoop::Init()
[2022.12.13-10.37.22:744][  0]SourceControl: Source control is disabled
[2022.12.13-10.37.22:745][  0]LogUnrealEdMisc: Loading editor; pre map load, took 13.938
[2022.12.13-10.37.22:746][  0]Cmd: MAP LOAD FILE="../../../Engine/Content/Maps/Templates/Template_Default.umap" TEMPLATE=1 SHOWPROGRESS=1 FEATURELEVEL=3
[2022.12.13-10.37.22:747][  0]LightingResults: New page: Lighting Build
[2022.12.13-10.37.22:753][  0]LogWorld: UWorld::CleanupWorld for Untitled, bSessionEnded=true, bCleanupResources=true
[2022.12.13-10.37.22:754][  0]LogSlate: InvalidateAllWidgets triggered.  All widgets were invalidated
[2022.12.13-10.37.22:756][  0]MapCheck: New page: Map Check
[2022.12.13-10.37.22:756][  0]LightingResults: New page: Lighting Build
[2022.12.13-10.37.22:766][  0]LogAudio: Display: Audio Device unregistered from world 'None'.
[2022.12.13-10.37.22:779][  0]LogUObjectHash: Compacting FUObjectHashTables data took   0.73ms
[2022.12.13-10.37.22:818][  0]LogTexture: Display: Building textures: DeprecatedTextureEB9CBE3C423008B5E8E130901E171C89 (BGRA8, 128X128)
[2022.12.13-10.37.22:833][  0]LogAudio: Display: Audio Device (ID: 1) registered with world 'Untitled_1'.
[2022.12.13-10.37.22:834][  0]LogAIModule: Creating AISystem for world Untitled_1
[2022.12.13-10.37.22:853][  0]LogEditorServer: Finished looking for orphan Actors (0.000 secs)
[2022.12.13-10.37.22:860][  0]LogUObjectHash: Compacting FUObjectHashTables data took   0.62ms
[2022.12.13-10.37.22:861][  0]Cmd: MAP CHECKDEP NOCLEARLOG
[2022.12.13-10.37.22:861][  0]MapCheck: Map check complete: 0 Error(s), 0 Warning(s), took 0.373ms to complete.
[2022.12.13-10.37.22:861][  0]LogFileHelpers: Loading map 'Template_Default' took 0.117
[2022.12.13-10.37.22:882][  0]LogUnrealEdMisc: Total Editor Startup Time, took 14.076
[2022.12.13-10.37.23:029][  0]LogSlate: Updating window title bar state: overlay mode, drag disabled, window buttons hidden, title bar hidden
[2022.12.13-10.37.23:034][  0]LogSlate: Updating window title bar state: overlay mode, drag disabled, window buttons hidden, title bar hidden
[2022.12.13-10.37.23:038][  0]LogSlate: Updating window title bar state: overlay mode, drag disabled, window buttons hidden, title bar hidden
[2022.12.13-10.37.23:041][  0]LogSlate: Updating window title bar state: overlay mode, drag disabled, window buttons hidden, title bar hidden
[2022.12.13-10.37.23:093][  0]LogNativeClassHierarchy: Verbose: Native class hierarchy populated in 0.0083 seconds. Added 3822 classes and 928 folders.
[2022.12.13-10.37.23:099][  0]LogNativeClassHierarchy: Verbose: Native class hierarchy updated for 'WidgetCarousel' in 0.0002 seconds. Added 0 classes and 0 folders.
[2022.12.13-10.37.23:107][  0]LogPakFile: PakFile PrimaryIndexSize=187
[2022.12.13-10.37.23:107][  0]LogPakFile: PakFile PathHashIndexSize=101
[2022.12.13-10.37.23:107][  0]LogPakFile: PakFile FullDirectoryIndexSize=148
[2022.12.13-10.37.23:107][  0]LogShaderLibrary: Display: ShaderCodeLibraryPakFileMountedCallback: PakFile 'C:/Program Files/Epic Games/UE_4.27/FeaturePacks/FP_FirstPerson.upack' (chunk index -1, root 'root:/') mounted
[2022.12.13-10.37.23:107][  0]LogShaderLibrary: Display: ShaderCodeLibraryPakFileMountedCallback: pending pak file info (ChunkID:-1 Root:root:/ File:C:/Program Files/Epic Games/UE_4.27/FeaturePacks/FP_FirstPerson.upack)
[2022.12.13-10.37.23:108][  0]LogPakFile: OnPakFileMounted2Time == 0.000863
[2022.12.13-10.37.23:113][  0]LogPakFile: PakFile PrimaryIndexSize=189
[2022.12.13-10.37.23:113][  0]LogPakFile: PakFile PathHashIndexSize=101
[2022.12.13-10.37.23:113][  0]LogPakFile: PakFile FullDirectoryIndexSize=152
[2022.12.13-10.37.23:113][  0]LogShaderLibrary: Display: ShaderCodeLibraryPakFileMountedCallback: PakFile 'C:/Program Files/Epic Games/UE_4.27/FeaturePacks/FP_FirstPersonBP.upack' (chunk index -1, root 'root:/') mounted
[2022.12.13-10.37.23:113][  0]LogShaderLibrary: Display: ShaderCodeLibraryPakFileMountedCallback: pending pak file info (ChunkID:-1 Root:root:/ File:C:/Program Files/Epic Games/UE_4.27/FeaturePacks/FP_FirstPersonBP.upack)
[2022.12.13-10.37.23:113][  0]LogPakFile: OnPakFileMounted2Time == 0.000181
[2022.12.13-10.37.23:116][  0]LogPakFile: PakFile PrimaryIndexSize=191
[2022.12.13-10.37.23:116][  0]LogPakFile: PakFile PathHashIndexSize=101
[2022.12.13-10.37.23:116][  0]LogPakFile: PakFile FullDirectoryIndexSize=160
[2022.12.13-10.37.23:116][  0]LogShaderLibrary: Display: ShaderCodeLibraryPakFileMountedCallback: PakFile 'C:/Program Files/Epic Games/UE_4.27/FeaturePacks/MobileStarterContent.upack' (chunk index -1, root 'root:/') mounted
[2022.12.13-10.37.23:116][  0]LogShaderLibrary: Display: ShaderCodeLibraryPakFileMountedCallback: pending pak file info (ChunkID:-1 Root:root:/ File:C:/Program Files/Epic Games/UE_4.27/FeaturePacks/MobileStarterContent.upack)
[2022.12.13-10.37.23:117][  0]LogPakFile: OnPakFileMounted2Time == 0.000031
[2022.12.13-10.37.23:120][  0]LogPakFile: PakFile PrimaryIndexSize=185
[2022.12.13-10.37.23:120][  0]LogPakFile: PakFile PathHashIndexSize=101
[2022.12.13-10.37.23:120][  0]LogPakFile: PakFile FullDirectoryIndexSize=148
[2022.12.13-10.37.23:120][  0]LogShaderLibrary: Display: ShaderCodeLibraryPakFileMountedCallback: PakFile 'C:/Program Files/Epic Games/UE_4.27/FeaturePacks/StarterContent.upack' (chunk index -1, root 'root:/') mounted
[2022.12.13-10.37.23:120][  0]LogShaderLibrary: Display: ShaderCodeLibraryPakFileMountedCallback: pending pak file info (ChunkID:-1 Root:root:/ File:C:/Program Files/Epic Games/UE_4.27/FeaturePacks/StarterContent.upack)
[2022.12.13-10.37.23:120][  0]LogPakFile: OnPakFileMounted2Time == 0.000034
[2022.12.13-10.37.23:123][  0]LogPakFile: PakFile PrimaryIndexSize=190
[2022.12.13-10.37.23:123][  0]LogPakFile: PakFile PathHashIndexSize=101
[2022.12.13-10.37.23:123][  0]LogPakFile: PakFile FullDirectoryIndexSize=154
[2022.12.13-10.37.23:123][  0]LogShaderLibrary: Display: ShaderCodeLibraryPakFileMountedCallback: PakFile 'C:/Program Files/Epic Games/UE_4.27/FeaturePacks/TP_2DSideScroller.upack' (chunk index -1, root 'root:/') mounted
[2022.12.13-10.37.23:123][  0]LogShaderLibrary: Display: ShaderCodeLibraryPakFileMountedCallback: pending pak file info (ChunkID:-1 Root:root:/ File:C:/Program Files/Epic Games/UE_4.27/FeaturePacks/TP_2DSideScroller.upack)
[2022.12.13-10.37.23:123][  0]LogPakFile: OnPakFileMounted2Time == 0.000029
[2022.12.13-10.37.23:126][  0]LogPakFile: PakFile PrimaryIndexSize=192
[2022.12.13-10.37.23:126][  0]LogPakFile: PakFile PathHashIndexSize=101
[2022.12.13-10.37.23:126][  0]LogPakFile: PakFile FullDirectoryIndexSize=158
[2022.12.13-10.37.23:126][  0]LogShaderLibrary: Display: ShaderCodeLibraryPakFileMountedCallback: PakFile 'C:/Program Files/Epic Games/UE_4.27/FeaturePacks/TP_2DSideScrollerBP.upack' (chunk index -1, root 'root:/') mounted
[2022.12.13-10.37.23:126][  0]LogShaderLibrary: Display: ShaderCodeLibraryPakFileMountedCallback: pending pak file info (ChunkID:-1 Root:root:/ File:C:/Program Files/Epic Games/UE_4.27/FeaturePacks/TP_2DSideScrollerBP.upack)
[2022.12.13-10.37.23:126][  0]LogPakFile: OnPakFileMounted2Time == 0.000032
[2022.12.13-10.37.23:129][  0]LogPakFile: PakFile PrimaryIndexSize=182
[2022.12.13-10.37.23:129][  0]LogPakFile: PakFile PathHashIndexSize=101
[2022.12.13-10.37.23:129][  0]LogPakFile: PakFile FullDirectoryIndexSize=138
[2022.12.13-10.37.23:129][  0]LogShaderLibrary: Display: ShaderCodeLibraryPakFileMountedCallback: PakFile 'C:/Program Files/Epic Games/UE_4.27/FeaturePacks/TP_Flying.upack' (chunk index -1, root 'root:/') mounted
[2022.12.13-10.37.23:129][  0]LogShaderLibrary: Display: ShaderCodeLibraryPakFileMountedCallback: pending pak file info (ChunkID:-1 Root:root:/ File:C:/Program Files/Epic Games/UE_4.27/FeaturePacks/TP_Flying.upack)
[2022.12.13-10.37.23:129][  0]LogPakFile: OnPakFileMounted2Time == 0.000028
[2022.12.13-10.37.23:133][  0]LogPakFile: PakFile PrimaryIndexSize=184
[2022.12.13-10.37.23:133][  0]LogPakFile: PakFile PathHashIndexSize=101
[2022.12.13-10.37.23:133][  0]LogPakFile: PakFile FullDirectoryIndexSize=142
[2022.12.13-10.37.23:133][  0]LogShaderLibrary: Display: ShaderCodeLibraryPakFileMountedCallback: PakFile 'C:/Program Files/Epic Games/UE_4.27/FeaturePacks/TP_FlyingBP.upack' (chunk index -1, root 'root:/') mounted
[2022.12.13-10.37.23:133][  0]LogShaderLibrary: Display: ShaderCodeLibraryPakFileMountedCallback: pending pak file info (ChunkID:-1 Root:root:/ File:C:/Program Files/Epic Games/UE_4.27/FeaturePacks/TP_FlyingBP.upack)
[2022.12.13-10.37.23:133][  0]LogPakFile: OnPakFileMounted2Time == 0.000030
[2022.12.13-10.37.23:137][  0]LogPakFile: PakFile PrimaryIndexSize=188
[2022.12.13-10.37.23:137][  0]LogPakFile: PakFile PathHashIndexSize=101
[2022.12.13-10.37.23:137][  0]LogPakFile: PakFile FullDirectoryIndexSize=150
[2022.12.13-10.37.23:137][  0]LogShaderLibrary: Display: ShaderCodeLibraryPakFileMountedCallback: PakFile 'C:/Program Files/Epic Games/UE_4.27/FeaturePacks/TP_HandheldARBP.upack' (chunk index -1, root 'root:/') mounted
[2022.12.13-10.37.23:137][  0]LogShaderLibrary: Display: ShaderCodeLibraryPakFileMountedCallback: pending pak file info (ChunkID:-1 Root:root:/ File:C:/Program Files/Epic Games/UE_4.27/FeaturePacks/TP_HandheldARBP.upack)
[2022.12.13-10.37.23:137][  0]LogPakFile: OnPakFileMounted2Time == 0.000036
[2022.12.13-10.37.23:141][  0]LogPakFile: PakFile PrimaryIndexSize=182
[2022.12.13-10.37.23:141][  0]LogPakFile: PakFile PathHashIndexSize=101
[2022.12.13-10.37.23:141][  0]LogPakFile: PakFile FullDirectoryIndexSize=138
[2022.12.13-10.37.23:141][  0]LogShaderLibrary: Display: ShaderCodeLibraryPakFileMountedCallback: PakFile 'C:/Program Files/Epic Games/UE_4.27/FeaturePacks/TP_Puzzle.upack' (chunk index -1, root 'root:/') mounted
[2022.12.13-10.37.23:141][  0]LogShaderLibrary: Display: ShaderCodeLibraryPakFileMountedCallback: pending pak file info (ChunkID:-1 Root:root:/ File:C:/Program Files/Epic Games/UE_4.27/FeaturePacks/TP_Puzzle.upack)
[2022.12.13-10.37.23:141][  0]LogPakFile: OnPakFileMounted2Time == 0.000028
[2022.12.13-10.37.23:145][  0]LogPakFile: PakFile PrimaryIndexSize=184
[2022.12.13-10.37.23:145][  0]LogPakFile: PakFile PathHashIndexSize=101
[2022.12.13-10.37.23:145][  0]LogPakFile: PakFile FullDirectoryIndexSize=142
[2022.12.13-10.37.23:145][  0]LogShaderLibrary: Display: ShaderCodeLibraryPakFileMountedCallback: PakFile 'C:/Program Files/Epic Games/UE_4.27/FeaturePacks/TP_PuzzleBP.upack' (chunk index -1, root 'root:/') mounted
[2022.12.13-10.37.23:145][  0]LogShaderLibrary: Display: ShaderCodeLibraryPakFileMountedCallback: pending pak file info (ChunkID:-1 Root:root:/ File:C:/Program Files/Epic Games/UE_4.27/FeaturePacks/TP_PuzzleBP.upack)
[2022.12.13-10.37.23:145][  0]LogPakFile: OnPakFileMounted2Time == 0.000029
[2022.12.13-10.37.23:148][  0]LogPakFile: PakFile PrimaryIndexSize=183
[2022.12.13-10.37.23:148][  0]LogPakFile: PakFile PathHashIndexSize=101
[2022.12.13-10.37.23:148][  0]LogPakFile: PakFile FullDirectoryIndexSize=140
[2022.12.13-10.37.23:148][  0]LogShaderLibrary: Display: ShaderCodeLibraryPakFileMountedCallback: PakFile 'C:/Program Files/Epic Games/UE_4.27/FeaturePacks/TP_Rolling.upack' (chunk index -1, root 'root:/') mounted
[2022.12.13-10.37.23:148][  0]LogShaderLibrary: Display: ShaderCodeLibraryPakFileMountedCallback: pending pak file info (ChunkID:-1 Root:root:/ File:C:/Program Files/Epic Games/UE_4.27/FeaturePacks/TP_Rolling.upack)
[2022.12.13-10.37.23:148][  0]LogPakFile: OnPakFileMounted2Time == 0.000023
[2022.12.13-10.37.23:151][  0]LogPakFile: PakFile PrimaryIndexSize=185
[2022.12.13-10.37.23:151][  0]LogPakFile: PakFile PathHashIndexSize=101
[2022.12.13-10.37.23:151][  0]LogPakFile: PakFile FullDirectoryIndexSize=144
[2022.12.13-10.37.23:151][  0]LogShaderLibrary: Display: ShaderCodeLibraryPakFileMountedCallback: PakFile 'C:/Program Files/Epic Games/UE_4.27/FeaturePacks/TP_RollingBP.upack' (chunk index -1, root 'root:/') mounted
[2022.12.13-10.37.23:151][  0]LogShaderLibrary: Display: ShaderCodeLibraryPakFileMountedCallback: pending pak file info (ChunkID:-1 Root:root:/ File:C:/Program Files/Epic Games/UE_4.27/FeaturePacks/TP_RollingBP.upack)
[2022.12.13-10.37.23:151][  0]LogPakFile: OnPakFileMounted2Time == 0.000028
[2022.12.13-10.37.23:155][  0]LogPakFile: PakFile PrimaryIndexSize=188
[2022.12.13-10.37.23:155][  0]LogPakFile: PakFile PathHashIndexSize=101
[2022.12.13-10.37.23:155][  0]LogPakFile: PakFile FullDirectoryIndexSize=150
[2022.12.13-10.37.23:155][  0]LogShaderLibrary: Display: ShaderCodeLibraryPakFileMountedCallback: PakFile 'C:/Program Files/Epic Games/UE_4.27/FeaturePacks/TP_SideScroller.upack' (chunk index -1, root 'root:/') mounted
[2022.12.13-10.37.23:155][  0]LogShaderLibrary: Display: ShaderCodeLibraryPakFileMountedCallback: pending pak file info (ChunkID:-1 Root:root:/ File:C:/Program Files/Epic Games/UE_4.27/FeaturePacks/TP_SideScroller.upack)
[2022.12.13-10.37.23:155][  0]LogPakFile: OnPakFileMounted2Time == 0.000029
[2022.12.13-10.37.23:158][  0]LogPakFile: PakFile PrimaryIndexSize=190
[2022.12.13-10.37.23:158][  0]LogPakFile: PakFile PathHashIndexSize=101
[2022.12.13-10.37.23:158][  0]LogPakFile: PakFile FullDirectoryIndexSize=154
[2022.12.13-10.37.23:158][  0]LogShaderLibrary: Display: ShaderCodeLibraryPakFileMountedCallback: PakFile 'C:/Program Files/Epic Games/UE_4.27/FeaturePacks/TP_SideScrollerBP.upack' (chunk index -1, root 'root:/') mounted
[2022.12.13-10.37.23:158][  0]LogShaderLibrary: Display: ShaderCodeLibraryPakFileMountedCallback: pending pak file info (ChunkID:-1 Root:root:/ File:C:/Program Files/Epic Games/UE_4.27/FeaturePacks/TP_SideScrollerBP.upack)
[2022.12.13-10.37.23:158][  0]LogPakFile: OnPakFileMounted2Time == 0.000032
[2022.12.13-10.37.23:161][  0]LogPakFile: PakFile PrimaryIndexSize=187
[2022.12.13-10.37.23:161][  0]LogPakFile: PakFile PathHashIndexSize=101
[2022.12.13-10.37.23:161][  0]LogPakFile: PakFile FullDirectoryIndexSize=148
[2022.12.13-10.37.23:161][  0]LogShaderLibrary: Display: ShaderCodeLibraryPakFileMountedCallback: PakFile 'C:/Program Files/Epic Games/UE_4.27/FeaturePacks/TP_ThirdPerson.upack' (chunk index -1, root 'root:/') mounted
[2022.12.13-10.37.23:161][  0]LogShaderLibrary: Display: ShaderCodeLibraryPakFileMountedCallback: pending pak file info (ChunkID:-1 Root:root:/ File:C:/Program Files/Epic Games/UE_4.27/FeaturePacks/TP_ThirdPerson.upack)
[2022.12.13-10.37.23:161][  0]LogPakFile: OnPakFileMounted2Time == 0.000028
[2022.12.13-10.37.23:165][  0]LogPakFile: PakFile PrimaryIndexSize=189
[2022.12.13-10.37.23:165][  0]LogPakFile: PakFile PathHashIndexSize=101
[2022.12.13-10.37.23:165][  0]LogPakFile: PakFile FullDirectoryIndexSize=152
[2022.12.13-10.37.23:165][  0]LogShaderLibrary: Display: ShaderCodeLibraryPakFileMountedCallback: PakFile 'C:/Program Files/Epic Games/UE_4.27/FeaturePacks/TP_ThirdPersonBP.upack' (chunk index -1, root 'root:/') mounted
[2022.12.13-10.37.23:165][  0]LogShaderLibrary: Display: ShaderCodeLibraryPakFileMountedCallback: pending pak file info (ChunkID:-1 Root:root:/ File:C:/Program Files/Epic Games/UE_4.27/FeaturePacks/TP_ThirdPersonBP.upack)
[2022.12.13-10.37.23:165][  0]LogPakFile: OnPakFileMounted2Time == 0.000031
[2022.12.13-10.37.23:168][  0]LogPakFile: PakFile PrimaryIndexSize=183
[2022.12.13-10.37.23:168][  0]LogPakFile: PakFile PathHashIndexSize=101
[2022.12.13-10.37.23:168][  0]LogPakFile: PakFile FullDirectoryIndexSize=140
[2022.12.13-10.37.23:168][  0]LogShaderLibrary: Display: ShaderCodeLibraryPakFileMountedCallback: PakFile 'C:/Program Files/Epic Games/UE_4.27/FeaturePacks/TP_TopDown.upack' (chunk index -1, root 'root:/') mounted
[2022.12.13-10.37.23:168][  0]LogShaderLibrary: Display: ShaderCodeLibraryPakFileMountedCallback: pending pak file info (ChunkID:-1 Root:root:/ File:C:/Program Files/Epic Games/UE_4.27/FeaturePacks/TP_TopDown.upack)
[2022.12.13-10.37.23:168][  0]LogPakFile: OnPakFileMounted2Time == 0.000035
[2022.12.13-10.37.23:172][  0]LogPakFile: PakFile PrimaryIndexSize=185
[2022.12.13-10.37.23:172][  0]LogPakFile: PakFile PathHashIndexSize=101
[2022.12.13-10.37.23:172][  0]LogPakFile: PakFile FullDirectoryIndexSize=144
[2022.12.13-10.37.23:172][  0]LogShaderLibrary: Display: ShaderCodeLibraryPakFileMountedCallback: PakFile 'C:/Program Files/Epic Games/UE_4.27/FeaturePacks/TP_TopDownBP.upack' (chunk index -1, root 'root:/') mounted
[2022.12.13-10.37.23:172][  0]LogShaderLibrary: Display: ShaderCodeLibraryPakFileMountedCallback: pending pak file info (ChunkID:-1 Root:root:/ File:C:/Program Files/Epic Games/UE_4.27/FeaturePacks/TP_TopDownBP.upack)
[2022.12.13-10.37.23:172][  0]LogPakFile: OnPakFileMounted2Time == 0.000024
[2022.12.13-10.37.23:177][  0]LogPakFile: PakFile PrimaryIndexSize=185
[2022.12.13-10.37.23:177][  0]LogPakFile: PakFile PathHashIndexSize=101
[2022.12.13-10.37.23:177][  0]LogPakFile: PakFile FullDirectoryIndexSize=144
[2022.12.13-10.37.23:177][  0]LogShaderLibrary: Display: ShaderCodeLibraryPakFileMountedCallback: PakFile 'C:/Program Files/Epic Games/UE_4.27/FeaturePacks/TP_TwinStick.upack' (chunk index -1, root 'root:/') mounted
[2022.12.13-10.37.23:177][  0]LogShaderLibrary: Display: ShaderCodeLibraryPakFileMountedCallback: pending pak file info (ChunkID:-1 Root:root:/ File:C:/Program Files/Epic Games/UE_4.27/FeaturePacks/TP_TwinStick.upack)
[2022.12.13-10.37.23:177][  0]LogPakFile: OnPakFileMounted2Time == 0.000027
[2022.12.13-10.37.23:180][  0]LogPakFile: PakFile PrimaryIndexSize=187
[2022.12.13-10.37.23:180][  0]LogPakFile: PakFile PathHashIndexSize=101
[2022.12.13-10.37.23:180][  0]LogPakFile: PakFile FullDirectoryIndexSize=148
[2022.12.13-10.37.23:180][  0]LogShaderLibrary: Display: ShaderCodeLibraryPakFileMountedCallback: PakFile 'C:/Program Files/Epic Games/UE_4.27/FeaturePacks/TP_TwinStickBP.upack' (chunk index -1, root 'root:/') mounted
[2022.12.13-10.37.23:181][  0]LogShaderLibrary: Display: ShaderCodeLibraryPakFileMountedCallback: pending pak file info (ChunkID:-1 Root:root:/ File:C:/Program Files/Epic Games/UE_4.27/FeaturePacks/TP_TwinStickBP.upack)
[2022.12.13-10.37.23:181][  0]LogPakFile: OnPakFileMounted2Time == 0.000032
[2022.12.13-10.37.23:184][  0]LogPakFile: PakFile PrimaryIndexSize=183
[2022.12.13-10.37.23:184][  0]LogPakFile: PakFile PathHashIndexSize=101
[2022.12.13-10.37.23:184][  0]LogPakFile: PakFile FullDirectoryIndexSize=140
[2022.12.13-10.37.23:184][  0]LogShaderLibrary: Display: ShaderCodeLibraryPakFileMountedCallback: PakFile 'C:/Program Files/Epic Games/UE_4.27/FeaturePacks/TP_Vehicle.upack' (chunk index -1, root 'root:/') mounted
[2022.12.13-10.37.23:184][  0]LogShaderLibrary: Display: ShaderCodeLibraryPakFileMountedCallback: pending pak file info (ChunkID:-1 Root:root:/ File:C:/Program Files/Epic Games/UE_4.27/FeaturePacks/TP_Vehicle.upack)
[2022.12.13-10.37.23:184][  0]LogPakFile: OnPakFileMounted2Time == 0.000028
[2022.12.13-10.37.23:187][  0]LogPakFile: PakFile PrimaryIndexSize=186
[2022.12.13-10.37.23:187][  0]LogPakFile: PakFile PathHashIndexSize=101
[2022.12.13-10.37.23:187][  0]LogPakFile: PakFile FullDirectoryIndexSize=146
[2022.12.13-10.37.23:187][  0]LogShaderLibrary: Display: ShaderCodeLibraryPakFileMountedCallback: PakFile 'C:/Program Files/Epic Games/UE_4.27/FeaturePacks/TP_VehicleAdv.upack' (chunk index -1, root 'root:/') mounted
[2022.12.13-10.37.23:187][  0]LogShaderLibrary: Display: ShaderCodeLibraryPakFileMountedCallback: pending pak file info (ChunkID:-1 Root:root:/ File:C:/Program Files/Epic Games/UE_4.27/FeaturePacks/TP_VehicleAdv.upack)
[2022.12.13-10.37.23:187][  0]LogPakFile: OnPakFileMounted2Time == 0.000032
[2022.12.13-10.37.23:191][  0]LogPakFile: PakFile PrimaryIndexSize=188
[2022.12.13-10.37.23:191][  0]LogPakFile: PakFile PathHashIndexSize=101
[2022.12.13-10.37.23:191][  0]LogPakFile: PakFile FullDirectoryIndexSize=150
[2022.12.13-10.37.23:191][  0]LogShaderLibrary: Display: ShaderCodeLibraryPakFileMountedCallback: PakFile 'C:/Program Files/Epic Games/UE_4.27/FeaturePacks/TP_VehicleAdvBP.upack' (chunk index -1, root 'root:/') mounted
[2022.12.13-10.37.23:191][  0]LogShaderLibrary: Display: ShaderCodeLibraryPakFileMountedCallback: pending pak file info (ChunkID:-1 Root:root:/ File:C:/Program Files/Epic Games/UE_4.27/FeaturePacks/TP_VehicleAdvBP.upack)
[2022.12.13-10.37.23:191][  0]LogPakFile: OnPakFileMounted2Time == 0.000039
[2022.12.13-10.37.23:194][  0]LogPakFile: PakFile PrimaryIndexSize=185
[2022.12.13-10.37.23:194][  0]LogPakFile: PakFile PathHashIndexSize=101
[2022.12.13-10.37.23:194][  0]LogPakFile: PakFile FullDirectoryIndexSize=144
[2022.12.13-10.37.23:194][  0]LogShaderLibrary: Display: ShaderCodeLibraryPakFileMountedCallback: PakFile 'C:/Program Files/Epic Games/UE_4.27/FeaturePacks/TP_VehicleBP.upack' (chunk index -1, root 'root:/') mounted
[2022.12.13-10.37.23:194][  0]LogShaderLibrary: Display: ShaderCodeLibraryPakFileMountedCallback: pending pak file info (ChunkID:-1 Root:root:/ File:C:/Program Files/Epic Games/UE_4.27/FeaturePacks/TP_VehicleBP.upack)
[2022.12.13-10.37.23:194][  0]LogPakFile: OnPakFileMounted2Time == 0.000028
[2022.12.13-10.37.23:198][  0]LogPakFile: PakFile PrimaryIndexSize=192
[2022.12.13-10.37.23:198][  0]LogPakFile: PakFile PathHashIndexSize=101
[2022.12.13-10.37.23:198][  0]LogPakFile: PakFile FullDirectoryIndexSize=158
[2022.12.13-10.37.23:198][  0]LogShaderLibrary: Display: ShaderCodeLibraryPakFileMountedCallback: PakFile 'C:/Program Files/Epic Games/UE_4.27/FeaturePacks/TP_VirtualRealityBP.upack' (chunk index -1, root 'root:/') mounted
[2022.12.13-10.37.23:198][  0]LogShaderLibrary: Display: ShaderCodeLibraryPakFileMountedCallback: pending pak file info (ChunkID:-1 Root:root:/ File:C:/Program Files/Epic Games/UE_4.27/FeaturePacks/TP_VirtualRealityBP.upack)
[2022.12.13-10.37.23:198][  0]LogPakFile: OnPakFileMounted2Time == 0.000034
[2022.12.13-10.37.23:351][  0]LogNativeClassHierarchy: Verbose: Native class hierarchy updated for 'AddContentDialog' in 0.0002 seconds. Added 0 classes and 0 folders.
[2022.12.13-10.37.23:356][  0]LogNativeClassHierarchy: Verbose: Native class hierarchy updated for 'SceneOutliner' in 0.0002 seconds. Added 2 classes and 0 folders.
[2022.12.13-10.37.23:442][  0]LogSlate: Took 0.003226 seconds to synchronously load lazily loaded font '../../../Engine/Content/Slate/Fonts/Roboto-Regular.ttf' (155K)
[2022.12.13-10.37.23:446][  0]LogSlate: Took 0.003281 seconds to synchronously load lazily loaded font '../../../Engine/Content/Editor/Slate/Fonts/FontAwesome.ttf' (139K)
[2022.12.13-10.37.23:450][  0]LogSlate: Took 0.002372 seconds to synchronously load lazily loaded font '../../../Engine/Content/Slate/Fonts/Roboto-Bold.ttf' (160K)
[2022.12.13-10.37.23:571][  0]LogRenderer: Reallocating scene render targets to support 1208x572 Format 10 NumSamples 1 (Frame:1).
[2022.12.13-10.37.23:653][  0]LogNativeClassHierarchy: Verbose: Native class hierarchy updated for 'HierarchicalLODOutliner' in 0.0002 seconds. Added 0 classes and 0 folders.
[2022.12.13-10.37.23:653][  0]LogLoad: (Engine Initialization) Total time: 14.85 seconds
[2022.12.13-10.37.23:653][  0]LogLoad: (Engine Initialization) Total Blueprint compile time: 0.00 seconds
[2022.12.13-10.37.23:678][  0]LogLinker: Warning: Failed to load '/Engine/BasicShapes/Plane': Can't find file.
[2022.12.13-10.37.23:678][  0]LogLinker: Warning: Failed to load '/Engine/BasicShapes/Plane': Can't find file.
[2022.12.13-10.37.23:678][  0]LogUObjectGlobals: Warning: Failed to find object 'StaticMesh /Engine/BasicShapes/Plane.Plane'
[2022.12.13-10.37.23:699][  0]LogAssetRegistry: Asset discovery search completed in 6.8899 seconds
[2022.12.13-10.37.23:704][  0]LogCollectionManager: Fixed up redirectors for 0 collections in 0.000005 seconds (updated 0 objects)
[2022.12.13-10.37.23:714][  0]LogContentStreaming: Texture pool size now 1000 MB
[2022.12.13-10.37.24:002][  1]LogFileCache: Retrieving MD5 hashes for directory 'C:/Users/kadbduljawad2021/Documents/GitHub/Hivemind/Hivemind/Content/' took 0.33s
[2022.12.13-10.37.24:376][  2]LogSlate: Took 0.003832 seconds to synchronously load lazily loaded font '../../../Engine/Content/Slate/Fonts/Roboto-Light.ttf' (167K)
