[2022.12.03-17.50.51:975][  0]Log file open, 12/03/22 17:50:51
[2022.12.03-17.50.51:975][  0]LogInit:Display: Running engine for game: Hivemind
[2022.12.03-17.50.51:975][  0]LogPlatformFile: Not using cached read wrapper
[2022.12.03-17.50.51:975][  0]LogInit:Display: RandInit(-95928461) SRandInit(-95928440).
[2022.12.03-17.50.51:975][  0]LogTaskGraph: Started task graph with 4 named threads and 6 total threads.
[2022.12.03-17.50.51:975][  0]LogStats: Stats thread started at 0.131137
[2022.12.03-17.50.51:975][  0]LogInit: Version: 4.10.4-2872498+++depot+UE4-Releases+4.10
[2022.12.03-17.50.51:975][  0]LogInit: API Version: 2758231
[2022.12.03-17.50.51:975][  0]LogInit: Compiled (64-bit): Feb 18 2016 15:47:04
[2022.12.03-17.50.51:975][  0]LogInit: Compiled with Visual C++: 19.00.23026.00
[2022.12.03-17.50.51:975][  0]LogInit: Build Configuration: Development
[2022.12.03-17.50.51:975][  0]LogInit: Branch Name: ++depot+UE4-Releases+4.10
[2022.12.03-17.50.51:975][  0]LogInit: Command line: -EpicPortal  -epicusername="KJGaming" -epicuserid=d9f35ac369304d40a1c5cf6ee03e4b45 -epiclocale=en -epicsandboxid=ue
[2022.12.03-17.50.51:975][  0]LogInit: Base directory: E:/UE_4.10/Engine/Binaries/Win64/
[2022.12.03-17.50.51:975][  0]LogInit: Rocket: 1
[2022.12.03-17.50.51:986][  0]LogInit: Using libcurl 7.41.0
[2022.12.03-17.50.51:986][  0]LogInit:  - built for x86_64-pc-win32
[2022.12.03-17.50.51:986][  0]LogInit:  - supports SSL with WinSSL
[2022.12.03-17.50.51:986][  0]LogInit:  - other features:
[2022.12.03-17.50.51:986][  0]LogInit:      CURL_VERSION_SSL
[2022.12.03-17.50.51:986][  0]LogInit:      CURL_VERSION_IPV6
[2022.12.03-17.50.51:986][  0]LogInit:      CURL_VERSION_ASYNCHDNS
[2022.12.03-17.50.51:986][  0]LogInit:      CURL_VERSION_LARGEFILE
[2022.12.03-17.50.51:986][  0]LogInit:      CURL_VERSION_IDN
[2022.12.03-17.50.51:986][  0]LogInit:  CurlRequestOptions (configurable via config and command line):
[2022.12.03-17.50.51:986][  0]LogInit:  - bVerifyPeer = true  - Libcurl will verify peer certificate
[2022.12.03-17.50.51:986][  0]LogInit:  - bUseHttpProxy = false  - Libcurl will NOT use HTTP proxy
[2022.12.03-17.50.51:986][  0]LogInit:  - bDontReuseConnections = false  - Libcurl will reuse connections
[2022.12.03-17.50.51:986][  0]LogInit:  - CertBundlePath = nullptr  - Libcurl will use whatever was configured at build time.
[2022.12.03-17.50.52:000][  0]LogInit: Presizing for 0 objects not considered by GC, pre-allocating 0 bytes.
[2022.12.03-17.50.52:011][  0]LogInit: Object subsystem initialized
[2022.12.03-17.50.52:012][  0]LogInit: Selected Device Profile: [Windows]
[2022.12.03-17.50.52:012][  0]LogInit: Applying CVar settings loaded from the selected device profile: [Windows]
[2022.12.03-17.50.52:026][  0]LogInit: Computer: DESKTOP-15OBU63
[2022.12.03-17.50.52:026][  0]LogInit: User: Adit
[2022.12.03-17.50.52:026][  0]LogInit: CPU Page size=4096, Cores=3
[2022.12.03-17.50.52:026][  0]LogInit: High frequency timer resolution =14.318180 MHz
[2022.12.03-17.50.52:027][  0]LogMemory: Memory total: Physical=8.0GB (8GB approx)
[2022.12.03-17.50.52:027][  0]LogMemory: Platform Memory Stats for Windows
[2022.12.03-17.50.52:027][  0]LogMemory: Process Physical Memory: 57.52 MB used, 57.52 MB peak
[2022.12.03-17.50.52:027][  0]LogMemory: Process Virtual Memory: 57.63 MB used, 57.63 MB peak
[2022.12.03-17.50.52:027][  0]LogMemory: Physical Memory: 4241.27 MB used, 8149.86 MB total
[2022.12.03-17.50.52:027][  0]LogMemory: Virtual Memory: 4504.00 MB used, 134217728.00 MB total
[2022.12.03-17.50.52:077][  0]LogTextLocalizationManager: No specific translations for ('en-GB') exist, so ('en') translations will be used.
[2022.12.03-17.50.52:983][  0]LogD3D11RHI: Found D3D11 adapter 0: NVIDIA GeForce GTX 1060 6GB (Feature Level 11_0)
[2022.12.03-17.50.52:983][  0]LogD3D11RHI: Adapter has 6052MB of dedicated video memory, 0MB of dedicated system memory, and 4074MB of shared system memory, 1 output[s]
[2022.12.03-17.50.52:987][  0]LogD3D11RHI: Found D3D11 adapter 1: Microsoft Basic Render Driver (Feature Level 11_0)
[2022.12.03-17.50.52:987][  0]LogD3D11RHI: Adapter has 0MB of dedicated video memory, 0MB of dedicated system memory, and 4074MB of shared system memory, 0 output[s]
[2022.12.03-17.50.52:987][  0]LogD3D11RHI: Chosen D3D11 Adapter Id = 0
[2022.12.03-17.50.52:996][  0]LogD3D11RHI: !Direct3DDevice
[2022.12.03-17.50.52:996][  0]LogRHI: Texture pool is 1361 MB (70% of 1945 MB)
[2022.12.03-17.50.53:094][  0]LogD3D11RHI: Async texture creation enabled
[2022.12.03-17.50.53:110][  0]LogShaderCompilers: Guid format shader working directory is 15 characters bigger than the processId version (../../../../Hivemind/Hivemind/Intermediate/Shaders/WorkingDirectory/11860/).
[2022.12.03-17.50.53:110][  0]LogShaderCompilers: Cleaned the shader compiler working directory 'C:/Users/Adit/AppData/Local/Temp/UnrealShaderWorkingDir/DAFE6B3B49437CCFBE6F0D8FCEE72329/'.
[2022.12.03-17.50.53:110][  0]LogShaderCompilers:Display: Using Local Shader Compiler.
[2022.12.03-17.50.54:667][  0]LogTemp:Display: Loaded TP AllDesktopTargetPlatform
[2022.12.03-17.50.54:673][  0]LogTemp:Display: Loaded TP WindowsClientTargetPlatform
[2022.12.03-17.50.54:679][  0]LogTemp:Display: Loaded TP WindowsNoEditorTargetPlatform
[2022.12.03-17.50.54:685][  0]LogTemp:Display: Loaded TP WindowsServerTargetPlatform
[2022.12.03-17.50.54:691][  0]LogTemp:Display: Loaded TP WindowsTargetPlatform
[2022.12.03-17.50.54:695][  0]LogTemp:Display: Loaded TP AndroidTargetPlatform
[2022.12.03-17.50.54:700][  0]LogTemp:Display: Loaded TP Android_ASTCTargetPlatform
[2022.12.03-17.50.54:704][  0]LogTemp:Display: Loaded TP Android_ATCTargetPlatform
[2022.12.03-17.50.54:709][  0]LogTemp:Display: Loaded TP Android_DXTTargetPlatform
[2022.12.03-17.50.54:714][  0]LogTemp:Display: Loaded TP Android_ETC1TargetPlatform
[2022.12.03-17.50.54:719][  0]LogTemp:Display: Loaded TP Android_ETC2TargetPlatform
[2022.12.03-17.50.54:730][  0]LogTemp:Display: Loaded TP Android_MultiTargetPlatform
[2022.12.03-17.50.54:730][  0]LogTemp:Display: Loaded TP Android_PVRTCTargetPlatform
[2022.12.03-17.50.54:732][  0]LogTemp:Display: Loaded TP HTML5TargetPlatform
[2022.12.03-17.50.54:752][  0]LogTemp:Display: Loaded TP IOSTargetPlatform
[2022.12.03-17.50.54:757][  0]LogTemp:Display: Loaded TP LinuxNoEditorTargetPlatform
[2022.12.03-17.50.54:763][  0]LogTemp:Display: Loaded TP LinuxServerTargetPlatform
[2022.12.03-17.50.54:769][  0]LogTemp:Display: Loaded TP LinuxTargetPlatform
[2022.12.03-17.50.54:769][  0]LogTargetPlatformManager:Display: Building Assets For Windows
[2022.12.03-17.50.54:902][  0]LogDerivedDataCache:Display: Max Cache Size: 512 MB
[2022.12.03-17.50.54:979][  0]LogDerivedDataCache: Loaded boot cache 0.08s 41MB C:/Users/Adit/AppData/Local/UnrealEngine/4.10/DerivedDataCache/Boot.ddc.
[2022.12.03-17.50.54:979][  0]LogDerivedDataCache:Display: Loaded Boot cache: C:/Users/Adit/AppData/Local/UnrealEngine/4.10/DerivedDataCache/Boot.ddc
[2022.12.03-17.50.54:979][  0]LogDerivedDataCache: FDerivedDataBackendGraph:  Pak pak cache file ../../../../Hivemind/Hivemind/DerivedDataCache/DDC.ddp not found, will not use a pak cache.
[2022.12.03-17.50.54:979][  0]LogDerivedDataCache: Unable to find inner node Pak for hierarchical cache Hierarchy.
[2022.12.03-17.50.54:979][  0]LogDerivedDataCache: FDerivedDataBackendGraph:  CompressedPak pak cache file ../../../../Hivemind/Hivemind/DerivedDataCache/Compressed.ddp not found, will not use a pak cache.
[2022.12.03-17.50.54:980][  0]LogDerivedDataCache: Unable to find inner node CompressedPak for hierarchical cache Hierarchy.
[2022.12.03-17.50.55:051][  0]LogDerivedDataCache:Display: Pak cache opened for reading ../../../Engine/DerivedDataCache/Compressed.ddp.
[2022.12.03-17.50.55:064][  0]LogDerivedDataCache: Using Local data cache path C:/Users/Adit/AppData/Local/UnrealEngine/Common/DerivedDataCache: Writable
[2022.12.03-17.50.55:352][  0]LogInit: Selected Device Profile: [Windows]
[2022.12.03-17.50.55:356][  0]LogContentStreaming: Texture pool size is 0.000000MB
[2022.12.03-17.50.55:515][  0]LogMeshUtilities: No automatic mesh reduction module available
[2022.12.03-17.50.55:515][  0]LogMeshUtilities: No automatic mesh merging module available
[2022.12.03-17.50.55:876][  0]LogInit: WinSock: version 1.1 (2.2), MaxSocks=32767, MaxUdp=65467
[2022.12.03-17.50.57:342][  0]UdpMessaging: Initializing bridge on interface 0.0.0.0:0 to multicast group 230.0.0.1:6666.
[2022.12.03-17.50.57:465][  0]LogAssetRegistry: FAssetRegistry took 0.0110 seconds to start up
[2022.12.03-17.50.57:751][  0]SourceControl: Info Source control is disabled
[2022.12.03-17.50.57:821][  0]SourceControl: Info Source control is disabled
[2022.12.03-17.50.57:849][  0]SourceControl: Info Source control is disabled
[2022.12.03-17.50.57:877][  0]SourceControl: Info Source control is disabled
[2022.12.03-17.50.58:399][  0]LogObj: 28633 objects as part of root set at end of initial load.
[2022.12.03-17.50.58:399][  0]LogUObjectAllocator: 6099752 out of 0 bytes used by permanent object pool.
[2022.12.03-17.50.58:475][  0]LogEngine: Initializing Engine...
[2022.12.03-17.50.58:479][  0]LogHMD: Can't find Oculus library dev build: is proper Runtime installed? Version: 0.8.0.0
[2022.12.03-17.50.58:481][  0]LogHMD: SteamVR failed to initialize.  Err: 110
[2022.12.03-17.50.58:651][  0]LogAIModule: Creating AISystem for world NewWorld
[2022.12.03-17.50.58:706][  0]LogInit: XAudio2 using 'Headphones (Bose QC45 Stereo)' : 2 channels at 44.1 kHz using 16 bits per sample (channel mask 0x3)
[2022.12.03-17.50.58:737][  0]LogInit: FAudioDevice initialized.
[2022.12.03-17.50.58:780][  0]LogDerivedDataCache: Saved boot cache 0.04s 41MB C:/Users/Adit/AppData/Local/UnrealEngine/4.10/DerivedDataCache/Boot.ddc.
[2022.12.03-17.50.58:789][  0]LogInit: Texture streaming: Enabled
[2022.12.03-17.50.58:795][  0]LogAnalytics: Creating configured Analytics provider AnalyticsET
[2022.12.03-17.50.58:795][  0]LogAnalytics: [UEEditor.Rocket.Release] APIServer = http://et2.epicgames.com/ET2/. AppVersion = 4.10.4-2872498+++depot+UE4-Releases+4.10
[2022.12.03-17.50.58:795][  0]LogAnalytics: [UEEditor.Rocket.Release] SetUserId 0bb9cf1145325950ec0739a463cd03eb|d9f35ac369304d40a1c5cf6ee03e4b45|a225f950-7172-4c58-b763-7ae29fba924e
[2022.12.03-17.50.58:795][  0]LogAnalytics: [UEEditor.Rocket.Release] AnalyticsET::StartSession
[2022.12.03-17.50.58:816][  0]LogInit: Transaction tracking system initialized
[2022.12.03-17.50.58:881][  0]BlueprintLog: New page: Editor Load
[2022.12.03-17.50.58:985][  0]LocalizationService: Info Localization service is disabled
[2022.12.03-17.50.59:095][  0]LogConsoleResponse:Display: 
[2022.12.03-17.50.59:260][  0]LogCook:Display: Done creating registry. It took  0.00s.
[2022.12.03-17.50.59:355][  0]LogFileCache: Scanning file cache for directory 'E:/Hivemind/Hivemind/Content/' took 0.01s
[2022.12.03-17.50.59:355][  0]SourceControl: Info Source control is disabled
[2022.12.03-17.50.59:355][  0]Cmd: MAP LOAD FILE="../../../Engine/Content/Maps/Templates/Template_Default.umap" TEMPLATE=1 SHOWPROGRESS=1 FEATURELEVEL=3
[2022.12.03-17.50.59:356][  0]LightingResults: New page: Lighting Build
[2022.12.03-17.50.59:359][  0]MapCheck: New page: Map Check
[2022.12.03-17.50.59:359][  0]LightingResults: New page: Lighting Build
[2022.12.03-17.50.59:378][  0]LogParticles: Destroying 0 GPU particle simulations for FXSystem 0x000001D33B317420
[2022.12.03-17.50.59:743][  0]LogAIModule: Creating AISystem for world Untitled_1
[2022.12.03-17.50.59:752][  0]LogEditorServer: Finished looking for orphan Actors (0.000 secs)
[2022.12.03-17.50.59:759][  0]Cmd: MAP CHECKDEP NOCLEARLOG
[2022.12.03-17.50.59:892][  0]MapCheck: Info Map check complete: 0 Error(s), 0 Warning(s), took 132.485ms to complete.
[2022.12.03-17.50.59:892][  0]LogFileHelpers: Loading map 'Template_Default' took 0.537
[2022.12.03-17.51.00:054][  0]LogCollectionManager: Loaded 0 collections in 0.001657 seconds
[2022.12.03-17.51.00:098][  0]LogFileCache: Scanning file cache for directory 'E:/Hivemind/Hivemind/Saved/Collections/' took 0.01s
[2022.12.03-17.51.00:098][  0]LogFileCache: Scanning file cache for directory 'E:/Hivemind/Hivemind/Content/Developers/Adit/Collections/' took 0.01s
[2022.12.03-17.51.00:098][  0]LogFileCache: Scanning file cache for directory 'E:/Hivemind/Hivemind/Content/Collections/' took 0.01s
[2022.12.03-17.51.00:098][  0]LogCollectionManager: Rebuilt the GUID cache for 0 collections in 0.000003 seconds
[2022.12.03-17.51.00:108][  0]LogContentBrowser: Native class hierarchy populated in 0.0103 seconds. Added 1893 classes and 338 folders.
[2022.12.03-17.51.00:114][  0]LogContentBrowser: Native class hierarchy updated for 'WidgetCarousel' in 0.0007 seconds. Added 0 classes and 0 folders.
[2022.12.03-17.51.00:211][  0]LogContentBrowser: Native class hierarchy updated for 'AddContentDialog' in 0.0007 seconds. Added 0 classes and 0 folders.
[2022.12.03-17.51.00:216][  0]LogContentBrowser: Native class hierarchy updated for 'SceneOutliner' in 0.0008 seconds. Added 1 classes and 2 folders.
[2022.12.03-17.51.00:275][  0]LogCrashTracker: Crashtracker disabled due to settings.
[2022.12.03-17.51.00:288][  0]LogUObjectGlobals:Warning: Failed to find object 'Class None.'
[2022.12.03-17.51.00:312][  0]LogLoad: Full Startup: 9.03 seconds (BP compile: 0.05 seconds)
[2022.12.03-17.51.00:331][  0]LogOcInput: Can't find Oculus library dev build: is proper Runtime installed? Version: 0.8.0.0
[2022.12.03-17.51.00:393][  0]LogContentStreaming: Texture pool size now 1000 MB
[2022.12.03-17.51.00:580][  0]LogRenderer: Reallocating scene render targets to support 1208x572 (Frame:2).
[2022.12.03-17.51.00:833][  4]LogAssetRegistry: Asset discovery search completed in 3.3793 seconds
[2022.12.03-17.51.00:833][  4]LogCollectionManager: Rebuilt the object cache for 0 collections in 0.000002 seconds (found 0 objects)
[2022.12.03-17.51.00:833][  4]LogCollectionManager: Fixed up redirectors for 0 collections in 0.000049 seconds (updated 0 objects)
[2022.12.03-17.51.02:901][235]LogAIModule: Creating AISystem for world Scene01
[2022.12.03-17.51.02:936][235]Cmd: MAP LOAD FILE="../../../../Hivemind/Hivemind/Content/Scenes/Scene01.umap" TEMPLATE=0 SHOWPROGRESS=1 FEATURELEVEL=3
[2022.12.03-17.51.02:936][235]LightingResults: New page: Lighting Build
[2022.12.03-17.51.02:969][235]LoadErrors: New page: Loading map: Scene01.umap
[2022.12.03-17.51.02:970][235]MapCheck: New page: Map Check
[2022.12.03-17.51.02:970][235]LightingResults: New page: Lighting Build
[2022.12.03-17.51.02:986][235]LogParticles: Destroying 0 GPU particle simulations for FXSystem 0x000001D32D207B00
[2022.12.03-17.51.03:028][235]LogEditorServer: Finished looking for orphan Actors (0.000 secs)
[2022.12.03-17.51.03:068][235]Cmd: MAP CHECKDEP NOCLEARLOG
[2022.12.03-17.51.03:217][235]MapCheck: Info Map check complete: 0 Error(s), 0 Warning(s), took 149.547ms to complete.
[2022.12.03-17.51.03:218][235]LogFileHelpers: Loading map 'Scene01' took 0.285
[2022.12.03-17.51.25:832][986]LogWindowsTextInputMethodSystem:Display: IME system now deactivated.
[2022.12.03-17.51.26:181][987]Cmd: QUIT_EDITOR
[2022.12.03-17.51.26:429][987]LogExit: Preparing to exit.
[2022.12.03-17.51.27:466][987]LogExit: Editor shut down
[2022.12.03-17.51.27:467][987]LogExit: Transaction tracking system shut down
[2022.12.03-17.51.27:468][987]LogParticles: Destroying 0 GPU particle simulations for FXSystem 0x000001D343E398A0
[2022.12.03-17.51.27:469][987]LogParticles: Destroying 0 GPU particle simulations for FXSystem 0x000001D344290220
[2022.12.03-17.51.27:470][987]LogParticles: Destroying 0 GPU particle simulations for FXSystem 0x000001D343C6E660
[2022.12.03-17.51.27:470][987]LogParticles: Destroying 0 GPU particle simulations for FXSystem 0x000001D3479122A0
[2022.12.03-17.51.27:674][987]LogExit: Object subsystem successfully closed.
[2022.12.03-17.51.27:687][987]LogD3D11RHI: Shutdown
[2022.12.03-17.51.27:687][987]LogD3D11RHI: CleanupD3DDevice
[2022.12.03-17.51.27:771][987]LogD3D11RHI: ~FD3D11DynamicRHI
[2022.12.03-17.51.27:811][987]LogModuleManager: Shutting down and abandoning module CrashTracker (198)
[2022.12.03-17.51.27:811][987]LogModuleManager: Shutting down and abandoning module SceneOutliner (197)
[2022.12.03-17.51.27:811][987]LogModuleManager: Shutting down and abandoning module SuperSearch (196)
[2022.12.03-17.51.27:811][987]LogModuleManager: Shutting down and abandoning module WidgetCarousel (195)
[2022.12.03-17.51.27:811][987]LogModuleManager: Shutting down and abandoning module AddContentDialog (194)
[2022.12.03-17.51.27:812][987]LogModuleManager: Shutting down and abandoning module EditorWidgets (193)
[2022.12.03-17.51.27:812][987]LogModuleManager: Shutting down and abandoning module CollectionManager (192)
[2022.12.03-17.51.27:812][987]LogModuleManager: Shutting down and abandoning module StatsViewer (191)
[2022.12.03-17.51.27:812][987]LogModuleManager: Shutting down and abandoning module FoliageEdit (190)
[2022.12.03-17.51.27:812][987]LogModuleManager: Shutting down and abandoning module LandscapeEditor (189)
[2022.12.03-17.51.27:813][987]LogModuleManager: Shutting down and abandoning module ActorPickerMode (188)
[2022.12.03-17.51.27:813][987]LogModuleManager: Shutting down and abandoning module GeometryMode (187)
[2022.12.03-17.51.27:813][987]LogModuleManager: Shutting down and abandoning module TextureAlignMode (186)
[2022.12.03-17.51.27:813][987]LogModuleManager: Shutting down and abandoning module BspMode (185)
[2022.12.03-17.51.27:813][987]LogModuleManager: Shutting down and abandoning module PlacementMode (184)
[2022.12.03-17.51.27:813][987]LogModuleManager: Shutting down and abandoning module AutomationWorker (183)
[2022.12.03-17.51.27:813][987]LogModuleManager: Shutting down and abandoning module CharacterAI (182)
[2022.12.03-17.51.27:813][987]LogModuleManager: Shutting down and abandoning module SmartSnapping (181)
[2022.12.03-17.51.27:813][987]LogModuleManager: Shutting down and abandoning module ViewportSnapping (180)
[2022.12.03-17.51.27:813][987]LogModuleManager: Shutting down and abandoning module LogVisualizer (179)
[2022.12.03-17.51.27:813][987]LogModuleManager: Shutting down and abandoning module GameProjectGeneration (178)
[2022.12.03-17.51.27:813][987]LogModuleManager: Shutting down and abandoning module IntroTutorials (177)
[2022.12.03-17.51.27:813][987]LogModuleManager: Shutting down and abandoning module EditorLiveStreaming (176)
[2022.12.03-17.51.27:813][987]LogModuleManager: Shutting down and abandoning module IOSPlatformEditor (175)
[2022.12.03-17.51.27:813][987]LogModuleManager: Shutting down and abandoning module HTML5PlatformEditor (174)
[2022.12.03-17.51.27:813][987]LogModuleManager: Shutting down and abandoning module AndroidDeviceDetection (173)
[2022.12.03-17.51.28:072][987]LogModuleManager: Shutting down and abandoning module AndroidPlatformEditor (172)
[2022.12.03-17.51.28:072][987]LogModuleManager: Shutting down and abandoning module IOSRuntimeSettings (171)
[2022.12.03-17.51.28:072][987]LogModuleManager: Shutting down and abandoning module AndroidRuntimeSettings (170)
[2022.12.03-17.51.28:072][987]LogModuleManager: Shutting down and abandoning module MergeActors (169)
[2022.12.03-17.51.28:072][987]LogModuleManager: Shutting down and abandoning module SizeMap (168)
[2022.12.03-17.51.28:072][987]LogModuleManager: Shutting down and abandoning module TreeMap (167)
[2022.12.03-17.51.28:072][987]LogModuleManager: Shutting down and abandoning module ReferenceViewer (166)
[2022.12.03-17.51.28:072][987]LogModuleManager: Shutting down and abandoning module LocalizationService (165)
[2022.12.03-17.51.28:072][987]LogModuleManager: Shutting down and abandoning module LocalizationDashboard (164)
[2022.12.03-17.51.28:072][987]LogModuleManager: Shutting down and abandoning module HardwareTargeting (163)
[2022.12.03-17.51.28:072][987]LogModuleManager: Shutting down and abandoning module DeviceProfileEditor (162)
[2022.12.03-17.51.28:072][987]LogModuleManager: Shutting down and abandoning module UndoHistory (161)
[2022.12.03-17.51.28:072][987]LogModuleManager: Shutting down and abandoning module GameplayTagsEditor (160)
[2022.12.03-17.51.28:072][987]LogModuleManager: Shutting down and abandoning module UserFeedback (159)
[2022.12.03-17.51.28:073][987]LogModuleManager: Shutting down and abandoning module XmlParser (158)
[2022.12.03-17.51.28:073][987]LogModuleManager: Shutting down and abandoning module Blutility (157)
[2022.12.03-17.51.28:073][987]LogModuleManager: Shutting down and abandoning module ProjectTargetPlatformEditor (156)
[2022.12.03-17.51.28:073][987]LogModuleManager: Shutting down and abandoning module ProjectSettingsViewer (155)
[2022.12.03-17.51.28:073][987]LogModuleManager: Shutting down and abandoning module InputBindingEditor (154)
[2022.12.03-17.51.28:073][987]LogModuleManager: Shutting down and abandoning module EditorSettingsViewer (153)
[2022.12.03-17.51.28:073][987]LogModuleManager: Shutting down and abandoning module SettingsEditor (152)
[2022.12.03-17.51.28:073][987]LogModuleManager: Shutting down and abandoning module ProjectLauncher (151)
[2022.12.03-17.51.28:073][987]LogModuleManager: Shutting down and abandoning module SessionFrontend (150)
[2022.12.03-17.51.28:073][987]LogModuleManager: Shutting down and abandoning module ProfilerClient (149)
[2022.12.03-17.51.28:073][987]LogModuleManager: Shutting down and abandoning module TargetDeviceServices (148)
[2022.12.03-17.51.28:073][987]LogModuleManager: Shutting down and abandoning module DeviceManager (147)
[2022.12.03-17.51.28:074][987]LogModuleManager: Shutting down and abandoning module AutomationController (146)
[2022.12.03-17.51.28:074][987]LogModuleManager: Shutting down and abandoning module AutomationWindow (145)
[2022.12.03-17.51.28:074][987]LogModuleManager: Shutting down and abandoning module Layers (144)
[2022.12.03-17.51.28:074][987]LogModuleManager: Shutting down and abandoning module ComponentVisualizers (143)
[2022.12.03-17.51.28:074][987]LogModuleManager: Shutting down and abandoning module DetailCustomizations (142)
[2022.12.03-17.51.28:074][987]LogModuleManager: Shutting down and abandoning module PackagesDialog (141)
[2022.12.03-17.51.28:074][987]LogModuleManager: Shutting down and abandoning module Persona (140)
[2022.12.03-17.51.28:074][987]LogModuleManager: Shutting down and abandoning module Kismet (139)
[2022.12.03-17.51.28:074][987]LogModuleManager: Shutting down and abandoning module GraphEditor (138)
[2022.12.03-17.51.28:074][987]LogModuleManager: Shutting down and abandoning module ClassViewer (137)
[2022.12.03-17.51.28:074][987]LogModuleManager: Shutting down and abandoning module Toolbox (136)
[2022.12.03-17.51.28:074][987]LogModuleManager: Shutting down and abandoning module ModuleUI (135)
[2022.12.03-17.51.28:074][987]LogModuleManager: Shutting down and abandoning module MovieSceneTools (134)
[2022.12.03-17.51.28:074][987]LogModuleManager: Shutting down and abandoning module OutputLog (133)
[2022.12.03-17.51.28:074][987]LogModuleManager: Shutting down and abandoning module GammaUI (132)
[2022.12.03-17.51.28:074][987]LogModuleManager: Shutting down and abandoning module Documentation (131)
[2022.12.03-17.51.28:074][987]LogModuleManager: Shutting down and abandoning module GameLiveStreaming (130)
[2022.12.03-17.51.28:074][987]LogModuleManager: Shutting down and abandoning module StreamingPauseRendering (129)
[2022.12.03-17.51.28:074][987]LogModuleManager: Shutting down and abandoning module AnalyticsET (128)
[2022.12.03-17.51.28:074][987]LogModuleManager: Shutting down and abandoning module Analytics (127)
[2022.12.03-17.51.28:074][987]LogModuleManager: Shutting down and abandoning module AITestSuite (126)
[2022.12.03-17.51.28:074][987]LogModuleManager: Shutting down and abandoning module GameplayDebugger (125)
[2022.12.03-17.51.28:074][987]LogModuleManager: Shutting down and abandoning module AIModule (124)
[2022.12.03-17.51.28:074][987]LogModuleManager: Shutting down and abandoning module ProfilerService (123)
[2022.12.03-17.51.28:232][987]LogModuleManager: Shutting down and abandoning module TaskGraph (122)
[2022.12.03-17.51.28:232][987]LogModuleManager: Shutting down and abandoning module SlateRemote (121)
[2022.12.03-17.51.28:232][987]LogModuleManager: Shutting down and abandoning module SteamVRController (120)
[2022.12.03-17.51.28:232][987]LogModuleManager: Shutting down and abandoning module SteamVR (119)
[2022.12.03-17.51.28:232][987]LogModuleManager: Shutting down and abandoning module ProceduralMeshComponent (118)
[2022.12.03-17.51.28:232][987]LogModuleManager: Shutting down and abandoning module OculusLibrary (117)
[2022.12.03-17.51.28:232][987]LogModuleManager: Shutting down and abandoning module OculusInput (116)
[2022.12.03-17.51.28:232][987]LogModuleManager: Shutting down and abandoning module LeapMotionController (115)
[2022.12.03-17.51.28:270][987]LogModuleManager: Shutting down and abandoning module CustomMeshComponent (114)
[2022.12.03-17.51.28:270][987]LogModuleManager: Shutting down and abandoning module CableComponent (113)
[2022.12.03-17.51.28:270][987]LogModuleManager: Shutting down and abandoning module ArchVisCharacter (112)
[2022.12.03-17.51.28:270][987]LogModuleManager: Shutting down and abandoning module MessagingDebugger (111)
[2022.12.03-17.51.28:270][987]LogModuleManager: Shutting down and abandoning module MediaPlayerEditor (110)
[2022.12.03-17.51.28:270][987]LogModuleManager: Shutting down and abandoning module HTML5Networking (109)
[2022.12.03-17.51.28:270][987]LogModuleManager: Shutting down and abandoning module SpeedTreeImporter (108)
[2022.12.03-17.51.28:270][987]LogModuleManager: Shutting down and abandoning module PluginBrowser (107)
[2022.12.03-17.51.28:270][987]LogModuleManager: Shutting down and abandoning module EpicSurvey (106)
[2022.12.03-17.51.28:270][987]LogModuleManager: Shutting down and abandoning module DesktopPlatform (105)
[2022.12.03-17.51.28:270][987]LogModuleManager: Shutting down and abandoning module VisualStudioSourceCodeAccess (104)
[2022.12.03-17.51.28:270][987]LogModuleManager: Shutting down and abandoning module UObjectPlugin (103)
[2022.12.03-17.51.28:270][987]LogModuleManager: Shutting down and abandoning module SubversionSourceControl (102)
[2022.12.03-17.51.28:270][987]LogModuleManager: Shutting down and abandoning module PerforceSourceControl (101)
[2022.12.03-17.51.28:270][987]LogModuleManager: Shutting down and abandoning module SourceControl (100)
[2022.12.03-17.51.28:270][987]LogModuleManager: Shutting down and abandoning module GitSourceControl (99)
[2022.12.03-17.51.28:270][987]LogModuleManager: Shutting down and abandoning module LightPropagationVolumeEditor (98)
[2022.12.03-17.51.28:270][987]LogModuleManager: Shutting down and abandoning module PaperTiledImporter (97)
[2022.12.03-17.51.28:270][987]LogModuleManager: Shutting down and abandoning module PaperSpriteSheetImporter (96)
[2022.12.03-17.51.28:270][987]LogModuleManager: Shutting down and abandoning module MeshPaint (95)
[2022.12.03-17.51.28:270][987]LogModuleManager: Shutting down and abandoning module SlateReflector (94)
[2022.12.03-17.51.28:271][987]LogModuleManager: Shutting down and abandoning module HotReload (93)
[2022.12.03-17.51.28:271][987]LogModuleManager: Shutting down and abandoning module MainFrame (92)
[2022.12.03-17.51.28:271][987]LogModuleManager: Shutting down and abandoning module LevelEditor (91)
[2022.12.03-17.51.28:272][987]LogModuleManager: Shutting down and abandoning module DirectoryWatcher (90)
[2022.12.03-17.51.28:274][987]LogModuleManager: Shutting down and abandoning module AssetRegistry (89)
[2022.12.03-17.51.28:367][987]LogModuleManager: Shutting down and abandoning module ContentBrowser (88)
[2022.12.03-17.51.28:368][987]LogModuleManager: Shutting down and abandoning module Paper2DEditor (87)
[2022.12.03-17.51.28:368][987]LogModuleManager: Shutting down and abandoning module UdpMessaging (86)
[2022.12.03-17.51.28:469][987]LogModuleManager: Shutting down and abandoning module LightPropagationVolumeRuntime (85)
[2022.12.03-17.51.28:469][987]LogModuleManager: Shutting down and abandoning module Paper2D (84)
[2022.12.03-17.51.28:469][987]LogModuleManager: Shutting down and abandoning module WindowsMoviePlayer (83)
[2022.12.03-17.51.28:471][987]LogModuleManager: Shutting down and abandoning module Media (82)
[2022.12.03-17.51.28:471][987]LogModuleManager: Shutting down and abandoning module WmfMedia (81)
[2022.12.03-17.51.28:473][987]LogModuleManager: Shutting down and abandoning module OnlineBlueprintSupport (80)
[2022.12.03-17.51.28:473][987]LogModuleManager: Shutting down and abandoning module GameplayTasksEditor (79)
[2022.12.03-17.51.28:473][987]LogModuleManager: Shutting down and abandoning module PropertyEditor (78)
[2022.12.03-17.51.28:473][987]LogModuleManager: Shutting down and abandoning module BehaviorTreeEditor (77)
[2022.12.03-17.51.28:473][987]LogModuleManager: Shutting down and abandoning module FunctionalTesting (76)
[2022.12.03-17.51.28:473][987]LogModuleManager: Shutting down and abandoning module CollisionAnalyzer (75)
[2022.12.03-17.51.28:474][987]LogModuleManager: Shutting down and abandoning module WorkspaceMenuStructure (74)
[2022.12.03-17.51.28:474][987]LogModuleManager: Shutting down and abandoning module MessageLog (73)
[2022.12.03-17.51.28:474][987]LogModuleManager: Shutting down and abandoning module Sequencer (72)
[2022.12.03-17.51.28:474][987]LogModuleManager: Shutting down and abandoning module AssetTools (71)
[2022.12.03-17.51.28:474][987]LogModuleManager: Shutting down and abandoning module UMGEditor (70)
[2022.12.03-17.51.28:474][987]LogModuleManager: Shutting down and abandoning module UMG (69)
[2022.12.03-17.51.28:474][987]LogModuleManager: Shutting down and abandoning module Slate (68)
[2022.12.03-17.51.28:474][987]LogModuleManager: Shutting down and abandoning module EditorStyle (67)
[2022.12.03-17.51.28:476][987]LogModuleManager: Shutting down and abandoning module SessionServices (66)
[2022.12.03-17.51.28:476][987]LogModuleManager: Shutting down and abandoning module SourceCodeAccess (65)
[2022.12.03-17.51.28:476][987]LogModuleManager: Shutting down and abandoning module HeadMountedDisplay (64)
[2022.12.03-17.51.28:476][987]LogModuleManager: Shutting down and abandoning module XAudio2 (63)
[2022.12.03-17.51.28:476][987]LogModuleManager: Shutting down and abandoning module Networking (61)
[2022.12.03-17.51.28:476][987]LogModuleManager: Shutting down and abandoning module Core (60)
[2022.12.03-17.51.28:476][987]LogModuleManager: Shutting down and abandoning module KismetCompiler (59)
[2022.12.03-17.51.28:476][987]LogModuleManager: Shutting down and abandoning module PhysXFormats (58)
[2022.12.03-17.51.28:476][987]LogModuleManager: Shutting down and abandoning module MeshUtilities (57)
[2022.12.03-17.51.28:476][987]LogModuleManager: Shutting down and abandoning module DerivedDataCache (56)
[2022.12.03-17.51.28:603][987]LogDerivedDataCache: Shutdown
[2022.12.03-17.51.28:603][987]LogModuleManager: Shutting down and abandoning module ShaderFormatOpenGL (55)
[2022.12.03-17.51.28:603][987]LogModuleManager: Shutting down and abandoning module ShaderFormatD3D (54)
[2022.12.03-17.51.28:603][987]LogModuleManager: Shutting down and abandoning module MetalShaderFormat (53)
[2022.12.03-17.51.28:603][987]LogModuleManager: Shutting down and abandoning module TextureFormatUncompressed (52)
[2022.12.03-17.51.28:603][987]LogModuleManager: Shutting down and abandoning module TextureFormatPVR (51)
[2022.12.03-17.51.28:603][987]LogModuleManager: Shutting down and abandoning module TextureFormatIntelISPCTexComp (50)
[2022.12.03-17.51.28:603][987]LogModuleManager: Shutting down and abandoning module TextureFormatDXT (49)
[2022.12.03-17.51.28:603][987]LogModuleManager: Shutting down and abandoning module ImageWrapper (48)
[2022.12.03-17.51.28:603][987]LogModuleManager: Shutting down and abandoning module TextureFormatASTC (47)
[2022.12.03-17.51.28:603][987]LogModuleManager: Shutting down and abandoning module TextureFormatAndroid (46)
[2022.12.03-17.51.28:603][987]LogModuleManager: Shutting down and abandoning module AudioFormatOpus (45)
[2022.12.03-17.51.28:603][987]LogModuleManager: Shutting down and abandoning module AudioFormatOgg (44)
[2022.12.03-17.51.28:603][987]LogModuleManager: Shutting down and abandoning module AudioFormatADPCM (43)
[2022.12.03-17.51.28:603][987]LogModuleManager: Shutting down and abandoning module LinuxTargetPlatform (42)
[2022.12.03-17.51.28:603][987]LogModuleManager: Shutting down and abandoning module LinuxServerTargetPlatform (41)
[2022.12.03-17.51.28:603][987]LogModuleManager: Shutting down and abandoning module LinuxNoEditorTargetPlatform (40)
[2022.12.03-17.51.28:603][987]LogModuleManager: Shutting down and abandoning module Messaging (39)
[2022.12.03-17.51.28:603][987]LogModuleManager: Shutting down and abandoning module IOSTargetPlatform (38)
[2022.12.03-17.51.28:603][987]LogModuleManager: Shutting down and abandoning module HTML5TargetPlatform (37)
[2022.12.03-17.51.28:603][987]LogModuleManager: Shutting down and abandoning module Android_PVRTCTargetPlatform (36)
[2022.12.03-17.51.28:603][987]LogModuleManager: Shutting down and abandoning module Android_MultiTargetPlatform (35)
[2022.12.03-17.51.28:603][987]LogModuleManager: Shutting down and abandoning module Android_ETC2TargetPlatform (34)
[2022.12.03-17.51.28:603][987]LogModuleManager: Shutting down and abandoning module Android_ETC1TargetPlatform (33)
[2022.12.03-17.51.28:603][987]LogModuleManager: Shutting down and abandoning module Android_DXTTargetPlatform (32)
[2022.12.03-17.51.28:603][987]LogModuleManager: Shutting down and abandoning module Android_ATCTargetPlatform (31)
[2022.12.03-17.51.28:603][987]LogModuleManager: Shutting down and abandoning module Android_ASTCTargetPlatform (30)
[2022.12.03-17.51.28:603][987]LogModuleManager: Shutting down and abandoning module AndroidTargetPlatform (29)
[2022.12.03-17.51.28:603][987]LogModuleManager: Shutting down and abandoning module WindowsTargetPlatform (28)
[2022.12.03-17.51.28:603][987]LogModuleManager: Shutting down and abandoning module WindowsServerTargetPlatform (27)
[2022.12.03-17.51.28:603][987]LogModuleManager: Shutting down and abandoning module WindowsNoEditorTargetPlatform (26)
[2022.12.03-17.51.28:603][987]LogModuleManager: Shutting down and abandoning module WindowsClientTargetPlatform (25)
[2022.12.03-17.51.28:603][987]LogModuleManager: Shutting down and abandoning module AllDesktopTargetPlatform (24)
[2022.12.03-17.51.28:603][987]LogModuleManager: Shutting down and abandoning module TargetPlatform (23)
[2022.12.03-17.51.28:603][987]LogModuleManager: Shutting down and abandoning module InputCore (22)
[2022.12.03-17.51.28:603][987]LogModuleManager: Shutting down and abandoning module Settings (21)
[2022.12.03-17.51.28:603][987]LogModuleManager: Shutting down and abandoning module OnlineSubsystem (19)
[2022.12.03-17.51.28:603][987]LogModuleManager: Shutting down and abandoning module HTTP (18)
[2022.12.03-17.51.30:607][987]LogModuleManager: Shutting down and abandoning module XMPP (17)
[2022.12.03-17.51.30:607][987]LogModuleManager: Shutting down and abandoning module OculusRift (16)
[2022.12.03-17.51.30:607][987]LogModuleManager: Shutting down and abandoning module ExampleDeviceProfileSelector (15)
[2022.12.03-17.51.30:607][987]LogModuleManager: Shutting down and abandoning module TextureCompressor (14)
[2022.12.03-17.51.30:607][987]LogModuleManager: Shutting down and abandoning module ShaderCore (13)
[2022.12.03-17.51.30:607][987]LogModuleManager: Shutting down and abandoning module Landscape (12)
[2022.12.03-17.51.30:607][987]LogModuleManager: Shutting down and abandoning module SlateRHIRenderer (11)
[2022.12.03-17.51.30:608][987]LogModuleManager: Shutting down and abandoning module OpenGLDrv (10)
[2022.12.03-17.51.30:608][987]LogModuleManager: Shutting down and abandoning module D3D11RHI (9)
[2022.12.03-17.51.30:608][987]LogModuleManager: Shutting down and abandoning module AnimGraphRuntime (8)
[2022.12.03-17.51.30:608][987]LogModuleManager: Shutting down and abandoning module Renderer (7)
[2022.12.03-17.51.30:608][987]LogModuleManager: Shutting down and abandoning module Engine (6)
[2022.12.03-17.51.30:608][987]LogModuleManager: Shutting down and abandoning module CoreUObject (5)
[2022.12.03-17.51.30:608][987]LogModuleManager: Shutting down and abandoning module NetworkFile (4)
[2022.12.03-17.51.30:608][987]LogModuleManager: Shutting down and abandoning module StreamingFile (3)
[2022.12.03-17.51.30:609][987]LogModuleManager: Shutting down and abandoning module SandboxFile (2)
[2022.12.03-17.51.30:609][987]LogModuleManager: Shutting down and abandoning module PakFile (1)
[2022.12.03-17.51.30:611][987]LogExit: Exiting.
[2022.12.03-17.51.30:612][987]Log file closed, 12/03/22 17:51:30
