[2022.12.03-14.45.21:867][  0]Log file open, 12/03/22 14:45:21
[2022.12.03-14.45.21:867][  0]LogInit:Display: Running engine for game: Hivemind
[2022.12.03-14.45.21:867][  0]LogPlatformFile: Not using cached read wrapper
[2022.12.03-14.45.21:867][  0]LogInit:Display: RandInit(-577834934) SRandInit(-577834920).
[2022.12.03-14.45.21:867][  0]LogTaskGraph: Started task graph with 4 named threads and 6 total threads.
[2022.12.03-14.45.21:867][  0]LogStats: Stats thread started at 0.109727
[2022.12.03-14.45.21:867][  0]LogInit: Version: 4.10.4-2872498+++depot+UE4-Releases+4.10
[2022.12.03-14.45.21:867][  0]LogInit: API Version: 2758231
[2022.12.03-14.45.21:867][  0]LogInit: Compiled (64-bit): Feb 18 2016 15:47:04
[2022.12.03-14.45.21:867][  0]LogInit: Compiled with Visual C++: 19.00.23026.00
[2022.12.03-14.45.21:867][  0]LogInit: Build Configuration: Development
[2022.12.03-14.45.21:867][  0]LogInit: Branch Name: ++depot+UE4-Releases+4.10
[2022.12.03-14.45.21:867][  0]LogInit: Command line: 
[2022.12.03-14.45.21:867][  0]LogInit: Base directory: E:/UE_4.10/Engine/Binaries/Win64/
[2022.12.03-14.45.21:867][  0]LogInit: Rocket: 1
[2022.12.03-14.45.22:062][  0]LogInit: Using libcurl 7.41.0
[2022.12.03-14.45.22:062][  0]LogInit:  - built for x86_64-pc-win32
[2022.12.03-14.45.22:062][  0]LogInit:  - supports SSL with WinSSL
[2022.12.03-14.45.22:062][  0]LogInit:  - other features:
[2022.12.03-14.45.22:062][  0]LogInit:      CURL_VERSION_SSL
[2022.12.03-14.45.22:062][  0]LogInit:      CURL_VERSION_IPV6
[2022.12.03-14.45.22:062][  0]LogInit:      CURL_VERSION_ASYNCHDNS
[2022.12.03-14.45.22:062][  0]LogInit:      CURL_VERSION_LARGEFILE
[2022.12.03-14.45.22:062][  0]LogInit:      CURL_VERSION_IDN
[2022.12.03-14.45.22:062][  0]LogInit:  CurlRequestOptions (configurable via config and command line):
[2022.12.03-14.45.22:062][  0]LogInit:  - bVerifyPeer = true  - Libcurl will verify peer certificate
[2022.12.03-14.45.22:062][  0]LogInit:  - bUseHttpProxy = false  - Libcurl will NOT use HTTP proxy
[2022.12.03-14.45.22:062][  0]LogInit:  - bDontReuseConnections = false  - Libcurl will reuse connections
[2022.12.03-14.45.22:062][  0]LogInit:  - CertBundlePath = nullptr  - Libcurl will use whatever was configured at build time.
[2022.12.03-14.45.22:072][  0]LogInit: Presizing for 0 objects not considered by GC, pre-allocating 0 bytes.
[2022.12.03-14.45.22:088][  0]LogInit: Object subsystem initialized
[2022.12.03-14.45.22:090][  0]LogInit: Selected Device Profile: [Windows]
[2022.12.03-14.45.22:090][  0]LogInit: Applying CVar settings loaded from the selected device profile: [Windows]
[2022.12.03-14.45.22:115][  0]LogInit: Computer: DESKTOP-15OBU63
[2022.12.03-14.45.22:115][  0]LogInit: User: Adit
[2022.12.03-14.45.22:115][  0]LogInit: CPU Page size=4096, Cores=3
[2022.12.03-14.45.22:115][  0]LogInit: High frequency timer resolution =14.318180 MHz
[2022.12.03-14.45.22:115][  0]LogMemory: Memory total: Physical=8.0GB (8GB approx)
[2022.12.03-14.45.22:115][  0]LogMemory: Platform Memory Stats for Windows
[2022.12.03-14.45.22:115][  0]LogMemory: Process Physical Memory: 57.43 MB used, 57.43 MB peak
[2022.12.03-14.45.22:115][  0]LogMemory: Process Virtual Memory: 57.62 MB used, 57.62 MB peak
[2022.12.03-14.45.22:115][  0]LogMemory: Physical Memory: 4525.00 MB used, 8149.86 MB total
[2022.12.03-14.45.22:115][  0]LogMemory: Virtual Memory: 4504.00 MB used, 134217728.00 MB total
[2022.12.03-14.45.22:173][  0]LogTextLocalizationManager: No specific translations for ('en-GB') exist, so ('en') translations will be used.
[2022.12.03-14.45.23:059][  0]LogD3D11RHI: Found D3D11 adapter 0: NVIDIA GeForce GTX 1060 6GB (Feature Level 11_0)
[2022.12.03-14.45.23:059][  0]LogD3D11RHI: Adapter has 6052MB of dedicated video memory, 0MB of dedicated system memory, and 4074MB of shared system memory, 1 output[s]
[2022.12.03-14.45.23:064][  0]LogD3D11RHI: Found D3D11 adapter 1: Microsoft Basic Render Driver (Feature Level 11_0)
[2022.12.03-14.45.23:064][  0]LogD3D11RHI: Adapter has 0MB of dedicated video memory, 0MB of dedicated system memory, and 4074MB of shared system memory, 0 output[s]
[2022.12.03-14.45.23:064][  0]LogD3D11RHI: Chosen D3D11 Adapter Id = 0
[2022.12.03-14.45.23:075][  0]LogD3D11RHI: !Direct3DDevice
[2022.12.03-14.45.23:075][  0]LogRHI: Texture pool is 1361 MB (70% of 1945 MB)
[2022.12.03-14.45.23:185][  0]LogD3D11RHI: Async texture creation enabled
[2022.12.03-14.45.23:202][  0]LogShaderCompilers: Guid format shader working directory is 16 characters bigger than the processId version (../../../../Hivemind/Hivemind/Intermediate/Shaders/WorkingDirectory/1080/).
[2022.12.03-14.45.23:203][  0]LogShaderCompilers: Cleaned the shader compiler working directory 'C:/Users/Adit/AppData/Local/Temp/UnrealShaderWorkingDir/D9AA578246B019D39B0AC6807F03A599/'.
[2022.12.03-14.45.23:203][  0]LogShaderCompilers:Display: Using Local Shader Compiler.
[2022.12.03-14.45.25:117][  0]LogTemp:Display: Loaded TP AllDesktopTargetPlatform
[2022.12.03-14.45.25:126][  0]LogTemp:Display: Loaded TP WindowsClientTargetPlatform
[2022.12.03-14.45.25:134][  0]LogTemp:Display: Loaded TP WindowsNoEditorTargetPlatform
[2022.12.03-14.45.25:143][  0]LogTemp:Display: Loaded TP WindowsServerTargetPlatform
[2022.12.03-14.45.25:150][  0]LogTemp:Display: Loaded TP WindowsTargetPlatform
[2022.12.03-14.45.25:157][  0]LogTemp:Display: Loaded TP AndroidTargetPlatform
[2022.12.03-14.45.25:163][  0]LogTemp:Display: Loaded TP Android_ASTCTargetPlatform
[2022.12.03-14.45.25:168][  0]LogTemp:Display: Loaded TP Android_ATCTargetPlatform
[2022.12.03-14.45.25:173][  0]LogTemp:Display: Loaded TP Android_DXTTargetPlatform
[2022.12.03-14.45.25:179][  0]LogTemp:Display: Loaded TP Android_ETC1TargetPlatform
[2022.12.03-14.45.25:185][  0]LogTemp:Display: Loaded TP Android_ETC2TargetPlatform
[2022.12.03-14.45.25:198][  0]LogTemp:Display: Loaded TP Android_MultiTargetPlatform
[2022.12.03-14.45.25:198][  0]LogTemp:Display: Loaded TP Android_PVRTCTargetPlatform
[2022.12.03-14.45.25:200][  0]LogTemp:Display: Loaded TP HTML5TargetPlatform
[2022.12.03-14.45.25:220][  0]LogTemp:Display: Loaded TP IOSTargetPlatform
[2022.12.03-14.45.25:225][  0]LogTemp:Display: Loaded TP LinuxNoEditorTargetPlatform
[2022.12.03-14.45.25:230][  0]LogTemp:Display: Loaded TP LinuxServerTargetPlatform
[2022.12.03-14.45.25:237][  0]LogTemp:Display: Loaded TP LinuxTargetPlatform
[2022.12.03-14.45.25:237][  0]LogTargetPlatformManager:Display: Building Assets For Windows
[2022.12.03-14.45.25:384][  0]LogDerivedDataCache:Display: Max Cache Size: 512 MB
[2022.12.03-14.45.25:486][  0]LogDerivedDataCache: Loaded boot cache 0.10s 41MB C:/Users/Adit/AppData/Local/UnrealEngine/4.10/DerivedDataCache/Boot.ddc.
[2022.12.03-14.45.25:486][  0]LogDerivedDataCache:Display: Loaded Boot cache: C:/Users/Adit/AppData/Local/UnrealEngine/4.10/DerivedDataCache/Boot.ddc
[2022.12.03-14.45.25:486][  0]LogDerivedDataCache: FDerivedDataBackendGraph:  Pak pak cache file ../../../../Hivemind/Hivemind/DerivedDataCache/DDC.ddp not found, will not use a pak cache.
[2022.12.03-14.45.25:486][  0]LogDerivedDataCache: Unable to find inner node Pak for hierarchical cache Hierarchy.
[2022.12.03-14.45.25:486][  0]LogDerivedDataCache: FDerivedDataBackendGraph:  CompressedPak pak cache file ../../../../Hivemind/Hivemind/DerivedDataCache/Compressed.ddp not found, will not use a pak cache.
[2022.12.03-14.45.25:486][  0]LogDerivedDataCache: Unable to find inner node CompressedPak for hierarchical cache Hierarchy.
[2022.12.03-14.45.25:561][  0]LogDerivedDataCache:Display: Pak cache opened for reading ../../../Engine/DerivedDataCache/Compressed.ddp.
[2022.12.03-14.45.25:575][  0]LogDerivedDataCache: Using Local data cache path C:/Users/Adit/AppData/Local/UnrealEngine/Common/DerivedDataCache: Writable
[2022.12.03-14.45.25:924][  0]LogInit: Selected Device Profile: [Windows]
[2022.12.03-14.45.25:929][  0]LogContentStreaming: Texture pool size is 0.000000MB
[2022.12.03-14.45.26:143][  0]LogMeshUtilities: No automatic mesh reduction module available
[2022.12.03-14.45.26:143][  0]LogMeshUtilities: No automatic mesh merging module available
[2022.12.03-14.45.26:731][  0]LogInit: WinSock: version 1.1 (2.2), MaxSocks=32767, MaxUdp=65467
[2022.12.03-14.45.28:610][  0]UdpMessaging: Initializing bridge on interface 0.0.0.0:0 to multicast group 230.0.0.1:6666.
[2022.12.03-14.45.28:748][  0]LogAssetRegistry: FAssetRegistry took 0.0108 seconds to start up
[2022.12.03-14.45.29:103][  0]SourceControl: Info Source control is disabled
[2022.12.03-14.45.29:243][  0]SourceControl: Info Source control is disabled
[2022.12.03-14.45.29:274][  0]SourceControl: Info Source control is disabled
[2022.12.03-14.45.29:304][  0]SourceControl: Info Source control is disabled
[2022.12.03-14.45.30:005][  0]LogObj: 28633 objects as part of root set at end of initial load.
[2022.12.03-14.45.30:005][  0]LogUObjectAllocator: 6099752 out of 0 bytes used by permanent object pool.
[2022.12.03-14.45.30:088][  0]LogEngine: Initializing Engine...
[2022.12.03-14.45.30:095][  0]LogHMD: Can't find Oculus library dev build: is proper Runtime installed? Version: 0.8.0.0
[2022.12.03-14.45.30:097][  0]LogHMD: SteamVR failed to initialize.  Err: 110
[2022.12.03-14.45.30:334][  0]LogAIModule: Creating AISystem for world NewWorld
[2022.12.03-14.45.30:398][  0]LogInit: XAudio2 using 'Headphones (Bose QC45 Stereo)' : 2 channels at 44.1 kHz using 16 bits per sample (channel mask 0x3)
[2022.12.03-14.45.30:429][  0]LogInit: FAudioDevice initialized.
[2022.12.03-14.45.30:473][  0]LogDerivedDataCache: Saved boot cache 0.04s 41MB C:/Users/Adit/AppData/Local/UnrealEngine/4.10/DerivedDataCache/Boot.ddc.
[2022.12.03-14.45.30:483][  0]LogInit: Texture streaming: Enabled
[2022.12.03-14.45.30:489][  0]LogAnalytics: Creating configured Analytics provider AnalyticsET
[2022.12.03-14.45.30:489][  0]LogAnalytics: [UEEditor.Rocket.Release] APIServer = http://et2.epicgames.com/ET2/. AppVersion = 4.10.4-2872498+++depot+UE4-Releases+4.10
[2022.12.03-14.45.30:489][  0]LogAnalytics: [UEEditor.Rocket.Release] SetUserId 0bb9cf1145325950ec0739a463cd03eb|d9f35ac369304d40a1c5cf6ee03e4b45|a225f950-7172-4c58-b763-7ae29fba924e
[2022.12.03-14.45.30:489][  0]LogAnalytics: [UEEditor.Rocket.Release] AnalyticsET::StartSession
[2022.12.03-14.45.30:504][  0]LogInit: Transaction tracking system initialized
[2022.12.03-14.45.30:533][  0]BlueprintLog: New page: Editor Load
[2022.12.03-14.45.30:634][  0]LocalizationService: Info Localization service is disabled
[2022.12.03-14.45.30:778][  0]LogConsoleResponse:Display: 
[2022.12.03-14.45.31:029][  0]LogFileCache: Scanning file cache for directory 'E:/Hivemind/Hivemind/Content/' took 0.02s
[2022.12.03-14.45.31:029][  0]LogCook:Display: Done creating registry. It took  0.00s.
[2022.12.03-14.45.31:165][  0]SourceControl: Info Source control is disabled
[2022.12.03-14.45.31:165][  0]Cmd: MAP LOAD FILE="../../../Engine/Content/Maps/Templates/Template_Default.umap" TEMPLATE=1 SHOWPROGRESS=1 FEATURELEVEL=3
[2022.12.03-14.45.31:167][  0]LightingResults: New page: Lighting Build
[2022.12.03-14.45.31:173][  0]MapCheck: New page: Map Check
[2022.12.03-14.45.31:173][  0]LightingResults: New page: Lighting Build
[2022.12.03-14.45.31:199][  0]LogParticles: Destroying 0 GPU particle simulations for FXSystem 0x00000203F89D7420
[2022.12.03-14.45.31:622][  0]LogAIModule: Creating AISystem for world Untitled_1
[2022.12.03-14.45.31:634][  0]LogEditorServer: Finished looking for orphan Actors (0.000 secs)
[2022.12.03-14.45.31:643][  0]Cmd: MAP CHECKDEP NOCLEARLOG
[2022.12.03-14.45.31:867][  0]MapCheck: Info Map check complete: 0 Error(s), 0 Warning(s), took 223.618ms to complete.
[2022.12.03-14.45.31:867][  0]LogFileHelpers: Loading map 'Template_Default' took 0.702
[2022.12.03-14.45.33:026][  0]LogCollectionManager: Loaded 0 collections in 0.004136 seconds
[2022.12.03-14.45.33:279][  0]LogFileCache: Scanning file cache for directory 'E:/Hivemind/Hivemind/Saved/Collections/' took 0.01s
[2022.12.03-14.45.33:279][  0]LogFileCache: Scanning file cache for directory 'E:/Hivemind/Hivemind/Content/Developers/Adit/Collections/' took 0.01s
[2022.12.03-14.45.33:279][  0]LogFileCache: Scanning file cache for directory 'E:/Hivemind/Hivemind/Content/Collections/' took 0.01s
[2022.12.03-14.45.33:279][  0]LogCollectionManager: Rebuilt the GUID cache for 0 collections in 0.000007 seconds
[2022.12.03-14.45.33:341][  0]LogContentBrowser: Native class hierarchy populated in 0.0565 seconds. Added 1893 classes and 338 folders.
[2022.12.03-14.45.33:468][  0]LogContentBrowser: Native class hierarchy updated for 'WidgetCarousel' in 0.0011 seconds. Added 0 classes and 0 folders.
[2022.12.03-14.45.35:552][  0]LogContentBrowser: Native class hierarchy updated for 'AddContentDialog' in 0.0012 seconds. Added 0 classes and 0 folders.
[2022.12.03-14.45.35:635][  0]LogContentBrowser: Native class hierarchy updated for 'SceneOutliner' in 0.0011 seconds. Added 1 classes and 2 folders.
[2022.12.03-14.45.36:333][  0]LogCrashTracker: Crashtracker disabled due to settings.
[2022.12.03-14.45.36:458][  0]LogUObjectGlobals:Warning: Failed to find object 'Class None.'
[2022.12.03-14.45.36:497][  0]LogLoad: Full Startup: 17.60 seconds (BP compile: 0.06 seconds)
[2022.12.03-14.45.36:841][  0]LogOcInput: Can't find Oculus library dev build: is proper Runtime installed? Version: 0.8.0.0
[2022.12.03-14.45.37:321][  0]LogContentStreaming: Texture pool size now 1000 MB
[2022.12.03-14.45.37:994][  0]LogRenderer: Reallocating scene render targets to support 1208x572 (Frame:2).
[2022.12.03-14.45.39:436][  4]LogAssetRegistry: Asset discovery search completed in 10.6988 seconds
[2022.12.03-14.45.39:436][  4]LogCollectionManager: Rebuilt the object cache for 0 collections in 0.000001 seconds (found 0 objects)
[2022.12.03-14.45.39:436][  4]LogCollectionManager: Fixed up redirectors for 0 collections in 0.000027 seconds (updated 0 objects)
[2022.12.03-14.50.43:154][153]LogSkeletalMesh: InitArticulated: Bodies already created (/Engine/Transient.DebugSkelMeshComponent_0) - call TermArticulated first.
[2022.12.03-14.50.44:380][153]LogRenderer: Reallocating scene render targets to support 1208x876 (Frame:252).
[2022.12.03-14.50.55:837][751]LogContentBrowser: Native class hierarchy updated for 'PhAT' in 0.0009 seconds. Added 1 classes and 2 folders.
[2022.12.03-14.50.56:145][751]LogRenderer: Reallocating scene render targets to support 1524x900 (Frame:1198).
[2022.12.03-14.51.10:154][853]Cmd: TRANSACTION UNDO
[2022.12.03-14.51.10:154][853]LogEditorTransaction: Undo Move Element
[2022.12.03-14.51.12:515][ 47]Cmd: TRANSACTION UNDO
[2022.12.03-14.51.12:515][ 47]LogEditorTransaction: Undo Move Element
[2022.12.03-14.51.16:774][412]Cmd: TRANSACTION UNDO
[2022.12.03-14.51.16:774][412]LogEditorTransaction: Undo Move Element
[2022.12.03-14.51.17:288][443]Cmd: TRANSACTION UNDO
[2022.12.03-14.51.17:288][443]LogEditorTransaction: Undo Move Element
[2022.12.03-14.51.23:077][854]Cmd: TRANSACTION UNDO
[2022.12.03-14.51.23:077][854]LogEditorTransaction: Undo Delete Primitive
[2022.12.03-14.51.45:283][824]LogParticles: Destroying 0 GPU particle simulations for FXSystem 0x00000203FF556AC0
[2022.12.03-14.51.45:284][824]LogParticles: Destroying 0 GPU particle simulations for FXSystem 0x00000203FF556520
[2022.12.03-14.51.45:285][824]LogParticles: Destroying 0 GPU particle simulations for FXSystem 0x00000203952C9D00
[2022.12.03-14.51.46:786][824]Cmd: OBJ SAVEPACKAGE PACKAGE="/Game/Models/CharacterDemo_PhysicsAsset" FILE="../../../../Hivemind/Hivemind/Content/Models/CharacterDemo_PhysicsAsset.uasset" SILENT=true
[2022.12.03-14.51.46:993][824]LogSavePackage: Save=47.487740ms
[2022.12.03-14.51.46:993][824]LogSavePackage: Moving '../../../../Hivemind/Hivemind/Saved/CharacterDemo_PhysicsAssetAF5FDB404F5B0A2CC24486AE0EAC70AE.tmp' to '../../../../Hivemind/Hivemind/Content/Models/CharacterDemo_PhysicsAsset.uasset'
[2022.12.03-14.51.46:998][824]LogSavePackage: Total save time: 190.314204ms
[2022.12.03-14.51.46:998][824]LogSavePackage:Display: Finished SavePackage ../../../../Hivemind/Hivemind/Content/Models/CharacterDemo_PhysicsAsset.uasset
[2022.12.03-14.51.47:145][824]LogWindowsTextInputMethodSystem:Display: IME system now deactivated.
[2022.12.03-14.51.47:483][825]Cmd: QUIT_EDITOR
[2022.12.03-14.51.47:700][825]LogExit: Preparing to exit.
[2022.12.03-14.51.48:929][825]LogExit: Editor shut down
[2022.12.03-14.51.48:930][825]LogExit: Transaction tracking system shut down
[2022.12.03-14.51.48:931][825]LogParticles: Destroying 0 GPU particle simulations for FXSystem 0x00000203EA807420
[2022.12.03-14.51.48:932][825]LogParticles: Destroying 0 GPU particle simulations for FXSystem 0x000002038128B880
[2022.12.03-14.51.48:932][825]LogParticles: Destroying 0 GPU particle simulations for FXSystem 0x0000020383CFA3E0
[2022.12.03-14.51.49:148][825]LogParticles: Destroying 0 GPU particle simulations for FXSystem 0x00000203952C9760
[2022.12.03-14.51.49:148][825]LogExit: Object subsystem successfully closed.
[2022.12.03-14.51.49:167][825]LogD3D11RHI: Shutdown
[2022.12.03-14.51.49:167][825]LogD3D11RHI: CleanupD3DDevice
[2022.12.03-14.51.49:298][825]LogD3D11RHI: ~FD3D11DynamicRHI
[2022.12.03-14.51.49:338][825]LogModuleManager: Shutting down and abandoning module CookingStats (200)
[2022.12.03-14.51.49:338][825]LogModuleManager: Shutting down and abandoning module PhAT (199)
[2022.12.03-14.51.49:338][825]LogModuleManager: Shutting down and abandoning module CrashTracker (198)
[2022.12.03-14.51.49:338][825]LogModuleManager: Shutting down and abandoning module SceneOutliner (197)
[2022.12.03-14.51.49:338][825]LogModuleManager: Shutting down and abandoning module SuperSearch (196)
[2022.12.03-14.51.49:338][825]LogModuleManager: Shutting down and abandoning module WidgetCarousel (195)
[2022.12.03-14.51.49:338][825]LogModuleManager: Shutting down and abandoning module AddContentDialog (194)
[2022.12.03-14.51.49:340][825]LogModuleManager: Shutting down and abandoning module EditorWidgets (193)
[2022.12.03-14.51.49:340][825]LogModuleManager: Shutting down and abandoning module CollectionManager (192)
[2022.12.03-14.51.49:340][825]LogModuleManager: Shutting down and abandoning module StatsViewer (191)
[2022.12.03-14.51.49:340][825]LogModuleManager: Shutting down and abandoning module FoliageEdit (190)
[2022.12.03-14.51.49:340][825]LogModuleManager: Shutting down and abandoning module LandscapeEditor (189)
[2022.12.03-14.51.49:341][825]LogModuleManager: Shutting down and abandoning module ActorPickerMode (188)
[2022.12.03-14.51.49:341][825]LogModuleManager: Shutting down and abandoning module GeometryMode (187)
[2022.12.03-14.51.49:341][825]LogModuleManager: Shutting down and abandoning module TextureAlignMode (186)
[2022.12.03-14.51.49:341][825]LogModuleManager: Shutting down and abandoning module BspMode (185)
[2022.12.03-14.51.49:341][825]LogModuleManager: Shutting down and abandoning module PlacementMode (184)
[2022.12.03-14.51.49:341][825]LogModuleManager: Shutting down and abandoning module AutomationWorker (183)
[2022.12.03-14.51.49:341][825]LogModuleManager: Shutting down and abandoning module CharacterAI (182)
[2022.12.03-14.51.49:341][825]LogModuleManager: Shutting down and abandoning module SmartSnapping (181)
[2022.12.03-14.51.49:341][825]LogModuleManager: Shutting down and abandoning module ViewportSnapping (180)
[2022.12.03-14.51.49:341][825]LogModuleManager: Shutting down and abandoning module LogVisualizer (179)
[2022.12.03-14.51.49:341][825]LogModuleManager: Shutting down and abandoning module GameProjectGeneration (178)
[2022.12.03-14.51.49:341][825]LogModuleManager: Shutting down and abandoning module IntroTutorials (177)
[2022.12.03-14.51.49:341][825]LogModuleManager: Shutting down and abandoning module EditorLiveStreaming (176)
[2022.12.03-14.51.49:341][825]LogModuleManager: Shutting down and abandoning module IOSPlatformEditor (175)
[2022.12.03-14.51.49:341][825]LogModuleManager: Shutting down and abandoning module HTML5PlatformEditor (174)
[2022.12.03-14.51.49:341][825]LogModuleManager: Shutting down and abandoning module AndroidDeviceDetection (173)
[2022.12.03-14.51.50:027][825]LogModuleManager: Shutting down and abandoning module AndroidPlatformEditor (172)
[2022.12.03-14.51.50:027][825]LogModuleManager: Shutting down and abandoning module IOSRuntimeSettings (171)
[2022.12.03-14.51.50:027][825]LogModuleManager: Shutting down and abandoning module AndroidRuntimeSettings (170)
[2022.12.03-14.51.50:027][825]LogModuleManager: Shutting down and abandoning module MergeActors (169)
[2022.12.03-14.51.50:027][825]LogModuleManager: Shutting down and abandoning module SizeMap (168)
[2022.12.03-14.51.50:027][825]LogModuleManager: Shutting down and abandoning module TreeMap (167)
[2022.12.03-14.51.50:027][825]LogModuleManager: Shutting down and abandoning module ReferenceViewer (166)
[2022.12.03-14.51.50:027][825]LogModuleManager: Shutting down and abandoning module LocalizationService (165)
[2022.12.03-14.51.50:027][825]LogModuleManager: Shutting down and abandoning module LocalizationDashboard (164)
[2022.12.03-14.51.50:027][825]LogModuleManager: Shutting down and abandoning module HardwareTargeting (163)
[2022.12.03-14.51.50:028][825]LogModuleManager: Shutting down and abandoning module DeviceProfileEditor (162)
[2022.12.03-14.51.50:028][825]LogModuleManager: Shutting down and abandoning module UndoHistory (161)
[2022.12.03-14.51.50:028][825]LogModuleManager: Shutting down and abandoning module GameplayTagsEditor (160)
[2022.12.03-14.51.50:028][825]LogModuleManager: Shutting down and abandoning module UserFeedback (159)
[2022.12.03-14.51.50:028][825]LogModuleManager: Shutting down and abandoning module XmlParser (158)
[2022.12.03-14.51.50:028][825]LogModuleManager: Shutting down and abandoning module Blutility (157)
[2022.12.03-14.51.50:028][825]LogModuleManager: Shutting down and abandoning module ProjectTargetPlatformEditor (156)
[2022.12.03-14.51.50:028][825]LogModuleManager: Shutting down and abandoning module ProjectSettingsViewer (155)
[2022.12.03-14.51.50:028][825]LogModuleManager: Shutting down and abandoning module InputBindingEditor (154)
[2022.12.03-14.51.50:028][825]LogModuleManager: Shutting down and abandoning module EditorSettingsViewer (153)
[2022.12.03-14.51.50:028][825]LogModuleManager: Shutting down and abandoning module SettingsEditor (152)
[2022.12.03-14.51.50:028][825]LogModuleManager: Shutting down and abandoning module ProjectLauncher (151)
[2022.12.03-14.51.50:028][825]LogModuleManager: Shutting down and abandoning module SessionFrontend (150)
[2022.12.03-14.51.50:028][825]LogModuleManager: Shutting down and abandoning module ProfilerClient (149)
[2022.12.03-14.51.50:028][825]LogModuleManager: Shutting down and abandoning module TargetDeviceServices (148)
[2022.12.03-14.51.50:028][825]LogModuleManager: Shutting down and abandoning module DeviceManager (147)
[2022.12.03-14.51.50:028][825]LogModuleManager: Shutting down and abandoning module AutomationController (146)
[2022.12.03-14.51.50:028][825]LogModuleManager: Shutting down and abandoning module AutomationWindow (145)
[2022.12.03-14.51.50:028][825]LogModuleManager: Shutting down and abandoning module Layers (144)
[2022.12.03-14.51.50:028][825]LogModuleManager: Shutting down and abandoning module ComponentVisualizers (143)
[2022.12.03-14.51.50:028][825]LogModuleManager: Shutting down and abandoning module DetailCustomizations (142)
[2022.12.03-14.51.50:028][825]LogModuleManager: Shutting down and abandoning module PackagesDialog (141)
[2022.12.03-14.51.50:028][825]LogModuleManager: Shutting down and abandoning module Persona (140)
[2022.12.03-14.51.50:028][825]LogModuleManager: Shutting down and abandoning module Kismet (139)
[2022.12.03-14.51.50:028][825]LogModuleManager: Shutting down and abandoning module GraphEditor (138)
[2022.12.03-14.51.50:028][825]LogModuleManager: Shutting down and abandoning module ClassViewer (137)
[2022.12.03-14.51.50:029][825]LogModuleManager: Shutting down and abandoning module Toolbox (136)
[2022.12.03-14.51.50:029][825]LogModuleManager: Shutting down and abandoning module ModuleUI (135)
[2022.12.03-14.51.50:029][825]LogModuleManager: Shutting down and abandoning module MovieSceneTools (134)
[2022.12.03-14.51.50:029][825]LogModuleManager: Shutting down and abandoning module OutputLog (133)
[2022.12.03-14.51.50:029][825]LogModuleManager: Shutting down and abandoning module GammaUI (132)
[2022.12.03-14.51.50:029][825]LogModuleManager: Shutting down and abandoning module Documentation (131)
[2022.12.03-14.51.50:029][825]LogModuleManager: Shutting down and abandoning module GameLiveStreaming (130)
[2022.12.03-14.51.50:029][825]LogModuleManager: Shutting down and abandoning module StreamingPauseRendering (129)
[2022.12.03-14.51.50:029][825]LogModuleManager: Shutting down and abandoning module AnalyticsET (128)
[2022.12.03-14.51.50:029][825]LogModuleManager: Shutting down and abandoning module Analytics (127)
[2022.12.03-14.51.50:029][825]LogModuleManager: Shutting down and abandoning module AITestSuite (126)
[2022.12.03-14.51.50:029][825]LogModuleManager: Shutting down and abandoning module GameplayDebugger (125)
[2022.12.03-14.51.50:029][825]LogModuleManager: Shutting down and abandoning module AIModule (124)
[2022.12.03-14.51.50:029][825]LogModuleManager: Shutting down and abandoning module ProfilerService (123)
[2022.12.03-14.51.50:243][825]LogModuleManager: Shutting down and abandoning module TaskGraph (122)
[2022.12.03-14.51.50:243][825]LogModuleManager: Shutting down and abandoning module SlateRemote (121)
[2022.12.03-14.51.50:243][825]LogModuleManager: Shutting down and abandoning module SteamVRController (120)
[2022.12.03-14.51.50:244][825]LogModuleManager: Shutting down and abandoning module SteamVR (119)
[2022.12.03-14.51.50:244][825]LogModuleManager: Shutting down and abandoning module ProceduralMeshComponent (118)
[2022.12.03-14.51.50:244][825]LogModuleManager: Shutting down and abandoning module OculusLibrary (117)
[2022.12.03-14.51.50:244][825]LogModuleManager: Shutting down and abandoning module OculusInput (116)
[2022.12.03-14.51.50:244][825]LogModuleManager: Shutting down and abandoning module LeapMotionController (115)
[2022.12.03-14.51.50:280][825]LogModuleManager: Shutting down and abandoning module CustomMeshComponent (114)
[2022.12.03-14.51.50:280][825]LogModuleManager: Shutting down and abandoning module CableComponent (113)
[2022.12.03-14.51.50:280][825]LogModuleManager: Shutting down and abandoning module ArchVisCharacter (112)
[2022.12.03-14.51.50:280][825]LogModuleManager: Shutting down and abandoning module MessagingDebugger (111)
[2022.12.03-14.51.50:280][825]LogModuleManager: Shutting down and abandoning module MediaPlayerEditor (110)
[2022.12.03-14.51.50:280][825]LogModuleManager: Shutting down and abandoning module HTML5Networking (109)
[2022.12.03-14.51.50:280][825]LogModuleManager: Shutting down and abandoning module SpeedTreeImporter (108)
[2022.12.03-14.51.50:280][825]LogModuleManager: Shutting down and abandoning module PluginBrowser (107)
[2022.12.03-14.51.50:280][825]LogModuleManager: Shutting down and abandoning module EpicSurvey (106)
[2022.12.03-14.51.50:280][825]LogModuleManager: Shutting down and abandoning module DesktopPlatform (105)
[2022.12.03-14.51.50:280][825]LogModuleManager: Shutting down and abandoning module VisualStudioSourceCodeAccess (104)
[2022.12.03-14.51.50:280][825]LogModuleManager: Shutting down and abandoning module UObjectPlugin (103)
[2022.12.03-14.51.50:280][825]LogModuleManager: Shutting down and abandoning module SubversionSourceControl (102)
[2022.12.03-14.51.50:280][825]LogModuleManager: Shutting down and abandoning module PerforceSourceControl (101)
[2022.12.03-14.51.50:280][825]LogModuleManager: Shutting down and abandoning module SourceControl (100)
[2022.12.03-14.51.50:280][825]LogModuleManager: Shutting down and abandoning module GitSourceControl (99)
[2022.12.03-14.51.50:280][825]LogModuleManager: Shutting down and abandoning module LightPropagationVolumeEditor (98)
[2022.12.03-14.51.50:280][825]LogModuleManager: Shutting down and abandoning module PaperTiledImporter (97)
[2022.12.03-14.51.50:280][825]LogModuleManager: Shutting down and abandoning module PaperSpriteSheetImporter (96)
[2022.12.03-14.51.50:280][825]LogModuleManager: Shutting down and abandoning module MeshPaint (95)
[2022.12.03-14.51.50:280][825]LogModuleManager: Shutting down and abandoning module SlateReflector (94)
[2022.12.03-14.51.50:280][825]LogModuleManager: Shutting down and abandoning module HotReload (93)
[2022.12.03-14.51.50:280][825]LogModuleManager: Shutting down and abandoning module MainFrame (92)
[2022.12.03-14.51.50:281][825]LogModuleManager: Shutting down and abandoning module LevelEditor (91)
[2022.12.03-14.51.50:282][825]LogModuleManager: Shutting down and abandoning module DirectoryWatcher (90)
[2022.12.03-14.51.50:283][825]LogModuleManager: Shutting down and abandoning module AssetRegistry (89)
[2022.12.03-14.51.50:423][825]LogModuleManager: Shutting down and abandoning module ContentBrowser (88)
[2022.12.03-14.51.50:425][825]LogModuleManager: Shutting down and abandoning module Paper2DEditor (87)
[2022.12.03-14.51.50:425][825]LogModuleManager: Shutting down and abandoning module UdpMessaging (86)
[2022.12.03-14.51.50:525][825]LogModuleManager: Shutting down and abandoning module LightPropagationVolumeRuntime (85)
[2022.12.03-14.51.50:525][825]LogModuleManager: Shutting down and abandoning module Paper2D (84)
[2022.12.03-14.51.50:525][825]LogModuleManager: Shutting down and abandoning module WindowsMoviePlayer (83)
[2022.12.03-14.51.50:528][825]LogModuleManager: Shutting down and abandoning module Media (82)
[2022.12.03-14.51.50:528][825]LogModuleManager: Shutting down and abandoning module WmfMedia (81)
[2022.12.03-14.51.50:530][825]LogModuleManager: Shutting down and abandoning module OnlineBlueprintSupport (80)
[2022.12.03-14.51.50:530][825]LogModuleManager: Shutting down and abandoning module GameplayTasksEditor (79)
[2022.12.03-14.51.50:530][825]LogModuleManager: Shutting down and abandoning module PropertyEditor (78)
[2022.12.03-14.51.50:530][825]LogModuleManager: Shutting down and abandoning module BehaviorTreeEditor (77)
[2022.12.03-14.51.50:530][825]LogModuleManager: Shutting down and abandoning module FunctionalTesting (76)
[2022.12.03-14.51.50:530][825]LogModuleManager: Shutting down and abandoning module CollisionAnalyzer (75)
[2022.12.03-14.51.50:530][825]LogModuleManager: Shutting down and abandoning module WorkspaceMenuStructure (74)
[2022.12.03-14.51.50:530][825]LogModuleManager: Shutting down and abandoning module MessageLog (73)
[2022.12.03-14.51.50:530][825]LogModuleManager: Shutting down and abandoning module Sequencer (72)
[2022.12.03-14.51.50:530][825]LogModuleManager: Shutting down and abandoning module AssetTools (71)
[2022.12.03-14.51.50:531][825]LogModuleManager: Shutting down and abandoning module UMGEditor (70)
[2022.12.03-14.51.50:531][825]LogModuleManager: Shutting down and abandoning module UMG (69)
[2022.12.03-14.51.50:531][825]LogModuleManager: Shutting down and abandoning module Slate (68)
[2022.12.03-14.51.50:531][825]LogModuleManager: Shutting down and abandoning module EditorStyle (67)
[2022.12.03-14.51.50:533][825]LogModuleManager: Shutting down and abandoning module SessionServices (66)
[2022.12.03-14.51.50:533][825]LogModuleManager: Shutting down and abandoning module SourceCodeAccess (65)
[2022.12.03-14.51.50:533][825]LogModuleManager: Shutting down and abandoning module HeadMountedDisplay (64)
[2022.12.03-14.51.50:533][825]LogModuleManager: Shutting down and abandoning module XAudio2 (63)
[2022.12.03-14.51.50:533][825]LogModuleManager: Shutting down and abandoning module Networking (61)
[2022.12.03-14.51.50:533][825]LogModuleManager: Shutting down and abandoning module Core (60)
[2022.12.03-14.51.50:533][825]LogModuleManager: Shutting down and abandoning module KismetCompiler (59)
[2022.12.03-14.51.50:533][825]LogModuleManager: Shutting down and abandoning module PhysXFormats (58)
[2022.12.03-14.51.50:533][825]LogModuleManager: Shutting down and abandoning module MeshUtilities (57)
[2022.12.03-14.51.50:533][825]LogModuleManager: Shutting down and abandoning module DerivedDataCache (56)
[2022.12.03-14.51.50:576][825]LogDerivedDataCache: Shutdown
[2022.12.03-14.51.50:576][825]LogModuleManager: Shutting down and abandoning module ShaderFormatOpenGL (55)
[2022.12.03-14.51.50:576][825]LogModuleManager: Shutting down and abandoning module ShaderFormatD3D (54)
[2022.12.03-14.51.50:576][825]LogModuleManager: Shutting down and abandoning module MetalShaderFormat (53)
[2022.12.03-14.51.50:576][825]LogModuleManager: Shutting down and abandoning module TextureFormatUncompressed (52)
[2022.12.03-14.51.50:576][825]LogModuleManager: Shutting down and abandoning module TextureFormatPVR (51)
[2022.12.03-14.51.50:576][825]LogModuleManager: Shutting down and abandoning module TextureFormatIntelISPCTexComp (50)
[2022.12.03-14.51.50:576][825]LogModuleManager: Shutting down and abandoning module TextureFormatDXT (49)
[2022.12.03-14.51.50:576][825]LogModuleManager: Shutting down and abandoning module ImageWrapper (48)
[2022.12.03-14.51.50:576][825]LogModuleManager: Shutting down and abandoning module TextureFormatASTC (47)
[2022.12.03-14.51.50:576][825]LogModuleManager: Shutting down and abandoning module TextureFormatAndroid (46)
[2022.12.03-14.51.50:576][825]LogModuleManager: Shutting down and abandoning module AudioFormatOpus (45)
[2022.12.03-14.51.50:576][825]LogModuleManager: Shutting down and abandoning module AudioFormatOgg (44)
[2022.12.03-14.51.50:576][825]LogModuleManager: Shutting down and abandoning module AudioFormatADPCM (43)
[2022.12.03-14.51.50:576][825]LogModuleManager: Shutting down and abandoning module LinuxTargetPlatform (42)
[2022.12.03-14.51.50:576][825]LogModuleManager: Shutting down and abandoning module LinuxServerTargetPlatform (41)
[2022.12.03-14.51.50:577][825]LogModuleManager: Shutting down and abandoning module LinuxNoEditorTargetPlatform (40)
[2022.12.03-14.51.50:577][825]LogModuleManager: Shutting down and abandoning module Messaging (39)
[2022.12.03-14.51.50:577][825]LogModuleManager: Shutting down and abandoning module IOSTargetPlatform (38)
[2022.12.03-14.51.50:577][825]LogModuleManager: Shutting down and abandoning module HTML5TargetPlatform (37)
[2022.12.03-14.51.50:577][825]LogModuleManager: Shutting down and abandoning module Android_PVRTCTargetPlatform (36)
[2022.12.03-14.51.50:577][825]LogModuleManager: Shutting down and abandoning module Android_MultiTargetPlatform (35)
[2022.12.03-14.51.50:577][825]LogModuleManager: Shutting down and abandoning module Android_ETC2TargetPlatform (34)
[2022.12.03-14.51.50:577][825]LogModuleManager: Shutting down and abandoning module Android_ETC1TargetPlatform (33)
[2022.12.03-14.51.50:577][825]LogModuleManager: Shutting down and abandoning module Android_DXTTargetPlatform (32)
[2022.12.03-14.51.50:577][825]LogModuleManager: Shutting down and abandoning module Android_ATCTargetPlatform (31)
[2022.12.03-14.51.50:577][825]LogModuleManager: Shutting down and abandoning module Android_ASTCTargetPlatform (30)
[2022.12.03-14.51.50:577][825]LogModuleManager: Shutting down and abandoning module AndroidTargetPlatform (29)
[2022.12.03-14.51.50:577][825]LogModuleManager: Shutting down and abandoning module WindowsTargetPlatform (28)
[2022.12.03-14.51.50:577][825]LogModuleManager: Shutting down and abandoning module WindowsServerTargetPlatform (27)
[2022.12.03-14.51.50:577][825]LogModuleManager: Shutting down and abandoning module WindowsNoEditorTargetPlatform (26)
[2022.12.03-14.51.50:577][825]LogModuleManager: Shutting down and abandoning module WindowsClientTargetPlatform (25)
[2022.12.03-14.51.50:577][825]LogModuleManager: Shutting down and abandoning module AllDesktopTargetPlatform (24)
[2022.12.03-14.51.50:577][825]LogModuleManager: Shutting down and abandoning module TargetPlatform (23)
[2022.12.03-14.51.50:577][825]LogModuleManager: Shutting down and abandoning module InputCore (22)
[2022.12.03-14.51.50:577][825]LogModuleManager: Shutting down and abandoning module Settings (21)
[2022.12.03-14.51.50:577][825]LogModuleManager: Shutting down and abandoning module OnlineSubsystem (19)
[2022.12.03-14.51.50:577][825]LogModuleManager: Shutting down and abandoning module HTTP (18)
[2022.12.03-14.51.51:579][825]LogModuleManager: Shutting down and abandoning module XMPP (17)
[2022.12.03-14.51.51:579][825]LogModuleManager: Shutting down and abandoning module OculusRift (16)
[2022.12.03-14.51.51:579][825]LogModuleManager: Shutting down and abandoning module ExampleDeviceProfileSelector (15)
[2022.12.03-14.51.51:579][825]LogModuleManager: Shutting down and abandoning module TextureCompressor (14)
[2022.12.03-14.51.51:579][825]LogModuleManager: Shutting down and abandoning module ShaderCore (13)
[2022.12.03-14.51.51:579][825]LogModuleManager: Shutting down and abandoning module Landscape (12)
[2022.12.03-14.51.51:579][825]LogModuleManager: Shutting down and abandoning module SlateRHIRenderer (11)
[2022.12.03-14.51.51:582][825]LogModuleManager: Shutting down and abandoning module OpenGLDrv (10)
[2022.12.03-14.51.51:582][825]LogModuleManager: Shutting down and abandoning module D3D11RHI (9)
[2022.12.03-14.51.51:582][825]LogModuleManager: Shutting down and abandoning module AnimGraphRuntime (8)
[2022.12.03-14.51.51:582][825]LogModuleManager: Shutting down and abandoning module Renderer (7)
[2022.12.03-14.51.51:582][825]LogModuleManager: Shutting down and abandoning module Engine (6)
[2022.12.03-14.51.51:582][825]LogModuleManager: Shutting down and abandoning module CoreUObject (5)
[2022.12.03-14.51.51:582][825]LogModuleManager: Shutting down and abandoning module NetworkFile (4)
[2022.12.03-14.51.51:582][825]LogModuleManager: Shutting down and abandoning module StreamingFile (3)
[2022.12.03-14.51.51:582][825]LogModuleManager: Shutting down and abandoning module SandboxFile (2)
[2022.12.03-14.51.51:582][825]LogModuleManager: Shutting down and abandoning module PakFile (1)
[2022.12.03-14.51.51:584][825]LogExit: Exiting.
[2022.12.03-14.51.51:585][825]Log file closed, 12/03/22 14:51:51
