[2022.11.30-20.23.18:198][  0]Log file open, 11/30/22 20:23:18
[2022.11.30-20.23.18:198][  0]LogInit:Display: Running engine for game: Hivemind
[2022.11.30-20.23.18:198][  0]LogPlatformFile: Not using cached read wrapper
[2022.11.30-20.23.18:198][  0]LogInit:Display: RandInit(1626545978) SRandInit(1626546006).
[2022.11.30-20.23.18:198][  0]LogTaskGraph: Started task graph with 4 named threads and 6 total threads.
[2022.11.30-20.23.18:198][  0]LogStats: Stats thread started at 0.170329
[2022.11.30-20.23.18:198][  0]LogInit: Version: 4.10.4-2872498+++depot+UE4-Releases+4.10
[2022.11.30-20.23.18:198][  0]LogInit: API Version: 2758231
[2022.11.30-20.23.18:198][  0]LogInit: Compiled (64-bit): Feb 18 2016 15:47:04
[2022.11.30-20.23.18:198][  0]LogInit: Compiled with Visual C++: 19.00.23026.00
[2022.11.30-20.23.18:198][  0]LogInit: Build Configuration: Development
[2022.11.30-20.23.18:198][  0]LogInit: Branch Name: ++depot+UE4-Releases+4.10
[2022.11.30-20.23.18:198][  0]LogInit: Command line:  /Temp/Autosaves/Game/Scenes/UEDPCScene01 -game -PIEVIACONSOLE -ResX=1280 -ResY=720  -Multiprocess 
[2022.11.30-20.23.18:198][  0]LogInit: Base directory: E:/UE_4.10/Engine/Binaries/Win64/
[2022.11.30-20.23.18:198][  0]LogInit: Rocket: 1
[2022.11.30-20.23.18:209][  0]LogInit: Using libcurl 7.41.0
[2022.11.30-20.23.18:209][  0]LogInit:  - built for x86_64-pc-win32
[2022.11.30-20.23.18:209][  0]LogInit:  - supports SSL with WinSSL
[2022.11.30-20.23.18:209][  0]LogInit:  - other features:
[2022.11.30-20.23.18:209][  0]LogInit:      CURL_VERSION_SSL
[2022.11.30-20.23.18:209][  0]LogInit:      CURL_VERSION_IPV6
[2022.11.30-20.23.18:209][  0]LogInit:      CURL_VERSION_ASYNCHDNS
[2022.11.30-20.23.18:209][  0]LogInit:      CURL_VERSION_LARGEFILE
[2022.11.30-20.23.18:209][  0]LogInit:      CURL_VERSION_IDN
[2022.11.30-20.23.18:209][  0]LogInit:  CurlRequestOptions (configurable via config and command line):
[2022.11.30-20.23.18:209][  0]LogInit:  - bVerifyPeer = true  - Libcurl will verify peer certificate
[2022.11.30-20.23.18:209][  0]LogInit:  - bUseHttpProxy = false  - Libcurl will NOT use HTTP proxy
[2022.11.30-20.23.18:209][  0]LogInit:  - bDontReuseConnections = false  - Libcurl will reuse connections
[2022.11.30-20.23.18:209][  0]LogInit:  - CertBundlePath = nullptr  - Libcurl will use whatever was configured at build time.
[2022.11.30-20.23.18:221][  0]LogInit: Presizing for 0 objects not considered by GC, pre-allocating 0 bytes.
[2022.11.30-20.23.18:231][  0]LogInit: Object subsystem initialized
[2022.11.30-20.23.18:232][  0]LogInit: Selected Device Profile: [Windows]
[2022.11.30-20.23.18:232][  0]LogInit: Applying CVar settings loaded from the selected device profile: [Windows]
[2022.11.30-20.23.18:239][  0]LogInit: Computer: DESKTOP-15OBU63
[2022.11.30-20.23.18:239][  0]LogInit: User: Adit
[2022.11.30-20.23.18:239][  0]LogInit: CPU Page size=4096, Cores=3
[2022.11.30-20.23.18:239][  0]LogInit: High frequency timer resolution =14.318180 MHz
[2022.11.30-20.23.18:239][  0]LogMemory: Memory total: Physical=8.0GB (8GB approx)
[2022.11.30-20.23.18:239][  0]LogMemory: Platform Memory Stats for Windows
[2022.11.30-20.23.18:239][  0]LogMemory: Process Physical Memory: 59.13 MB used, 59.13 MB peak
[2022.11.30-20.23.18:239][  0]LogMemory: Process Virtual Memory: 57.62 MB used, 57.62 MB peak
[2022.11.30-20.23.18:239][  0]LogMemory: Physical Memory: 4548.14 MB used, 8149.86 MB total
[2022.11.30-20.23.18:239][  0]LogMemory: Virtual Memory: 4504.57 MB used, 134217728.00 MB total
[2022.11.30-20.23.18:313][  0]LogTextLocalizationManager: No specific translations for ('en-GB') exist, so ('en') translations will be used.
[2022.11.30-20.23.19:098][  0]LogD3D11RHI: Found D3D11 adapter 0: NVIDIA GeForce GTX 1060 6GB (Feature Level 11_0)
[2022.11.30-20.23.19:098][  0]LogD3D11RHI: Adapter has 6052MB of dedicated video memory, 0MB of dedicated system memory, and 4074MB of shared system memory, 1 output[s]
[2022.11.30-20.23.19:103][  0]LogD3D11RHI: Found D3D11 adapter 1: Microsoft Basic Render Driver (Feature Level 11_0)
[2022.11.30-20.23.19:103][  0]LogD3D11RHI: Adapter has 0MB of dedicated video memory, 0MB of dedicated system memory, and 4074MB of shared system memory, 0 output[s]
[2022.11.30-20.23.19:103][  0]LogD3D11RHI: Chosen D3D11 Adapter Id = 0
[2022.11.30-20.23.19:112][  0]LogD3D11RHI: !Direct3DDevice
[2022.11.30-20.23.19:112][  0]LogRHI: Texture pool is 1361 MB (70% of 1945 MB)
[2022.11.30-20.23.19:229][  0]LogD3D11RHI: Async texture creation enabled
[2022.11.30-20.23.19:245][  0]LogShaderCompilers: Guid format shader working directory is 16 characters bigger than the processId version (../../../../Hivemind/Hivemind/Intermediate/Shaders/WorkingDirectory/5876/).
[2022.11.30-20.23.19:245][  0]LogShaderCompilers: Cleaned the shader compiler working directory 'C:/Users/Adit/AppData/Local/Temp/UnrealShaderWorkingDir/D547FD244747C4EB8B075B91CE111598/'.
[2022.11.30-20.23.19:245][  0]LogShaderCompilers:Display: Using Local Shader Compiler.
[2022.11.30-20.23.22:070][  0]LogTemp:Display: Loaded TP AllDesktopTargetPlatform
[2022.11.30-20.23.22:077][  0]LogTemp:Display: Loaded TP WindowsClientTargetPlatform
[2022.11.30-20.23.22:085][  0]LogTemp:Display: Loaded TP WindowsNoEditorTargetPlatform
[2022.11.30-20.23.22:093][  0]LogTemp:Display: Loaded TP WindowsServerTargetPlatform
[2022.11.30-20.23.22:101][  0]LogTemp:Display: Loaded TP WindowsTargetPlatform
[2022.11.30-20.23.22:108][  0]LogTemp:Display: Loaded TP AndroidTargetPlatform
[2022.11.30-20.23.22:113][  0]LogTemp:Display: Loaded TP Android_ASTCTargetPlatform
[2022.11.30-20.23.22:123][  0]LogTemp:Display: Loaded TP Android_ATCTargetPlatform
[2022.11.30-20.23.22:129][  0]LogTemp:Display: Loaded TP Android_DXTTargetPlatform
[2022.11.30-20.23.22:137][  0]LogTemp:Display: Loaded TP Android_ETC1TargetPlatform
[2022.11.30-20.23.22:144][  0]LogTemp:Display: Loaded TP Android_ETC2TargetPlatform
[2022.11.30-20.23.22:168][  0]LogTemp:Display: Loaded TP Android_MultiTargetPlatform
[2022.11.30-20.23.22:168][  0]LogTemp:Display: Loaded TP Android_PVRTCTargetPlatform
[2022.11.30-20.23.22:171][  0]LogTemp:Display: Loaded TP HTML5TargetPlatform
[2022.11.30-20.23.22:213][  0]LogTemp:Display: Loaded TP IOSTargetPlatform
[2022.11.30-20.23.22:222][  0]LogTemp:Display: Loaded TP LinuxNoEditorTargetPlatform
[2022.11.30-20.23.22:229][  0]LogTemp:Display: Loaded TP LinuxServerTargetPlatform
[2022.11.30-20.23.22:239][  0]LogTemp:Display: Loaded TP LinuxTargetPlatform
[2022.11.30-20.23.22:239][  0]LogTargetPlatformManager:Display: Building Assets For Windows
[2022.11.30-20.23.22:472][  0]LogDerivedDataCache:Display: Max Cache Size: 512 MB
[2022.11.30-20.23.22:612][  0]LogDerivedDataCache: Loaded boot cache 0.14s 41MB C:/Users/Adit/AppData/Local/UnrealEngine/4.10/DerivedDataCache/Boot.ddc.
[2022.11.30-20.23.22:612][  0]LogDerivedDataCache:Display: Loaded Boot cache: C:/Users/Adit/AppData/Local/UnrealEngine/4.10/DerivedDataCache/Boot.ddc
[2022.11.30-20.23.22:612][  0]LogDerivedDataCache: FDerivedDataBackendGraph:  Pak pak cache file ../../../../Hivemind/Hivemind/DerivedDataCache/DDC.ddp not found, will not use a pak cache.
[2022.11.30-20.23.22:612][  0]LogDerivedDataCache: Unable to find inner node Pak for hierarchical cache Hierarchy.
[2022.11.30-20.23.22:612][  0]LogDerivedDataCache: FDerivedDataBackendGraph:  CompressedPak pak cache file ../../../../Hivemind/Hivemind/DerivedDataCache/Compressed.ddp not found, will not use a pak cache.
[2022.11.30-20.23.22:612][  0]LogDerivedDataCache: Unable to find inner node CompressedPak for hierarchical cache Hierarchy.
[2022.11.30-20.23.22:749][  0]LogDerivedDataCache:Display: Pak cache opened for reading ../../../Engine/DerivedDataCache/Compressed.ddp.
[2022.11.30-20.23.22:765][  0]LogDerivedDataCache: Using Local data cache path C:/Users/Adit/AppData/Local/UnrealEngine/Common/DerivedDataCache: Writable
[2022.11.30-20.23.23:140][  0]LogInit: Selected Device Profile: [Windows]
[2022.11.30-20.23.23:173][  0]LogContentStreaming: Texture pool size is 1000.000000MB
[2022.11.30-20.23.23:375][  0]LogMeshUtilities: No automatic mesh reduction module available
[2022.11.30-20.23.23:375][  0]LogMeshUtilities: No automatic mesh merging module available
[2022.11.30-20.23.23:784][  0]LogInit: WinSock: version 1.1 (2.2), MaxSocks=32767, MaxUdp=65467
[2022.11.30-20.23.24:259][  0]LogWindowsMoviePlayer: Unable to load movie: ../../../../Hivemind/Hivemind/Content/Movies/Default_Startup.mp4
[2022.11.30-20.23.24:437][  0]SourceControl: Info Source control is disabled
[2022.11.30-20.23.24:437][  0]SourceControl: Info Source control is disabled
[2022.11.30-20.23.24:462][  0]SourceControl: Info Source control is disabled
[2022.11.30-20.23.24:928][  0]LogObj: 27935 objects as part of root set at end of initial load.
[2022.11.30-20.23.24:928][  0]LogUObjectAllocator: 5830064 out of 0 bytes used by permanent object pool.
[2022.11.30-20.23.25:034][  0]LogEngine: Initializing Engine...
[2022.11.30-20.23.25:039][  0]LogHMD: Can't find Oculus library dev build: is proper Runtime installed? Version: 0.8.0.0
[2022.11.30-20.23.25:057][  0]LogHMD: SteamVR failed to initialize.  Err: 110
[2022.11.30-20.23.25:280][  0]LogInit: XAudio2 using 'Headphones (Bose QC45 Stereo)' : 2 channels at 44.1 kHz using 16 bits per sample (channel mask 0x3)
[2022.11.30-20.23.25:310][  0]LogInit: FAudioDevice initialized.
[2022.11.30-20.23.25:318][  0]LogInit: Texture streaming: Enabled
[2022.11.30-20.23.25:575][  0]LogNet: Browse: /Temp/Autosaves/Game/Scenes/UEDPCScene01?Name=Player
[2022.11.30-20.23.25:575][  0]LogLoad: LoadMap: /Temp/Autosaves/Game/Scenes/UEDPCScene01?Name=Player
[2022.11.30-20.23.25:606][  0]LogParticles: Destroying 0 GPU particle simulations for FXSystem 0x000001D568BE9D00
[2022.11.30-20.23.25:725][  0]LogMemory: Platform Memory Stats for Windows
[2022.11.30-20.23.25:725][  0]LogMemory: Process Physical Memory: 409.45 MB used, 409.46 MB peak
[2022.11.30-20.23.25:725][  0]LogMemory: Process Virtual Memory: 463.01 MB used, 463.01 MB peak
[2022.11.30-20.23.25:725][  0]LogMemory: Physical Memory: 4847.99 MB used, 8149.86 MB total
[2022.11.30-20.23.25:725][  0]LogMemory: Virtual Memory: 5188.19 MB used, 134217728.00 MB total
[2022.11.30-20.23.25:732][  0]LogMemory: 
[2022.11.30-20.23.25:732][  0]Allocator Stats for TBB: (not implemented)
[2022.11.30-20.23.26:056][  0]LogAIModule: Creating AISystem for world Scene01
[2022.11.30-20.23.26:056][  0]LogWorld: Game class is 'GameMode'
[2022.11.30-20.23.26:076][  0]LogWorld: Bringing World /Temp/Autosaves/Game/Scenes/UEDPCScene01.Scene01 up for play (max tick rate 0) at 2022.11.30-20.23.26
[2022.11.30-20.23.26:076][  0]LogWorld: Bringing up level for play took: 0.018273
[2022.11.30-20.23.26:077][  0]LogGameMode: Warning - PATHS NOT DEFINED or NO PLAYERSTART with positive rating
[2022.11.30-20.23.26:114][  0]LogInit:Display: Game Engine Initialized.
[2022.11.30-20.23.26:347][  0]LogLoad: Full Startup: 8.84 seconds (BP compile: 0.05 seconds)
[2022.11.30-20.23.26:401][  0]LogOcInput: Can't find Oculus library dev build: is proper Runtime installed? Version: 0.8.0.0
[2022.11.30-20.23.26:649][  2]LogRenderer: Reallocating scene render targets to support 1280x720 (Frame:2).
[2022.11.30-20.23.42:196][923]LogWindowsTextInputMethodSystem:Display: IME system now deactivated.
[2022.11.30-20.23.42:201][923]LogEngine: All Windows Closed
[2022.11.30-20.23.42:201][923]LogWindows: FPlatformMisc::RequestExit(0)
[2022.11.30-20.23.43:071][924]LogExit: Preparing to exit.
[2022.11.30-20.23.43:152][924]LogExit: Game engine shut down
[2022.11.30-20.23.43:154][924]LogParticles: Destroying 0 GPU particle simulations for FXSystem 0x000001D55D0A44A0
[2022.11.30-20.23.43:362][924]LogExit: Object subsystem successfully closed.
[2022.11.30-20.23.43:379][924]LogD3D11RHI: Shutdown
[2022.11.30-20.23.43:379][924]LogD3D11RHI: CleanupD3DDevice
[2022.11.30-20.23.43:469][924]LogD3D11RHI: ~FD3D11DynamicRHI
[2022.11.30-20.23.43:508][924]LogModuleManager: Shutting down and abandoning module AndroidDeviceDetection (117)
[2022.11.30-20.23.44:451][924]LogModuleManager: Shutting down and abandoning module AutomationController (116)
[2022.11.30-20.23.44:451][924]LogModuleManager: Shutting down and abandoning module AutomationWorker (115)
[2022.11.30-20.23.44:451][924]LogModuleManager: Shutting down and abandoning module CharacterAI (114)
[2022.11.30-20.23.44:451][924]LogModuleManager: Shutting down and abandoning module AITestSuite (113)
[2022.11.30-20.23.44:451][924]LogModuleManager: Shutting down and abandoning module GameplayDebugger (112)
[2022.11.30-20.23.44:451][924]LogModuleManager: Shutting down and abandoning module AIModule (111)
[2022.11.30-20.23.44:451][924]LogModuleManager: Shutting down and abandoning module MovieSceneCapture (110)
[2022.11.30-20.23.44:451][924]LogModuleManager: Shutting down and abandoning module GameLiveStreaming (109)
[2022.11.30-20.23.44:451][924]LogModuleManager: Shutting down and abandoning module StreamingPauseRendering (108)
[2022.11.30-20.23.44:451][924]LogModuleManager: Shutting down and abandoning module ProfilerService (107)
[2022.11.30-20.23.44:522][924]LogModuleManager: Shutting down and abandoning module TaskGraph (106)
[2022.11.30-20.23.44:522][924]LogModuleManager: Shutting down and abandoning module SlateRemote (105)
[2022.11.30-20.23.44:522][924]LogModuleManager: Shutting down and abandoning module SteamVRController (104)
[2022.11.30-20.23.44:522][924]LogModuleManager: Shutting down and abandoning module SteamVR (103)
[2022.11.30-20.23.44:522][924]LogModuleManager: Shutting down and abandoning module ProceduralMeshComponent (102)
[2022.11.30-20.23.44:522][924]LogModuleManager: Shutting down and abandoning module OculusLibrary (101)
[2022.11.30-20.23.44:522][924]LogModuleManager: Shutting down and abandoning module OculusInput (100)
[2022.11.30-20.23.44:522][924]LogModuleManager: Shutting down and abandoning module LeapMotionController (99)
[2022.11.30-20.23.44:646][924]LogModuleManager: Shutting down and abandoning module CustomMeshComponent (98)
[2022.11.30-20.23.44:646][924]LogModuleManager: Shutting down and abandoning module CableComponent (97)
[2022.11.30-20.23.44:646][924]LogModuleManager: Shutting down and abandoning module ArchVisCharacter (96)
[2022.11.30-20.23.44:646][924]LogModuleManager: Shutting down and abandoning module HTML5Networking (95)
[2022.11.30-20.23.44:646][924]LogModuleManager: Shutting down and abandoning module DesktopPlatform (94)
[2022.11.30-20.23.44:646][924]LogModuleManager: Shutting down and abandoning module DirectoryWatcher (93)
[2022.11.30-20.23.44:646][924]LogModuleManager: Shutting down and abandoning module HotReload (92)
[2022.11.30-20.23.44:646][924]LogModuleManager: Shutting down and abandoning module VisualStudioSourceCodeAccess (91)
[2022.11.30-20.23.44:646][924]LogModuleManager: Shutting down and abandoning module UObjectPlugin (90)
[2022.11.30-20.23.44:646][924]LogModuleManager: Shutting down and abandoning module SubversionSourceControl (89)
[2022.11.30-20.23.44:646][924]LogModuleManager: Shutting down and abandoning module SourceControl (88)
[2022.11.30-20.23.44:646][924]LogModuleManager: Shutting down and abandoning module PerforceSourceControl (87)
[2022.11.30-20.23.44:646][924]LogModuleManager: Shutting down and abandoning module UdpMessaging (86)
[2022.11.30-20.23.44:646][924]LogModuleManager: Shutting down and abandoning module LightPropagationVolumeRuntime (85)
[2022.11.30-20.23.44:646][924]LogModuleManager: Shutting down and abandoning module Paper2D (84)
[2022.11.30-20.23.44:646][924]LogModuleManager: Shutting down and abandoning module WindowsMoviePlayer (83)
[2022.11.30-20.23.44:652][924]LogModuleManager: Shutting down and abandoning module Media (82)
[2022.11.30-20.23.44:652][924]LogModuleManager: Shutting down and abandoning module WmfMedia (81)
[2022.11.30-20.23.44:658][924]LogModuleManager: Shutting down and abandoning module OnlineBlueprintSupport (80)
[2022.11.30-20.23.44:658][924]LogModuleManager: Shutting down and abandoning module GameplayTasksEditor (79)
[2022.11.30-20.23.44:658][924]LogModuleManager: Shutting down and abandoning module PropertyEditor (78)
[2022.11.30-20.23.44:658][924]LogModuleManager: Shutting down and abandoning module BehaviorTreeEditor (77)
[2022.11.30-20.23.44:658][924]LogModuleManager: Shutting down and abandoning module FunctionalTesting (76)
[2022.11.30-20.23.44:658][924]LogModuleManager: Shutting down and abandoning module CollisionAnalyzer (75)
[2022.11.30-20.23.44:658][924]LogModuleManager: Shutting down and abandoning module WorkspaceMenuStructure (74)
[2022.11.30-20.23.44:658][924]LogModuleManager: Shutting down and abandoning module MessageLog (73)
[2022.11.30-20.23.44:658][924]LogModuleManager: Shutting down and abandoning module Sequencer (72)
[2022.11.30-20.23.44:658][924]LogModuleManager: Shutting down and abandoning module AssetTools (71)
[2022.11.30-20.23.44:658][924]LogModuleManager: Shutting down and abandoning module UMGEditor (70)
[2022.11.30-20.23.44:658][924]LogModuleManager: Shutting down and abandoning module UMG (69)
[2022.11.30-20.23.44:658][924]LogModuleManager: Shutting down and abandoning module Slate (68)
[2022.11.30-20.23.44:658][924]LogModuleManager: Shutting down and abandoning module EditorStyle (67)
[2022.11.30-20.23.44:661][924]LogModuleManager: Shutting down and abandoning module SessionServices (66)
[2022.11.30-20.23.44:661][924]LogModuleManager: Shutting down and abandoning module SourceCodeAccess (65)
[2022.11.30-20.23.44:661][924]LogModuleManager: Shutting down and abandoning module HeadMountedDisplay (64)
[2022.11.30-20.23.44:661][924]LogModuleManager: Shutting down and abandoning module XAudio2 (63)
[2022.11.30-20.23.44:661][924]LogModuleManager: Shutting down and abandoning module Networking (61)
[2022.11.30-20.23.44:661][924]LogModuleManager: Shutting down and abandoning module Core (60)
[2022.11.30-20.23.44:661][924]LogModuleManager: Shutting down and abandoning module KismetCompiler (59)
[2022.11.30-20.23.44:661][924]LogModuleManager: Shutting down and abandoning module PhysXFormats (58)
[2022.11.30-20.23.44:661][924]LogModuleManager: Shutting down and abandoning module MeshUtilities (57)
[2022.11.30-20.23.44:661][924]LogModuleManager: Shutting down and abandoning module DerivedDataCache (56)
[2022.11.30-20.23.44:944][924]LogDerivedDataCache: Shutdown
[2022.11.30-20.23.44:944][924]LogModuleManager: Shutting down and abandoning module ShaderFormatOpenGL (55)
[2022.11.30-20.23.44:944][924]LogModuleManager: Shutting down and abandoning module ShaderFormatD3D (54)
[2022.11.30-20.23.44:944][924]LogModuleManager: Shutting down and abandoning module MetalShaderFormat (53)
[2022.11.30-20.23.44:944][924]LogModuleManager: Shutting down and abandoning module TextureFormatUncompressed (52)
[2022.11.30-20.23.44:944][924]LogModuleManager: Shutting down and abandoning module TextureFormatPVR (51)
[2022.11.30-20.23.44:944][924]LogModuleManager: Shutting down and abandoning module TextureFormatIntelISPCTexComp (50)
[2022.11.30-20.23.44:944][924]LogModuleManager: Shutting down and abandoning module TextureFormatDXT (49)
[2022.11.30-20.23.44:944][924]LogModuleManager: Shutting down and abandoning module ImageWrapper (48)
[2022.11.30-20.23.44:944][924]LogModuleManager: Shutting down and abandoning module TextureFormatASTC (47)
[2022.11.30-20.23.44:944][924]LogModuleManager: Shutting down and abandoning module TextureFormatAndroid (46)
[2022.11.30-20.23.44:944][924]LogModuleManager: Shutting down and abandoning module AudioFormatOpus (45)
[2022.11.30-20.23.44:944][924]LogModuleManager: Shutting down and abandoning module AudioFormatOgg (44)
[2022.11.30-20.23.44:944][924]LogModuleManager: Shutting down and abandoning module AudioFormatADPCM (43)
[2022.11.30-20.23.44:947][924]LogModuleManager: Shutting down and abandoning module LinuxTargetPlatform (42)
[2022.11.30-20.23.44:954][924]LogModuleManager: Shutting down and abandoning module LinuxServerTargetPlatform (41)
[2022.11.30-20.23.44:954][924]LogModuleManager: Shutting down and abandoning module LinuxNoEditorTargetPlatform (40)
[2022.11.30-20.23.44:954][924]LogModuleManager: Shutting down and abandoning module Messaging (39)
[2022.11.30-20.23.44:954][924]LogModuleManager: Shutting down and abandoning module IOSTargetPlatform (38)
[2022.11.30-20.23.44:955][924]LogModuleManager: Shutting down and abandoning module HTML5TargetPlatform (37)
[2022.11.30-20.23.44:955][924]LogModuleManager: Shutting down and abandoning module Android_PVRTCTargetPlatform (36)
[2022.11.30-20.23.44:955][924]LogModuleManager: Shutting down and abandoning module Android_MultiTargetPlatform (35)
[2022.11.30-20.23.44:955][924]LogModuleManager: Shutting down and abandoning module Android_ETC2TargetPlatform (34)
[2022.11.30-20.23.44:955][924]LogModuleManager: Shutting down and abandoning module Android_ETC1TargetPlatform (33)
[2022.11.30-20.23.44:955][924]LogModuleManager: Shutting down and abandoning module Android_DXTTargetPlatform (32)
[2022.11.30-20.23.44:955][924]LogModuleManager: Shutting down and abandoning module Android_ATCTargetPlatform (31)
[2022.11.30-20.23.44:955][924]LogModuleManager: Shutting down and abandoning module Android_ASTCTargetPlatform (30)
[2022.11.30-20.23.44:955][924]LogModuleManager: Shutting down and abandoning module AndroidTargetPlatform (29)
[2022.11.30-20.23.44:955][924]LogModuleManager: Shutting down and abandoning module WindowsTargetPlatform (28)
[2022.11.30-20.23.44:955][924]LogModuleManager: Shutting down and abandoning module WindowsServerTargetPlatform (27)
[2022.11.30-20.23.44:955][924]LogModuleManager: Shutting down and abandoning module WindowsNoEditorTargetPlatform (26)
[2022.11.30-20.23.44:955][924]LogModuleManager: Shutting down and abandoning module WindowsClientTargetPlatform (25)
[2022.11.30-20.23.44:955][924]LogModuleManager: Shutting down and abandoning module AllDesktopTargetPlatform (24)
[2022.11.30-20.23.44:955][924]LogModuleManager: Shutting down and abandoning module TargetPlatform (23)
[2022.11.30-20.23.44:955][924]LogModuleManager: Shutting down and abandoning module InputCore (22)
[2022.11.30-20.23.44:955][924]LogModuleManager: Shutting down and abandoning module Settings (21)
[2022.11.30-20.23.44:955][924]LogModuleManager: Shutting down and abandoning module OnlineSubsystem (19)
[2022.11.30-20.23.44:955][924]LogModuleManager: Shutting down and abandoning module HTTP (18)
[2022.11.30-20.23.44:956][924]LogModuleManager: Shutting down and abandoning module XMPP (17)
[2022.11.30-20.23.44:956][924]LogModuleManager: Shutting down and abandoning module OculusRift (16)
[2022.11.30-20.23.44:956][924]LogModuleManager: Shutting down and abandoning module ExampleDeviceProfileSelector (15)
[2022.11.30-20.23.44:956][924]LogModuleManager: Shutting down and abandoning module TextureCompressor (14)
[2022.11.30-20.23.44:956][924]LogModuleManager: Shutting down and abandoning module ShaderCore (13)
[2022.11.30-20.23.44:956][924]LogModuleManager: Shutting down and abandoning module Landscape (12)
[2022.11.30-20.23.44:956][924]LogModuleManager: Shutting down and abandoning module SlateRHIRenderer (11)
[2022.11.30-20.23.44:956][924]LogModuleManager: Shutting down and abandoning module OpenGLDrv (10)
[2022.11.30-20.23.44:956][924]LogModuleManager: Shutting down and abandoning module D3D11RHI (9)
[2022.11.30-20.23.44:956][924]LogModuleManager: Shutting down and abandoning module AnimGraphRuntime (8)
[2022.11.30-20.23.44:956][924]LogModuleManager: Shutting down and abandoning module Renderer (7)
[2022.11.30-20.23.44:956][924]LogModuleManager: Shutting down and abandoning module Engine (6)
[2022.11.30-20.23.44:956][924]LogModuleManager: Shutting down and abandoning module CoreUObject (5)
[2022.11.30-20.23.44:956][924]LogModuleManager: Shutting down and abandoning module NetworkFile (4)
[2022.11.30-20.23.44:956][924]LogModuleManager: Shutting down and abandoning module StreamingFile (3)
[2022.11.30-20.23.44:956][924]LogModuleManager: Shutting down and abandoning module SandboxFile (2)
[2022.11.30-20.23.44:956][924]LogModuleManager: Shutting down and abandoning module PakFile (1)
[2022.11.30-20.23.44:964][924]LogExit: Exiting.
[2022.11.30-20.23.44:967][924]Log file closed, 11/30/22 20:23:44
